{"/Users/sergio/Desktop/software_eng_2/main_project/se2-kiruna-explorer-19/server/src/controllers/coordinate.controllers.ts": {"path":"/Users/sergio/Desktop/software_eng_2/main_project/se2-kiruna-explorer-19/server/src/controllers/coordinate.controllers.ts","statementMap":{"0":{"start":{"line":2,"column":0},"end":{"line":2,"column":null}},"1":{"start":{"line":9,"column":0},"end":{"line":9,"column":49}},"2":{"start":{"line":10,"column":0},"end":{"line":10,"column":46}},"3":{"start":{"line":74,"column":29},"end":{"line":88,"column":2}},"4":{"start":{"line":78,"column":19},"end":{"line":88,"column":2}},"5":{"start":{"line":79,"column":2},"end":{"line":87,"column":3}},"6":{"start":{"line":80,"column":26},"end":{"line":80,"column":62}},"7":{"start":{"line":81,"column":4},"end":{"line":84,"column":7}},"8":{"start":{"line":86,"column":4},"end":{"line":86,"column":56}},"9":{"start":{"line":74,"column":13},"end":{"line":74,"column":29}},"10":{"start":{"line":108,"column":43},"end":{"line":119,"column":2}},"11":{"start":{"line":112,"column":19},"end":{"line":119,"column":2}},"12":{"start":{"line":113,"column":2},"end":{"line":118,"column":3}},"13":{"start":{"line":114,"column":24},"end":{"line":114,"column":49}},"14":{"start":{"line":115,"column":4},"end":{"line":115,"column":38}},"15":{"start":{"line":117,"column":4},"end":{"line":117,"column":16}},"16":{"start":{"line":108,"column":13},"end":{"line":108,"column":43}},"17":{"start":{"line":146,"column":43},"end":{"line":162,"column":2}},"18":{"start":{"line":150,"column":19},"end":{"line":162,"column":2}},"19":{"start":{"line":151,"column":2},"end":{"line":161,"column":3}},"20":{"start":{"line":152,"column":19},"end":{"line":152,"column":29}},"21":{"start":{"line":153,"column":23},"end":{"line":153,"column":50}},"22":{"start":{"line":154,"column":4},"end":{"line":157,"column":5}},"23":{"start":{"line":156,"column":6},"end":{"line":156,"column":39}},"24":{"start":{"line":158,"column":4},"end":{"line":158,"column":37}},"25":{"start":{"line":160,"column":4},"end":{"line":160,"column":56}},"26":{"start":{"line":146,"column":13},"end":{"line":146,"column":43}},"27":{"start":{"line":165,"column":13},"end":{"line":165,"column":42}},"28":{"start":{"line":179,"column":46},"end":{"line":194,"column":2}},"29":{"start":{"line":183,"column":19},"end":{"line":194,"column":2}},"30":{"start":{"line":184,"column":2},"end":{"line":193,"column":3}},"31":{"start":{"line":185,"column":19},"end":{"line":185,"column":29}},"32":{"start":{"line":187,"column":4},"end":{"line":187,"column":35}},"33":{"start":{"line":190,"column":4},"end":{"line":190,"column":73}},"34":{"start":{"line":192,"column":4},"end":{"line":192,"column":16}},"35":{"start":{"line":179,"column":13},"end":{"line":179,"column":46}}},"fnMap":{"0":{"name":"(anonymous_7)","decl":{"start":{"line":74,"column":29},"end":{"line":74,"column":null}},"loc":{"start":{"line":78,"column":19},"end":{"line":88,"column":2}}},"1":{"name":"(anonymous_8)","decl":{"start":{"line":78,"column":19},"end":{"line":78,"column":null}},"loc":{"start":{"line":78,"column":19},"end":{"line":88,"column":1}}},"2":{"name":"(anonymous_9)","decl":{"start":{"line":108,"column":43},"end":{"line":108,"column":null}},"loc":{"start":{"line":112,"column":19},"end":{"line":119,"column":2}}},"3":{"name":"(anonymous_10)","decl":{"start":{"line":112,"column":19},"end":{"line":112,"column":null}},"loc":{"start":{"line":112,"column":19},"end":{"line":119,"column":1}}},"4":{"name":"(anonymous_11)","decl":{"start":{"line":146,"column":43},"end":{"line":146,"column":null}},"loc":{"start":{"line":150,"column":19},"end":{"line":162,"column":2}}},"5":{"name":"(anonymous_12)","decl":{"start":{"line":150,"column":19},"end":{"line":150,"column":null}},"loc":{"start":{"line":150,"column":19},"end":{"line":162,"column":1}}},"6":{"name":"(anonymous_13)","decl":{"start":{"line":179,"column":46},"end":{"line":179,"column":null}},"loc":{"start":{"line":183,"column":19},"end":{"line":194,"column":2}}},"7":{"name":"(anonymous_14)","decl":{"start":{"line":183,"column":19},"end":{"line":183,"column":null}},"loc":{"start":{"line":183,"column":19},"end":{"line":194,"column":1}}}},"branchMap":{"0":{"loc":{"start":{"line":154,"column":4},"end":{"line":157,"column":5}},"type":"if","locations":[{"start":{"line":154,"column":4},"end":{"line":157,"column":5}}]}},"s":{"0":1,"1":1,"2":1,"3":1,"4":2,"5":2,"6":2,"7":1,"8":1,"9":1,"10":1,"11":2,"12":2,"13":2,"14":1,"15":1,"16":1,"17":1,"18":3,"19":3,"20":3,"21":2,"22":2,"23":1,"24":1,"25":1,"26":1,"27":1,"28":1,"29":2,"30":2,"31":2,"32":2,"33":1,"34":1,"35":1},"f":{"0":2,"1":2,"2":2,"3":2,"4":3,"5":3,"6":2,"7":2},"b":{"0":[1]}}
,"/Users/sergio/Desktop/software_eng_2/main_project/se2-kiruna-explorer-19/server/src/controllers/document.controllers.ts": {"path":"/Users/sergio/Desktop/software_eng_2/main_project/se2-kiruna-explorer-19/server/src/controllers/document.controllers.ts","statementMap":{"0":{"start":{"line":2,"column":0},"end":{"line":2,"column":null}},"1":{"start":{"line":14,"column":0},"end":{"line":14,"column":49}},"2":{"start":{"line":115,"column":37},"end":{"line":126,"column":2}},"3":{"start":{"line":119,"column":19},"end":{"line":126,"column":2}},"4":{"start":{"line":120,"column":2},"end":{"line":125,"column":3}},"5":{"start":{"line":121,"column":24},"end":{"line":121,"column":67}},"6":{"start":{"line":122,"column":4},"end":{"line":122,"column":38}},"7":{"start":{"line":124,"column":4},"end":{"line":124,"column":16}},"8":{"start":{"line":115,"column":13},"end":{"line":115,"column":37}},"9":{"start":{"line":144,"column":41},"end":{"line":155,"column":2}},"10":{"start":{"line":148,"column":19},"end":{"line":155,"column":2}},"11":{"start":{"line":149,"column":2},"end":{"line":154,"column":3}},"12":{"start":{"line":150,"column":43},"end":{"line":150,"column":66}},"13":{"start":{"line":151,"column":4},"end":{"line":151,"column":36}},"14":{"start":{"line":153,"column":4},"end":{"line":153,"column":16}},"15":{"start":{"line":144,"column":13},"end":{"line":144,"column":41}},"16":{"start":{"line":180,"column":41},"end":{"line":194,"column":2}},"17":{"start":{"line":184,"column":19},"end":{"line":194,"column":2}},"18":{"start":{"line":185,"column":2},"end":{"line":193,"column":3}},"19":{"start":{"line":186,"column":21},"end":{"line":186,"column":57}},"20":{"start":{"line":187,"column":4},"end":{"line":189,"column":5}},"21":{"start":{"line":188,"column":6},"end":{"line":188,"column":35}},"22":{"start":{"line":190,"column":4},"end":{"line":190,"column":35}},"23":{"start":{"line":192,"column":4},"end":{"line":192,"column":16}},"24":{"start":{"line":180,"column":13},"end":{"line":180,"column":41}},"25":{"start":{"line":225,"column":40},"end":{"line":239,"column":2}},"26":{"start":{"line":229,"column":19},"end":{"line":239,"column":2}},"27":{"start":{"line":230,"column":2},"end":{"line":238,"column":3}},"28":{"start":{"line":231,"column":28},"end":{"line":231,"column":75}},"29":{"start":{"line":232,"column":4},"end":{"line":234,"column":5}},"30":{"start":{"line":233,"column":6},"end":{"line":233,"column":35}},"31":{"start":{"line":235,"column":4},"end":{"line":235,"column":42}},"32":{"start":{"line":237,"column":4},"end":{"line":237,"column":16}},"33":{"start":{"line":225,"column":13},"end":{"line":225,"column":40}},"34":{"start":{"line":241,"column":42},"end":{"line":252,"column":2}},"35":{"start":{"line":245,"column":19},"end":{"line":252,"column":2}},"36":{"start":{"line":246,"column":2},"end":{"line":251,"column":3}},"37":{"start":{"line":247,"column":21},"end":{"line":247,"column":45}},"38":{"start":{"line":248,"column":4},"end":{"line":248,"column":35}},"39":{"start":{"line":250,"column":4},"end":{"line":250,"column":16}},"40":{"start":{"line":241,"column":13},"end":{"line":241,"column":42}},"41":{"start":{"line":337,"column":44},"end":{"line":350,"column":2}},"42":{"start":{"line":341,"column":19},"end":{"line":350,"column":2}},"43":{"start":{"line":342,"column":19},"end":{"line":342,"column":29}},"44":{"start":{"line":343,"column":2},"end":{"line":349,"column":3}},"45":{"start":{"line":344,"column":22},"end":{"line":344,"column":51}},"46":{"start":{"line":346,"column":4},"end":{"line":346,"column":40}},"47":{"start":{"line":348,"column":4},"end":{"line":348,"column":16}},"48":{"start":{"line":337,"column":13},"end":{"line":337,"column":44}},"49":{"start":{"line":353,"column":13},"end":{"line":353,"column":40}},"50":{"start":{"line":448,"column":41},"end":{"line":465,"column":2}},"51":{"start":{"line":452,"column":19},"end":{"line":465,"column":2}},"52":{"start":{"line":453,"column":2},"end":{"line":464,"column":3}},"53":{"start":{"line":455,"column":29},"end":{"line":455,"column":31}},"54":{"start":{"line":456,"column":4},"end":{"line":458,"column":5}},"55":{"start":{"line":457,"column":6},"end":{"line":457,"column":58}},"56":{"start":{"line":459,"column":22},"end":{"line":459,"column":63}},"57":{"start":{"line":461,"column":4},"end":{"line":461,"column":36}},"58":{"start":{"line":463,"column":4},"end":{"line":463,"column":16}},"59":{"start":{"line":448,"column":13},"end":{"line":448,"column":41}}},"fnMap":{"0":{"name":"(anonymous_7)","decl":{"start":{"line":115,"column":37},"end":{"line":115,"column":null}},"loc":{"start":{"line":119,"column":19},"end":{"line":126,"column":2}}},"1":{"name":"(anonymous_8)","decl":{"start":{"line":119,"column":19},"end":{"line":119,"column":null}},"loc":{"start":{"line":119,"column":19},"end":{"line":126,"column":1}}},"2":{"name":"(anonymous_9)","decl":{"start":{"line":144,"column":41},"end":{"line":144,"column":null}},"loc":{"start":{"line":148,"column":19},"end":{"line":155,"column":2}}},"3":{"name":"(anonymous_10)","decl":{"start":{"line":148,"column":19},"end":{"line":148,"column":null}},"loc":{"start":{"line":148,"column":19},"end":{"line":155,"column":1}}},"4":{"name":"(anonymous_11)","decl":{"start":{"line":180,"column":41},"end":{"line":180,"column":null}},"loc":{"start":{"line":184,"column":19},"end":{"line":194,"column":2}}},"5":{"name":"(anonymous_12)","decl":{"start":{"line":184,"column":19},"end":{"line":184,"column":null}},"loc":{"start":{"line":184,"column":19},"end":{"line":194,"column":1}}},"6":{"name":"(anonymous_13)","decl":{"start":{"line":225,"column":40},"end":{"line":225,"column":null}},"loc":{"start":{"line":229,"column":19},"end":{"line":239,"column":2}}},"7":{"name":"(anonymous_14)","decl":{"start":{"line":229,"column":19},"end":{"line":229,"column":null}},"loc":{"start":{"line":229,"column":19},"end":{"line":239,"column":1}}},"8":{"name":"(anonymous_15)","decl":{"start":{"line":241,"column":42},"end":{"line":241,"column":null}},"loc":{"start":{"line":245,"column":19},"end":{"line":252,"column":2}}},"9":{"name":"(anonymous_16)","decl":{"start":{"line":245,"column":19},"end":{"line":245,"column":null}},"loc":{"start":{"line":245,"column":19},"end":{"line":252,"column":1}}},"10":{"name":"(anonymous_17)","decl":{"start":{"line":337,"column":44},"end":{"line":337,"column":null}},"loc":{"start":{"line":341,"column":19},"end":{"line":350,"column":2}}},"11":{"name":"(anonymous_18)","decl":{"start":{"line":341,"column":19},"end":{"line":341,"column":null}},"loc":{"start":{"line":341,"column":19},"end":{"line":350,"column":1}}},"12":{"name":"(anonymous_19)","decl":{"start":{"line":448,"column":41},"end":{"line":448,"column":null}},"loc":{"start":{"line":452,"column":19},"end":{"line":465,"column":2}}},"13":{"name":"(anonymous_20)","decl":{"start":{"line":452,"column":19},"end":{"line":452,"column":null}},"loc":{"start":{"line":452,"column":19},"end":{"line":465,"column":1}}}},"branchMap":{"0":{"loc":{"start":{"line":187,"column":4},"end":{"line":189,"column":5}},"type":"if","locations":[{"start":{"line":187,"column":4},"end":{"line":189,"column":5}}]},"1":{"loc":{"start":{"line":232,"column":4},"end":{"line":234,"column":5}},"type":"if","locations":[{"start":{"line":232,"column":4},"end":{"line":234,"column":5}}]},"2":{"loc":{"start":{"line":456,"column":4},"end":{"line":458,"column":5}},"type":"if","locations":[{"start":{"line":456,"column":4},"end":{"line":458,"column":5}}]}},"s":{"0":1,"1":1,"2":1,"3":2,"4":2,"5":2,"6":1,"7":1,"8":1,"9":1,"10":2,"11":2,"12":2,"13":1,"14":1,"15":1,"16":1,"17":3,"18":3,"19":3,"20":2,"21":1,"22":1,"23":2,"24":1,"25":1,"26":3,"27":3,"28":3,"29":2,"30":1,"31":1,"32":2,"33":1,"34":1,"35":2,"36":2,"37":2,"38":1,"39":1,"40":1,"41":1,"42":3,"43":3,"44":3,"45":3,"46":1,"47":2,"48":1,"49":1,"50":1,"51":2,"52":2,"53":2,"54":2,"55":2,"56":1,"57":1,"58":1,"59":1},"f":{"0":2,"1":2,"2":2,"3":2,"4":3,"5":3,"6":3,"7":3,"8":2,"9":2,"10":3,"11":3,"12":2,"13":2},"b":{"0":[1],"1":[1],"2":[2]}}
,"/Users/sergio/Desktop/software_eng_2/main_project/se2-kiruna-explorer-19/server/src/controllers/graph.controllers.ts": {"path":"/Users/sergio/Desktop/software_eng_2/main_project/se2-kiruna-explorer-19/server/src/controllers/graph.controllers.ts","statementMap":{"0":{"start":{"line":2,"column":0},"end":{"line":2,"column":56}},"1":{"start":{"line":48,"column":36},"end":{"line":59,"column":2}},"2":{"start":{"line":52,"column":19},"end":{"line":59,"column":2}},"3":{"start":{"line":53,"column":4},"end":{"line":58,"column":5}},"4":{"start":{"line":54,"column":26},"end":{"line":54,"column":47}},"5":{"start":{"line":55,"column":8},"end":{"line":55,"column":40}},"6":{"start":{"line":57,"column":8},"end":{"line":57,"column":20}},"7":{"start":{"line":48,"column":13},"end":{"line":48,"column":36}}},"fnMap":{"0":{"name":"(anonymous_7)","decl":{"start":{"line":48,"column":36},"end":{"line":48,"column":null}},"loc":{"start":{"line":52,"column":19},"end":{"line":59,"column":2}}},"1":{"name":"(anonymous_8)","decl":{"start":{"line":52,"column":19},"end":{"line":52,"column":null}},"loc":{"start":{"line":52,"column":19},"end":{"line":59,"column":1}}}},"branchMap":{},"s":{"0":1,"1":1,"2":2,"3":2,"4":2,"5":1,"6":1,"7":1},"f":{"0":2,"1":2},"b":{}}
,"/Users/sergio/Desktop/software_eng_2/main_project/se2-kiruna-explorer-19/server/src/controllers/media.controllers.ts": {"path":"/Users/sergio/Desktop/software_eng_2/main_project/se2-kiruna-explorer-19/server/src/controllers/media.controllers.ts","statementMap":{"0":{"start":{"line":3,"column":0},"end":{"line":3,"column":null}},"1":{"start":{"line":8,"column":0},"end":{"line":8,"column":51}},"2":{"start":{"line":9,"column":0},"end":{"line":9,"column":49}},"3":{"start":{"line":68,"column":37},"end":{"line":100,"column":2}},"4":{"start":{"line":72,"column":19},"end":{"line":100,"column":2}},"5":{"start":{"line":73,"column":2},"end":{"line":99,"column":3}},"6":{"start":{"line":75,"column":41},"end":{"line":75,"column":49}},"7":{"start":{"line":78,"column":19},"end":{"line":78,"column":31}},"8":{"start":{"line":79,"column":4},"end":{"line":82,"column":5}},"9":{"start":{"line":80,"column":6},"end":{"line":80,"column":66}},"10":{"start":{"line":81,"column":6},"end":{"line":81,"column":13}},"11":{"start":{"line":85,"column":26},"end":{"line":90,"column":6}},"12":{"start":{"line":93,"column":4},"end":{"line":96,"column":7}},"13":{"start":{"line":98,"column":4},"end":{"line":98,"column":16}},"14":{"start":{"line":68,"column":13},"end":{"line":68,"column":37}},"15":{"start":{"line":180,"column":37},"end":{"line":203,"column":2}},"16":{"start":{"line":184,"column":19},"end":{"line":203,"column":2}},"17":{"start":{"line":185,"column":2},"end":{"line":202,"column":3}},"18":{"start":{"line":186,"column":34},"end":{"line":186,"column":42}},"19":{"start":{"line":188,"column":4},"end":{"line":188,"column":49}},"20":{"start":{"line":190,"column":4},"end":{"line":192,"column":7}},"21":{"start":{"line":195,"column":4},"end":{"line":198,"column":5}},"22":{"start":{"line":196,"column":6},"end":{"line":196,"column":64}},"23":{"start":{"line":197,"column":6},"end":{"line":197,"column":13}},"24":{"start":{"line":201,"column":4},"end":{"line":201,"column":16}},"25":{"start":{"line":180,"column":13},"end":{"line":180,"column":37}},"26":{"start":{"line":264,"column":46},"end":{"line":283,"column":2}},"27":{"start":{"line":268,"column":19},"end":{"line":283,"column":2}},"28":{"start":{"line":269,"column":2},"end":{"line":282,"column":3}},"29":{"start":{"line":270,"column":26},"end":{"line":270,"column":72}},"30":{"start":{"line":272,"column":4},"end":{"line":274,"column":5}},"31":{"start":{"line":273,"column":6},"end":{"line":273,"column":37}},"32":{"start":{"line":276,"column":4},"end":{"line":279,"column":7}},"33":{"start":{"line":281,"column":4},"end":{"line":281,"column":16}},"34":{"start":{"line":264,"column":13},"end":{"line":264,"column":46}}},"fnMap":{"0":{"name":"(anonymous_7)","decl":{"start":{"line":68,"column":37},"end":{"line":68,"column":null}},"loc":{"start":{"line":72,"column":19},"end":{"line":100,"column":2}}},"1":{"name":"(anonymous_8)","decl":{"start":{"line":72,"column":19},"end":{"line":72,"column":null}},"loc":{"start":{"line":72,"column":19},"end":{"line":100,"column":1}}},"2":{"name":"(anonymous_9)","decl":{"start":{"line":180,"column":37},"end":{"line":180,"column":null}},"loc":{"start":{"line":184,"column":19},"end":{"line":203,"column":2}}},"3":{"name":"(anonymous_10)","decl":{"start":{"line":184,"column":19},"end":{"line":184,"column":null}},"loc":{"start":{"line":184,"column":19},"end":{"line":203,"column":1}}},"4":{"name":"(anonymous_11)","decl":{"start":{"line":264,"column":46},"end":{"line":264,"column":null}},"loc":{"start":{"line":268,"column":19},"end":{"line":283,"column":2}}},"5":{"name":"(anonymous_12)","decl":{"start":{"line":268,"column":19},"end":{"line":268,"column":null}},"loc":{"start":{"line":268,"column":19},"end":{"line":283,"column":1}}}},"branchMap":{"0":{"loc":{"start":{"line":78,"column":19},"end":{"line":78,"column":31}},"type":"cond-expr","locations":[{"start":{"line":78,"column":27},"end":{"line":78,"column":29}},{"start":{"line":78,"column":27},"end":{"line":78,"column":31}}]},"1":{"loc":{"start":{"line":78,"column":19},"end":{"line":78,"column":29}},"type":"binary-expr","locations":[{"start":{"line":78,"column":19},"end":{"line":78,"column":29}},{"start":{"line":78,"column":27},"end":{"line":78,"column":29}}]},"2":{"loc":{"start":{"line":79,"column":4},"end":{"line":82,"column":5}},"type":"if","locations":[{"start":{"line":79,"column":4},"end":{"line":82,"column":5}}]},"3":{"loc":{"start":{"line":195,"column":4},"end":{"line":198,"column":5}},"type":"if","locations":[{"start":{"line":195,"column":4},"end":{"line":198,"column":5}}]},"4":{"loc":{"start":{"line":195,"column":8},"end":{"line":195,"column":75}},"type":"binary-expr","locations":[{"start":{"line":195,"column":8},"end":{"line":195,"column":43}},{"start":{"line":195,"column":47},"end":{"line":195,"column":75}}]},"5":{"loc":{"start":{"line":272,"column":4},"end":{"line":274,"column":5}},"type":"if","locations":[{"start":{"line":272,"column":4},"end":{"line":274,"column":5}}]}},"s":{"0":1,"1":1,"2":1,"3":1,"4":3,"5":3,"6":3,"7":3,"8":3,"9":1,"10":1,"11":2,"12":1,"13":1,"14":1,"15":1,"16":3,"17":3,"18":3,"19":3,"20":1,"21":2,"22":1,"23":1,"24":1,"25":1,"26":1,"27":2,"28":2,"29":2,"30":2,"31":1,"32":1,"33":1,"34":1},"f":{"0":3,"1":3,"2":3,"3":3,"4":2,"5":2},"b":{"0":[1,2],"1":[3,3],"2":[1],"3":[1],"4":[2,2],"5":[1]}}
,"/Users/sergio/Desktop/software_eng_2/main_project/se2-kiruna-explorer-19/server/src/controllers/user.controllers.ts": {"path":"/Users/sergio/Desktop/software_eng_2/main_project/se2-kiruna-explorer-19/server/src/controllers/user.controllers.ts","statementMap":{"0":{"start":{"line":3,"column":0},"end":{"line":3,"column":null}},"1":{"start":{"line":9,"column":0},"end":{"line":9,"column":49}},"2":{"start":{"line":85,"column":24},"end":{"line":96,"column":2}},"3":{"start":{"line":89,"column":19},"end":{"line":96,"column":2}},"4":{"start":{"line":90,"column":2},"end":{"line":95,"column":3}},"5":{"start":{"line":91,"column":35},"end":{"line":91,"column":54}},"6":{"start":{"line":92,"column":4},"end":{"line":92,"column":20}},"7":{"start":{"line":94,"column":4},"end":{"line":94,"column":16}},"8":{"start":{"line":85,"column":13},"end":{"line":85,"column":24}},"9":{"start":{"line":144,"column":26},"end":{"line":155,"column":2}},"10":{"start":{"line":148,"column":19},"end":{"line":155,"column":2}},"11":{"start":{"line":149,"column":2},"end":{"line":154,"column":3}},"12":{"start":{"line":150,"column":27},"end":{"line":150,"column":56}},"13":{"start":{"line":151,"column":4},"end":{"line":151,"column":33}},"14":{"start":{"line":153,"column":4},"end":{"line":153,"column":16}},"15":{"start":{"line":144,"column":13},"end":{"line":144,"column":26}},"16":{"start":{"line":194,"column":21},"end":{"line":213,"column":2}},"17":{"start":{"line":198,"column":19},"end":{"line":213,"column":2}},"18":{"start":{"line":199,"column":2},"end":{"line":212,"column":3}},"19":{"start":{"line":200,"column":32},"end":{"line":200,"column":40}},"20":{"start":{"line":201,"column":41},"end":{"line":201,"column":73}},"21":{"start":{"line":202,"column":4},"end":{"line":208,"column":7}},"22":{"start":{"line":209,"column":4},"end":{"line":209,"column":24}},"23":{"start":{"line":211,"column":4},"end":{"line":211,"column":16}},"24":{"start":{"line":194,"column":13},"end":{"line":194,"column":21}},"25":{"start":{"line":241,"column":21},"end":{"line":264,"column":2}},"26":{"start":{"line":245,"column":19},"end":{"line":264,"column":2}},"27":{"start":{"line":246,"column":2},"end":{"line":263,"column":3}},"28":{"start":{"line":247,"column":4},"end":{"line":249,"column":5}},"29":{"start":{"line":248,"column":6},"end":{"line":248,"column":59}},"30":{"start":{"line":251,"column":32},"end":{"line":258,"column":6}},"31":{"start":{"line":260,"column":4},"end":{"line":260,"column":19}},"32":{"start":{"line":262,"column":4},"end":{"line":262,"column":16}},"33":{"start":{"line":241,"column":13},"end":{"line":241,"column":21}},"34":{"start":{"line":282,"column":22},"end":{"line":298,"column":2}},"35":{"start":{"line":286,"column":19},"end":{"line":298,"column":2}},"36":{"start":{"line":287,"column":2},"end":{"line":297,"column":3}},"37":{"start":{"line":288,"column":4},"end":{"line":293,"column":7}},"38":{"start":{"line":294,"column":4},"end":{"line":294,"column":58}},"39":{"start":{"line":296,"column":4},"end":{"line":296,"column":16}},"40":{"start":{"line":282,"column":13},"end":{"line":282,"column":22}},"41":{"start":{"line":301,"column":13},"end":{"line":301,"column":26}}},"fnMap":{"0":{"name":"(anonymous_7)","decl":{"start":{"line":85,"column":24},"end":{"line":85,"column":null}},"loc":{"start":{"line":89,"column":19},"end":{"line":96,"column":2}}},"1":{"name":"(anonymous_8)","decl":{"start":{"line":89,"column":19},"end":{"line":89,"column":null}},"loc":{"start":{"line":89,"column":19},"end":{"line":96,"column":1}}},"2":{"name":"(anonymous_9)","decl":{"start":{"line":144,"column":26},"end":{"line":144,"column":null}},"loc":{"start":{"line":148,"column":19},"end":{"line":155,"column":2}}},"3":{"name":"(anonymous_10)","decl":{"start":{"line":148,"column":19},"end":{"line":148,"column":null}},"loc":{"start":{"line":148,"column":19},"end":{"line":155,"column":1}}},"4":{"name":"(anonymous_11)","decl":{"start":{"line":194,"column":21},"end":{"line":194,"column":null}},"loc":{"start":{"line":198,"column":19},"end":{"line":213,"column":2}}},"5":{"name":"(anonymous_12)","decl":{"start":{"line":198,"column":19},"end":{"line":198,"column":null}},"loc":{"start":{"line":198,"column":19},"end":{"line":213,"column":1}}},"6":{"name":"(anonymous_13)","decl":{"start":{"line":241,"column":21},"end":{"line":241,"column":null}},"loc":{"start":{"line":245,"column":19},"end":{"line":264,"column":2}}},"7":{"name":"(anonymous_14)","decl":{"start":{"line":245,"column":19},"end":{"line":245,"column":null}},"loc":{"start":{"line":245,"column":19},"end":{"line":264,"column":1}}},"8":{"name":"(anonymous_15)","decl":{"start":{"line":282,"column":22},"end":{"line":282,"column":null}},"loc":{"start":{"line":286,"column":19},"end":{"line":298,"column":2}}},"9":{"name":"(anonymous_16)","decl":{"start":{"line":286,"column":19},"end":{"line":286,"column":null}},"loc":{"start":{"line":286,"column":19},"end":{"line":298,"column":1}}}},"branchMap":{"0":{"loc":{"start":{"line":247,"column":4},"end":{"line":249,"column":5}},"type":"if","locations":[{"start":{"line":247,"column":4},"end":{"line":249,"column":5}}]}},"s":{"0":1,"1":1,"2":1,"3":2,"4":2,"5":2,"6":1,"7":1,"8":1,"9":1,"10":2,"11":2,"12":2,"13":1,"14":1,"15":1,"16":1,"17":2,"18":2,"19":2,"20":2,"21":1,"22":1,"23":1,"24":1,"25":1,"26":2,"27":2,"28":2,"29":1,"30":1,"31":1,"32":1,"33":1,"34":1,"35":2,"36":2,"37":2,"38":1,"39":1,"40":1,"41":1},"f":{"0":2,"1":2,"2":2,"3":2,"4":2,"5":2,"6":2,"7":2,"8":2,"9":2},"b":{"0":[1]}}
,"/Users/sergio/Desktop/software_eng_2/main_project/se2-kiruna-explorer-19/server/src/middlewares/checkHeader.middleware.ts": {"path":"/Users/sergio/Desktop/software_eng_2/main_project/se2-kiruna-explorer-19/server/src/middlewares/checkHeader.middleware.ts","statementMap":{"0":{"start":{"line":3,"column":20},"end":{"line":14,"column":1}},"1":{"start":{"line":4,"column":30},"end":{"line":4,"column":65}},"2":{"start":{"line":5,"column":22},"end":{"line":5,"column":46}},"3":{"start":{"line":7,"column":2},"end":{"line":13,"column":3}},"4":{"start":{"line":8,"column":4},"end":{"line":8,"column":64}},"5":{"start":{"line":9,"column":9},"end":{"line":13,"column":3}},"6":{"start":{"line":10,"column":4},"end":{"line":10,"column":71}},"7":{"start":{"line":12,"column":4},"end":{"line":12,"column":11}},"8":{"start":{"line":16,"column":0},"end":{"line":16,"column":27}}},"fnMap":{"0":{"name":"(anonymous_0)","decl":{"start":{"line":3,"column":20},"end":{"line":3,"column":21}},"loc":{"start":{"line":3,"column":78},"end":{"line":14,"column":1}}}},"branchMap":{"0":{"loc":{"start":{"line":4,"column":30},"end":{"line":4,"column":65}},"type":"cond-expr","locations":[{"start":{"line":4,"column":49},"end":{"line":4,"column":53}},{"start":{"line":4,"column":53},"end":{"line":4,"column":65}}]},"1":{"loc":{"start":{"line":4,"column":30},"end":{"line":4,"column":53}},"type":"binary-expr","locations":[{"start":{"line":4,"column":30},"end":{"line":4,"column":53}},{"start":{"line":4,"column":49},"end":{"line":4,"column":53}}]},"2":{"loc":{"start":{"line":7,"column":2},"end":{"line":13,"column":3}},"type":"if","locations":[{"start":{"line":7,"column":2},"end":{"line":13,"column":3}},{"start":{"line":9,"column":9},"end":{"line":13,"column":3}}]},"3":{"loc":{"start":{"line":9,"column":9},"end":{"line":13,"column":3}},"type":"if","locations":[{"start":{"line":9,"column":9},"end":{"line":13,"column":3}},{"start":{"line":11,"column":9},"end":{"line":13,"column":3}}]}},"s":{"0":1,"1":3,"2":3,"3":3,"4":1,"5":2,"6":1,"7":1,"8":1},"f":{"0":3},"b":{"0":[0,3],"1":[3,3],"2":[1,2],"3":[1,1]}}
,"/Users/sergio/Desktop/software_eng_2/main_project/se2-kiruna-explorer-19/server/src/middlewares/errorHandler.middleware.ts": {"path":"/Users/sergio/Desktop/software_eng_2/main_project/se2-kiruna-explorer-19/server/src/middlewares/errorHandler.middleware.ts","statementMap":{"0":{"start":{"line":4,"column":28},"end":{"line":15,"column":1}},"1":{"start":{"line":11,"column":2},"end":{"line":14,"column":5}},"2":{"start":{"line":4,"column":13},"end":{"line":4,"column":28}}},"fnMap":{"0":{"name":"(anonymous_0)","decl":{"start":{"line":4,"column":28},"end":{"line":4,"column":null}},"loc":{"start":{"line":9,"column":10},"end":{"line":15,"column":1}}}},"branchMap":{"0":{"loc":{"start":{"line":11,"column":13},"end":{"line":11,"column":30}},"type":"binary-expr","locations":[{"start":{"line":11,"column":13},"end":{"line":11,"column":23}},{"start":{"line":11,"column":27},"end":{"line":11,"column":30}}]},"1":{"loc":{"start":{"line":12,"column":13},"end":{"line":12,"column":51}},"type":"binary-expr","locations":[{"start":{"line":12,"column":13},"end":{"line":12,"column":24}},{"start":{"line":12,"column":28},"end":{"line":12,"column":51}}]},"2":{"loc":{"start":{"line":13,"column":12},"end":{"line":13,"column":28}},"type":"binary-expr","locations":[{"start":{"line":13,"column":12},"end":{"line":13,"column":22}},{"start":{"line":13,"column":26},"end":{"line":13,"column":28}}]}},"s":{"0":1,"1":2,"2":1},"f":{"0":2},"b":{"0":[2,1],"1":[2,1],"2":[2,1]}}
,"/Users/sergio/Desktop/software_eng_2/main_project/se2-kiruna-explorer-19/server/src/schemas/coordinate.schema.ts": {"path":"/Users/sergio/Desktop/software_eng_2/main_project/se2-kiruna-explorer-19/server/src/schemas/coordinate.schema.ts","statementMap":{"0":{"start":{"line":2,"column":0},"end":{"line":2,"column":44}},"1":{"start":{"line":4,"column":20},"end":{"line":7,"column":2}},"2":{"start":{"line":9,"column":25},"end":{"line":25,"column":null}},"3":{"start":{"line":28,"column":19},"end":{"line":28,"column":78}},"4":{"start":{"line":47,"column":9},"end":{"line":47,"column":19}},"5":{"start":{"line":30,"column":20},"end":{"line":35,"column":2}},"6":{"start":{"line":37,"column":22},"end":{"line":42,"column":2}},"7":{"start":{"line":44,"column":14},"end":{"line":44,"column":60}},"8":{"start":{"line":47,"column":21},"end":{"line":47,"column":26}},"9":{"start":{"line":45,"column":16},"end":{"line":45,"column":66}},"10":{"start":{"line":47,"column":28},"end":{"line":47,"column":35}}},"fnMap":{},"branchMap":{},"s":{"0":3,"1":3,"2":3,"3":3,"4":3,"5":3,"6":3,"7":3,"8":3,"9":3,"10":3},"f":{},"b":{}}
,"/Users/sergio/Desktop/software_eng_2/main_project/se2-kiruna-explorer-19/server/src/schemas/document.schema.ts": {"path":"/Users/sergio/Desktop/software_eng_2/main_project/se2-kiruna-explorer-19/server/src/schemas/document.schema.ts","statementMap":{"0":{"start":{"line":2,"column":0},"end":{"line":2,"column":59}},"1":{"start":{"line":3,"column":0},"end":{"line":3,"column":61}},"2":{"start":{"line":4,"column":0},"end":{"line":4,"column":54}},"3":{"start":{"line":8,"column":25},"end":{"line":21,"column":null}},"4":{"start":{"line":24,"column":23},"end":{"line":79,"column":null}},"5":{"start":{"line":44,"column":30},"end":{"line":44,"column":68}},"6":{"start":{"line":82,"column":0},"end":{"line":82,"column":35}},"7":{"start":{"line":83,"column":0},"end":{"line":83,"column":37}},"8":{"start":{"line":84,"column":0},"end":{"line":84,"column":47}},"9":{"start":{"line":86,"column":0},"end":{"line":86,"column":76}}},"fnMap":{"0":{"name":"(anonymous_6)","decl":{"start":{"line":44,"column":16},"end":{"line":44,"column":30}},"loc":{"start":{"line":44,"column":16},"end":{"line":44,"column":70}}}},"branchMap":{},"s":{"0":4,"1":4,"2":4,"3":4,"4":4,"5":0,"6":4,"7":4,"8":4,"9":4},"f":{"0":0},"b":{}}
,"/Users/sergio/Desktop/software_eng_2/main_project/se2-kiruna-explorer-19/server/src/schemas/documentType.schema.ts": {"path":"/Users/sergio/Desktop/software_eng_2/main_project/se2-kiruna-explorer-19/server/src/schemas/documentType.schema.ts","statementMap":{"0":{"start":{"line":2,"column":0},"end":{"line":2,"column":44}},"1":{"start":{"line":6,"column":27},"end":{"line":15,"column":null}},"2":{"start":{"line":18,"column":0},"end":{"line":18,"column":38}},"3":{"start":{"line":19,"column":0},"end":{"line":19,"column":80}}},"fnMap":{},"branchMap":{},"s":{"0":2,"1":2,"2":2,"3":2},"f":{},"b":{}}
,"/Users/sergio/Desktop/software_eng_2/main_project/se2-kiruna-explorer-19/server/src/schemas/media.schema.ts": {"path":"/Users/sergio/Desktop/software_eng_2/main_project/se2-kiruna-explorer-19/server/src/schemas/media.schema.ts","statementMap":{"0":{"start":{"line":2,"column":0},"end":{"line":2,"column":44}},"1":{"start":{"line":6,"column":20},"end":{"line":40,"column":null}},"2":{"start":{"line":43,"column":0},"end":{"line":43,"column":35}},"3":{"start":{"line":44,"column":0},"end":{"line":44,"column":67}}},"fnMap":{},"branchMap":{},"s":{"0":3,"1":3,"2":3,"3":3},"f":{},"b":{}}
,"/Users/sergio/Desktop/software_eng_2/main_project/se2-kiruna-explorer-19/server/src/schemas/stakeholder.schema.ts": {"path":"/Users/sergio/Desktop/software_eng_2/main_project/se2-kiruna-explorer-19/server/src/schemas/stakeholder.schema.ts","statementMap":{"0":{"start":{"line":2,"column":0},"end":{"line":2,"column":44}},"1":{"start":{"line":6,"column":26},"end":{"line":15,"column":null}},"2":{"start":{"line":18,"column":0},"end":{"line":18,"column":37}},"3":{"start":{"line":19,"column":0},"end":{"line":19,"column":85}}},"fnMap":{},"branchMap":{},"s":{"0":2,"1":2,"2":2,"3":2},"f":{},"b":{}}
,"/Users/sergio/Desktop/software_eng_2/main_project/se2-kiruna-explorer-19/server/src/schemas/user.schema.ts": {"path":"/Users/sergio/Desktop/software_eng_2/main_project/se2-kiruna-explorer-19/server/src/schemas/user.schema.ts","statementMap":{"0":{"start":{"line":1,"column":0},"end":{"line":1,"column":54}},"1":{"start":{"line":3,"column":0},"end":{"line":3,"column":59}},"2":{"start":{"line":7,"column":19},"end":{"line":38,"column":null}},"3":{"start":{"line":41,"column":0},"end":{"line":41,"column":31}},"4":{"start":{"line":43,"column":0},"end":{"line":43,"column":64}}},"fnMap":{},"branchMap":{},"s":{"0":2,"1":2,"2":2,"3":2,"4":2},"f":{},"b":{}}
,"/Users/sergio/Desktop/software_eng_2/main_project/se2-kiruna-explorer-19/server/src/services/coordinate.service.ts": {"path":"/Users/sergio/Desktop/software_eng_2/main_project/se2-kiruna-explorer-19/server/src/services/coordinate.service.ts","statementMap":{"0":{"start":{"line":1,"column":0},"end":{"line":1,"column":58}},"1":{"start":{"line":3,"column":0},"end":{"line":3,"column":51}},"2":{"start":{"line":4,"column":0},"end":{"line":4,"column":48}},"3":{"start":{"line":5,"column":0},"end":{"line":5,"column":50}},"4":{"start":{"line":8,"column":33},"end":{"line":20,"column":2}},"5":{"start":{"line":10,"column":33},"end":{"line":20,"column":2}},"6":{"start":{"line":11,"column":2},"end":{"line":19,"column":3}},"7":{"start":{"line":12,"column":23},"end":{"line":12,"column":52}},"8":{"start":{"line":13,"column":4},"end":{"line":15,"column":5}},"9":{"start":{"line":14,"column":6},"end":{"line":14,"column":18}},"10":{"start":{"line":16,"column":4},"end":{"line":16,"column":48}},"11":{"start":{"line":18,"column":4},"end":{"line":18,"column":56}},"12":{"start":{"line":8,"column":13},"end":{"line":8,"column":33}},"13":{"start":{"line":22,"column":36},"end":{"line":32,"column":2}},"14":{"start":{"line":24,"column":26},"end":{"line":32,"column":2}},"15":{"start":{"line":25,"column":2},"end":{"line":31,"column":3}},"16":{"start":{"line":26,"column":26},"end":{"line":26,"column":56}},"17":{"start":{"line":27,"column":4},"end":{"line":27,"column":31}},"18":{"start":{"line":28,"column":4},"end":{"line":28,"column":51}},"19":{"start":{"line":30,"column":4},"end":{"line":30,"column":56}},"20":{"start":{"line":22,"column":13},"end":{"line":22,"column":36}},"21":{"start":{"line":34,"column":33},"end":{"line":43,"column":2}},"22":{"start":{"line":34,"column":68},"end":{"line":43,"column":2}},"23":{"start":{"line":35,"column":2},"end":{"line":42,"column":3}},"24":{"start":{"line":36,"column":24},"end":{"line":36,"column":47}},"25":{"start":{"line":37,"column":4},"end":{"line":39,"column":6}},"26":{"start":{"line":38,"column":22},"end":{"line":38,"column":58}},"27":{"start":{"line":41,"column":4},"end":{"line":41,"column":30}},"28":{"start":{"line":34,"column":13},"end":{"line":34,"column":33}},"29":{"start":{"line":46,"column":13},"end":{"line":46,"column":40}},"30":{"start":{"line":56,"column":36},"end":{"line":74,"column":2}},"31":{"start":{"line":56,"column":75},"end":{"line":74,"column":2}},"32":{"start":{"line":58,"column":21},"end":{"line":58,"column":50}},"33":{"start":{"line":60,"column":2},"end":{"line":62,"column":3}},"34":{"start":{"line":61,"column":4},"end":{"line":61,"column":30}},"35":{"start":{"line":65,"column":19},"end":{"line":65,"column":74}},"36":{"start":{"line":67,"column":2},"end":{"line":69,"column":3}},"37":{"start":{"line":68,"column":4},"end":{"line":68,"column":69}},"38":{"start":{"line":71,"column":2},"end":{"line":71,"column":54}},"39":{"start":{"line":73,"column":2},"end":{"line":73,"column":14}},"40":{"start":{"line":56,"column":13},"end":{"line":56,"column":36}}},"fnMap":{"0":{"name":"(anonymous_8)","decl":{"start":{"line":8,"column":33},"end":{"line":8,"column":null}},"loc":{"start":{"line":10,"column":33},"end":{"line":20,"column":2}}},"1":{"name":"(anonymous_9)","decl":{"start":{"line":10,"column":33},"end":{"line":10,"column":null}},"loc":{"start":{"line":10,"column":33},"end":{"line":20,"column":1}}},"2":{"name":"(anonymous_10)","decl":{"start":{"line":22,"column":36},"end":{"line":22,"column":null}},"loc":{"start":{"line":24,"column":26},"end":{"line":32,"column":2}}},"3":{"name":"(anonymous_11)","decl":{"start":{"line":24,"column":26},"end":{"line":24,"column":null}},"loc":{"start":{"line":24,"column":26},"end":{"line":32,"column":1}}},"4":{"name":"(anonymous_12)","decl":{"start":{"line":34,"column":33},"end":{"line":34,"column":66}},"loc":{"start":{"line":34,"column":68},"end":{"line":43,"column":2}}},"5":{"name":"(anonymous_13)","decl":{"start":{"line":34,"column":68},"end":{"line":34,"column":null}},"loc":{"start":{"line":34,"column":68},"end":{"line":43,"column":1}}},"6":{"name":"(anonymous_14)","decl":{"start":{"line":38,"column":6},"end":{"line":38,"column":7}},"loc":{"start":{"line":38,"column":22},"end":{"line":38,"column":58}}},"7":{"name":"(anonymous_15)","decl":{"start":{"line":56,"column":36},"end":{"line":56,"column":43}},"loc":{"start":{"line":56,"column":75},"end":{"line":74,"column":2}}},"8":{"name":"(anonymous_16)","decl":{"start":{"line":56,"column":75},"end":{"line":56,"column":null}},"loc":{"start":{"line":56,"column":75},"end":{"line":74,"column":1}}}},"branchMap":{"0":{"loc":{"start":{"line":13,"column":4},"end":{"line":15,"column":5}},"type":"if","locations":[{"start":{"line":13,"column":4},"end":{"line":15,"column":5}}]},"1":{"loc":{"start":{"line":60,"column":2},"end":{"line":62,"column":3}},"type":"if","locations":[{"start":{"line":60,"column":2},"end":{"line":62,"column":3}}]},"2":{"loc":{"start":{"line":67,"column":2},"end":{"line":69,"column":3}},"type":"if","locations":[{"start":{"line":67,"column":2},"end":{"line":69,"column":3}}]}},"s":{"0":2,"1":2,"2":2,"3":2,"4":2,"5":3,"6":3,"7":3,"8":3,"9":1,"10":2,"11":1,"12":2,"13":2,"14":2,"15":2,"16":2,"17":2,"18":1,"19":1,"20":2,"21":2,"22":2,"23":2,"24":2,"25":2,"26":2,"27":1,"28":2,"29":2,"30":2,"31":3,"32":3,"33":3,"34":1,"35":2,"36":2,"37":1,"38":1,"39":1,"40":2},"f":{"0":3,"1":3,"2":2,"3":2,"4":2,"5":2,"6":2,"7":3,"8":3},"b":{"0":[1],"1":[1],"2":[1]}}
,"/Users/sergio/Desktop/software_eng_2/main_project/se2-kiruna-explorer-19/server/src/services/document.service.ts": {"path":"/Users/sergio/Desktop/software_eng_2/main_project/se2-kiruna-explorer-19/server/src/services/document.service.ts","statementMap":{"0":{"start":{"line":1,"column":0},"end":{"line":1,"column":50}},"1":{"start":{"line":2,"column":0},"end":{"line":2,"column":56}},"2":{"start":{"line":3,"column":0},"end":{"line":3,"column":58}},"3":{"start":{"line":4,"column":0},"end":{"line":4,"column":52}},"4":{"start":{"line":5,"column":0},"end":{"line":5,"column":58}},"5":{"start":{"line":8,"column":0},"end":{"line":8,"column":null}},"6":{"start":{"line":16,"column":0},"end":{"line":16,"column":57}},"7":{"start":{"line":17,"column":0},"end":{"line":17,"column":67}},"8":{"start":{"line":18,"column":0},"end":{"line":18,"column":52}},"9":{"start":{"line":21,"column":0},"end":{"line":21,"column":107}},"10":{"start":{"line":23,"column":0},"end":{"line":23,"column":110}},"11":{"start":{"line":27,"column":30},"end":{"line":149,"column":2}},"12":{"start":{"line":29,"column":39},"end":{"line":149,"column":2}},"13":{"start":{"line":31,"column":2},"end":{"line":38,"column":3}},"14":{"start":{"line":32,"column":31},"end":{"line":33,"column":null}},"15":{"start":{"line":35,"column":4},"end":{"line":37,"column":5}},"16":{"start":{"line":36,"column":6},"end":{"line":36,"column":32}},"17":{"start":{"line":41,"column":2},"end":{"line":48,"column":3}},"18":{"start":{"line":42,"column":4},"end":{"line":47,"column":5}},"19":{"start":{"line":43,"column":31},"end":{"line":43,"column":75}},"20":{"start":{"line":44,"column":6},"end":{"line":46,"column":7}},"21":{"start":{"line":45,"column":8},"end":{"line":45,"column":37}},"22":{"start":{"line":51,"column":2},"end":{"line":58,"column":3}},"23":{"start":{"line":52,"column":4},"end":{"line":57,"column":5}},"24":{"start":{"line":53,"column":28},"end":{"line":53,"column":65}},"25":{"start":{"line":54,"column":6},"end":{"line":56,"column":7}},"26":{"start":{"line":55,"column":8},"end":{"line":55,"column":39}},"27":{"start":{"line":61,"column":2},"end":{"line":68,"column":3}},"28":{"start":{"line":62,"column":4},"end":{"line":67,"column":5}},"29":{"start":{"line":63,"column":34},"end":{"line":63,"column":75}},"30":{"start":{"line":64,"column":6},"end":{"line":66,"column":7}},"31":{"start":{"line":65,"column":8},"end":{"line":65,"column":45}},"32":{"start":{"line":71,"column":2},"end":{"line":78,"column":3}},"33":{"start":{"line":72,"column":4},"end":{"line":77,"column":5}},"34":{"start":{"line":72,"column":17},"end":{"line":72,"column":18}},"35":{"start":{"line":73,"column":28},"end":{"line":73,"column":56}},"36":{"start":{"line":74,"column":6},"end":{"line":76,"column":7}},"37":{"start":{"line":75,"column":8},"end":{"line":75,"column":57}},"38":{"start":{"line":81,"column":2},"end":{"line":86,"column":3}},"39":{"start":{"line":82,"column":33},"end":{"line":82,"column":79}},"40":{"start":{"line":83,"column":4},"end":{"line":85,"column":5}},"41":{"start":{"line":84,"column":6},"end":{"line":84,"column":44}},"42":{"start":{"line":89,"column":22},"end":{"line":89,"column":48}},"43":{"start":{"line":90,"column":2},"end":{"line":90,"column":27}},"44":{"start":{"line":93,"column":2},"end":{"line":108,"column":3}},"45":{"start":{"line":94,"column":4},"end":{"line":107,"column":5}},"46":{"start":{"line":95,"column":31},"end":{"line":95,"column":75}},"47":{"start":{"line":97,"column":6},"end":{"line":106,"column":7}},"48":{"start":{"line":98,"column":8},"end":{"line":98,"column":74}},"49":{"start":{"line":100,"column":8},"end":{"line":103,"column":11}},"50":{"start":{"line":105,"column":8},"end":{"line":105,"column":38}},"51":{"start":{"line":110,"column":20},"end":{"line":110,"column":24}},"52":{"start":{"line":111,"column":2},"end":{"line":113,"column":3}},"53":{"start":{"line":112,"column":4},"end":{"line":112,"column":78}},"54":{"start":{"line":116,"column":37},"end":{"line":116,"column":41}},"55":{"start":{"line":117,"column":2},"end":{"line":119,"column":3}},"56":{"start":{"line":118,"column":4},"end":{"line":118,"column":48}},"57":{"start":{"line":122,"column":37},"end":{"line":122,"column":39}},"58":{"start":{"line":123,"column":2},"end":{"line":125,"column":3}},"59":{"start":{"line":124,"column":4},"end":{"line":124,"column":69}},"60":{"start":{"line":128,"column":35},"end":{"line":128,"column":39}},"61":{"start":{"line":129,"column":2},"end":{"line":131,"column":3}},"62":{"start":{"line":130,"column":4},"end":{"line":130,"column":54}},"63":{"start":{"line":133,"column":25},"end":{"line":133,"column":47}},"64":{"start":{"line":134,"column":2},"end":{"line":134,"column":28}},"65":{"start":{"line":135,"column":2},"end":{"line":135,"column":34}},"66":{"start":{"line":136,"column":2},"end":{"line":136,"column":34}},"67":{"start":{"line":137,"column":2},"end":{"line":137,"column":28}},"68":{"start":{"line":139,"column":16},"end":{"line":145,"column":null}},"69":{"start":{"line":148,"column":2},"end":{"line":148,"column":18}},"70":{"start":{"line":27,"column":13},"end":{"line":27,"column":30}},"71":{"start":{"line":152,"column":31},"end":{"line":203,"column":2}},"72":{"start":{"line":152,"column":72},"end":{"line":203,"column":2}},"73":{"start":{"line":153,"column":20},"end":{"line":153,"column":41}},"74":{"start":{"line":156,"column":49},"end":{"line":199,"column":null}},"75":{"start":{"line":157,"column":37},"end":{"line":199,"column":6}},"76":{"start":{"line":158,"column":27},"end":{"line":158,"column":47}},"77":{"start":{"line":159,"column":43},"end":{"line":159,"column":47}},"78":{"start":{"line":162,"column":6},"end":{"line":164,"column":7}},"79":{"start":{"line":163,"column":8},"end":{"line":163,"column":70}},"80":{"start":{"line":167,"column":41},"end":{"line":167,"column":45}},"81":{"start":{"line":168,"column":6},"end":{"line":170,"column":7}},"82":{"start":{"line":169,"column":8},"end":{"line":169,"column":49}},"83":{"start":{"line":173,"column":40},"end":{"line":173,"column":42}},"84":{"start":{"line":174,"column":6},"end":{"line":176,"column":7}},"85":{"start":{"line":175,"column":8},"end":{"line":175,"column":69}},"86":{"start":{"line":179,"column":39},"end":{"line":179,"column":43}},"87":{"start":{"line":180,"column":6},"end":{"line":182,"column":7}},"88":{"start":{"line":181,"column":8},"end":{"line":181,"column":55}},"89":{"start":{"line":184,"column":29},"end":{"line":184,"column":48}},"90":{"start":{"line":185,"column":6},"end":{"line":185,"column":32}},"91":{"start":{"line":186,"column":6},"end":{"line":186,"column":38}},"92":{"start":{"line":187,"column":6},"end":{"line":187,"column":38}},"93":{"start":{"line":188,"column":6},"end":{"line":188,"column":32}},"94":{"start":{"line":191,"column":6},"end":{"line":197,"column":null}},"95":{"start":{"line":202,"column":2},"end":{"line":202,"column":27}},"96":{"start":{"line":152,"column":13},"end":{"line":152,"column":31}},"97":{"start":{"line":206,"column":31},"end":{"line":261,"column":2}},"98":{"start":{"line":208,"column":39},"end":{"line":261,"column":2}},"99":{"start":{"line":209,"column":19},"end":{"line":209,"column":46}},"100":{"start":{"line":212,"column":2},"end":{"line":214,"column":3}},"101":{"start":{"line":213,"column":4},"end":{"line":213,"column":33}},"102":{"start":{"line":217,"column":39},"end":{"line":217,"column":43}},"103":{"start":{"line":218,"column":23},"end":{"line":218,"column":43}},"104":{"start":{"line":220,"column":2},"end":{"line":222,"column":3}},"105":{"start":{"line":221,"column":4},"end":{"line":221,"column":66}},"106":{"start":{"line":225,"column":37},"end":{"line":225,"column":41}},"107":{"start":{"line":226,"column":2},"end":{"line":228,"column":3}},"108":{"start":{"line":227,"column":4},"end":{"line":227,"column":45}},"109":{"start":{"line":232,"column":36},"end":{"line":232,"column":38}},"110":{"start":{"line":233,"column":2},"end":{"line":235,"column":3}},"111":{"start":{"line":234,"column":4},"end":{"line":234,"column":65}},"112":{"start":{"line":239,"column":35},"end":{"line":239,"column":39}},"113":{"start":{"line":240,"column":2},"end":{"line":242,"column":3}},"114":{"start":{"line":241,"column":4},"end":{"line":241,"column":51}},"115":{"start":{"line":246,"column":25},"end":{"line":246,"column":44}},"116":{"start":{"line":247,"column":2},"end":{"line":247,"column":28}},"117":{"start":{"line":248,"column":2},"end":{"line":248,"column":34}},"118":{"start":{"line":249,"column":2},"end":{"line":249,"column":34}},"119":{"start":{"line":250,"column":2},"end":{"line":250,"column":28}},"120":{"start":{"line":253,"column":2},"end":{"line":259,"column":null}},"121":{"start":{"line":206,"column":13},"end":{"line":206,"column":31}},"122":{"start":{"line":263,"column":31},"end":{"line":394,"column":2}},"123":{"start":{"line":266,"column":41},"end":{"line":394,"column":2}},"124":{"start":{"line":268,"column":23},"end":{"line":275,"column":4}},"125":{"start":{"line":269,"column":37},"end":{"line":274,"column":6}},"126":{"start":{"line":277,"column":44},"end":{"line":277,"column":46}},"127":{"start":{"line":279,"column":2},"end":{"line":337,"column":3}},"128":{"start":{"line":280,"column":29},"end":{"line":280,"column":31}},"129":{"start":{"line":281,"column":4},"end":{"line":298,"column":5}},"130":{"start":{"line":286,"column":6},"end":{"line":297,"column":7}},"131":{"start":{"line":288,"column":8},"end":{"line":290,"column":11}},"132":{"start":{"line":293,"column":8},"end":{"line":296,"column":11}},"133":{"start":{"line":299,"column":4},"end":{"line":303,"column":5}},"134":{"start":{"line":300,"column":6},"end":{"line":302,"column":9}},"135":{"start":{"line":304,"column":4},"end":{"line":308,"column":5}},"136":{"start":{"line":305,"column":6},"end":{"line":307,"column":9}},"137":{"start":{"line":312,"column":4},"end":{"line":317,"column":5}},"138":{"start":{"line":314,"column":6},"end":{"line":316,"column":7}},"139":{"start":{"line":315,"column":8},"end":{"line":315,"column":54}},"140":{"start":{"line":320,"column":4},"end":{"line":322,"column":5}},"141":{"start":{"line":321,"column":6},"end":{"line":321,"column":79}},"142":{"start":{"line":323,"column":4},"end":{"line":327,"column":5}},"143":{"start":{"line":324,"column":6},"end":{"line":326,"column":9}},"144":{"start":{"line":329,"column":4},"end":{"line":332,"column":5}},"145":{"start":{"line":330,"column":28},"end":{"line":330,"column":66}},"146":{"start":{"line":331,"column":6},"end":{"line":331,"column":69}},"147":{"start":{"line":334,"column":4},"end":{"line":336,"column":5}},"148":{"start":{"line":335,"column":6},"end":{"line":335,"column":47}},"149":{"start":{"line":340,"column":16},"end":{"line":342,"column":4}},"150":{"start":{"line":344,"column":20},"end":{"line":344,"column":46}},"151":{"start":{"line":345,"column":2},"end":{"line":347,"column":3}},"152":{"start":{"line":346,"column":4},"end":{"line":346,"column":37}},"153":{"start":{"line":348,"column":2},"end":{"line":393,"column":4}},"154":{"start":{"line":349,"column":37},"end":{"line":392,"column":6}},"155":{"start":{"line":350,"column":29},"end":{"line":350,"column":48}},"156":{"start":{"line":351,"column":6},"end":{"line":351,"column":32}},"157":{"start":{"line":352,"column":6},"end":{"line":352,"column":38}},"158":{"start":{"line":353,"column":6},"end":{"line":353,"column":38}},"159":{"start":{"line":354,"column":6},"end":{"line":354,"column":32}},"160":{"start":{"line":356,"column":43},"end":{"line":356,"column":47}},"161":{"start":{"line":357,"column":27},"end":{"line":357,"column":47}},"162":{"start":{"line":359,"column":6},"end":{"line":361,"column":7}},"163":{"start":{"line":360,"column":8},"end":{"line":360,"column":70}},"164":{"start":{"line":364,"column":41},"end":{"line":364,"column":45}},"165":{"start":{"line":365,"column":6},"end":{"line":367,"column":7}},"166":{"start":{"line":366,"column":8},"end":{"line":366,"column":49}},"167":{"start":{"line":371,"column":40},"end":{"line":371,"column":42}},"168":{"start":{"line":372,"column":6},"end":{"line":374,"column":7}},"169":{"start":{"line":373,"column":8},"end":{"line":373,"column":69}},"170":{"start":{"line":379,"column":38},"end":{"line":379,"column":42}},"171":{"start":{"line":380,"column":5},"end":{"line":382,"column":6}},"172":{"start":{"line":381,"column":8},"end":{"line":381,"column":55}},"173":{"start":{"line":384,"column":6},"end":{"line":391,"column":29}},"174":{"start":{"line":263,"column":13},"end":{"line":263,"column":31}},"175":{"start":{"line":397,"column":32},"end":{"line":556,"column":2}},"176":{"start":{"line":400,"column":39},"end":{"line":556,"column":2}},"177":{"start":{"line":401,"column":26},"end":{"line":404,"column":4}},"178":{"start":{"line":406,"column":2},"end":{"line":408,"column":3}},"179":{"start":{"line":407,"column":4},"end":{"line":407,"column":33}},"180":{"start":{"line":411,"column":2},"end":{"line":414,"column":3}},"181":{"start":{"line":412,"column":4},"end":{"line":412,"column":44}},"182":{"start":{"line":413,"column":4},"end":{"line":413,"column":33}},"183":{"start":{"line":416,"column":2},"end":{"line":423,"column":3}},"184":{"start":{"line":417,"column":31},"end":{"line":418,"column":null}},"185":{"start":{"line":420,"column":4},"end":{"line":422,"column":5}},"186":{"start":{"line":421,"column":6},"end":{"line":421,"column":32}},"187":{"start":{"line":427,"column":2},"end":{"line":442,"column":3}},"188":{"start":{"line":428,"column":4},"end":{"line":433,"column":5}},"189":{"start":{"line":429,"column":28},"end":{"line":429,"column":65}},"190":{"start":{"line":430,"column":6},"end":{"line":432,"column":7}},"191":{"start":{"line":431,"column":8},"end":{"line":431,"column":39}},"192":{"start":{"line":435,"column":4},"end":{"line":435,"column":56}},"193":{"start":{"line":437,"column":4},"end":{"line":441,"column":5}},"194":{"start":{"line":438,"column":6},"end":{"line":440,"column":7}},"195":{"start":{"line":439,"column":8},"end":{"line":439,"column":44}},"196":{"start":{"line":446,"column":2},"end":{"line":453,"column":3}},"197":{"start":{"line":447,"column":4},"end":{"line":452,"column":5}},"198":{"start":{"line":448,"column":34},"end":{"line":448,"column":75}},"199":{"start":{"line":449,"column":6},"end":{"line":451,"column":7}},"200":{"start":{"line":450,"column":8},"end":{"line":450,"column":45}},"201":{"start":{"line":456,"column":2},"end":{"line":463,"column":3}},"202":{"start":{"line":457,"column":4},"end":{"line":462,"column":5}},"203":{"start":{"line":457,"column":17},"end":{"line":457,"column":18}},"204":{"start":{"line":458,"column":28},"end":{"line":458,"column":59}},"205":{"start":{"line":459,"column":6},"end":{"line":461,"column":7}},"206":{"start":{"line":460,"column":8},"end":{"line":460,"column":57}},"207":{"start":{"line":466,"column":4},"end":{"line":471,"column":5}},"208":{"start":{"line":467,"column":35},"end":{"line":467,"column":84}},"209":{"start":{"line":468,"column":6},"end":{"line":470,"column":7}},"210":{"start":{"line":469,"column":8},"end":{"line":469,"column":46}},"211":{"start":{"line":474,"column":2},"end":{"line":513,"column":3}},"212":{"start":{"line":476,"column":4},"end":{"line":488,"column":5}},"213":{"start":{"line":477,"column":6},"end":{"line":486,"column":7}},"214":{"start":{"line":478,"column":33},"end":{"line":478,"column":77}},"215":{"start":{"line":479,"column":8},"end":{"line":485,"column":9}},"216":{"start":{"line":480,"column":10},"end":{"line":483,"column":12}},"217":{"start":{"line":482,"column":14},"end":{"line":482,"column":72}},"218":{"start":{"line":484,"column":10},"end":{"line":484,"column":40}},"219":{"start":{"line":487,"column":6},"end":{"line":487,"column":39}},"220":{"start":{"line":489,"column":4},"end":{"line":510,"column":5}},"221":{"start":{"line":490,"column":31},"end":{"line":490,"column":75}},"222":{"start":{"line":492,"column":6},"end":{"line":494,"column":7}},"223":{"start":{"line":493,"column":8},"end":{"line":493,"column":37}},"224":{"start":{"line":497,"column":6},"end":{"line":500,"column":9}},"225":{"start":{"line":503,"column":6},"end":{"line":503,"column":72}},"226":{"start":{"line":504,"column":6},"end":{"line":507,"column":9}},"227":{"start":{"line":509,"column":6},"end":{"line":509,"column":36}},"228":{"start":{"line":512,"column":4},"end":{"line":512,"column":33}},"229":{"start":{"line":515,"column":20},"end":{"line":515,"column":24}},"230":{"start":{"line":516,"column":2},"end":{"line":520,"column":3}},"231":{"start":{"line":517,"column":4},"end":{"line":519,"column":6}},"232":{"start":{"line":523,"column":37},"end":{"line":523,"column":41}},"233":{"start":{"line":524,"column":2},"end":{"line":526,"column":3}},"234":{"start":{"line":525,"column":4},"end":{"line":525,"column":52}},"235":{"start":{"line":529,"column":36},"end":{"line":529,"column":38}},"236":{"start":{"line":530,"column":2},"end":{"line":532,"column":3}},"237":{"start":{"line":531,"column":4},"end":{"line":531,"column":72}},"238":{"start":{"line":535,"column":35},"end":{"line":535,"column":39}},"239":{"start":{"line":536,"column":2},"end":{"line":538,"column":3}},"240":{"start":{"line":537,"column":6},"end":{"line":537,"column":60}},"241":{"start":{"line":540,"column":25},"end":{"line":540,"column":51}},"242":{"start":{"line":541,"column":2},"end":{"line":541,"column":28}},"243":{"start":{"line":542,"column":2},"end":{"line":542,"column":34}},"244":{"start":{"line":543,"column":2},"end":{"line":543,"column":34}},"245":{"start":{"line":544,"column":2},"end":{"line":544,"column":28}},"246":{"start":{"line":546,"column":16},"end":{"line":552,"column":null}},"247":{"start":{"line":555,"column":2},"end":{"line":555,"column":18}},"248":{"start":{"line":397,"column":13},"end":{"line":397,"column":32}},"249":{"start":{"line":559,"column":13},"end":{"line":559,"column":36}},"250":{"start":{"line":564,"column":32},"end":{"line":575,"column":2}},"251":{"start":{"line":564,"column":43},"end":{"line":575,"column":2}},"252":{"start":{"line":565,"column":19},"end":{"line":565,"column":44}},"253":{"start":{"line":566,"column":2},"end":{"line":568,"column":3}},"254":{"start":{"line":567,"column":4},"end":{"line":567,"column":40}},"255":{"start":{"line":570,"column":17},"end":{"line":573,"column":5}},"256":{"start":{"line":570,"column":42},"end":{"line":573,"column":4}},"257":{"start":{"line":574,"column":2},"end":{"line":574,"column":16}},"258":{"start":{"line":564,"column":13},"end":{"line":564,"column":32}},"259":{"start":{"line":577,"column":33},"end":{"line":655,"column":2}},"260":{"start":{"line":579,"column":34},"end":{"line":655,"column":2}},"261":{"start":{"line":584,"column":22},"end":{"line":584,"column":55}},"262":{"start":{"line":586,"column":1},"end":{"line":588,"column":2}},"263":{"start":{"line":587,"column":3},"end":{"line":587,"column":39}},"264":{"start":{"line":591,"column":19},"end":{"line":591,"column":99}},"265":{"start":{"line":593,"column":2},"end":{"line":595,"column":3}},"266":{"start":{"line":594,"column":4},"end":{"line":594,"column":33}},"267":{"start":{"line":598,"column":2},"end":{"line":654,"column":4}},"268":{"start":{"line":599,"column":37},"end":{"line":653,"column":6}},"269":{"start":{"line":600,"column":29},"end":{"line":600,"column":48}},"270":{"start":{"line":601,"column":6},"end":{"line":601,"column":32}},"271":{"start":{"line":602,"column":6},"end":{"line":602,"column":38}},"272":{"start":{"line":603,"column":6},"end":{"line":603,"column":38}},"273":{"start":{"line":604,"column":6},"end":{"line":604,"column":32}},"274":{"start":{"line":607,"column":43},"end":{"line":607,"column":47}},"275":{"start":{"line":608,"column":27},"end":{"line":608,"column":47}},"276":{"start":{"line":610,"column":6},"end":{"line":612,"column":7}},"277":{"start":{"line":611,"column":8},"end":{"line":611,"column":70}},"278":{"start":{"line":616,"column":41},"end":{"line":616,"column":45}},"279":{"start":{"line":617,"column":6},"end":{"line":628,"column":7}},"280":{"start":{"line":618,"column":29},"end":{"line":621,"column":null}},"281":{"start":{"line":620,"column":12},"end":{"line":620,"column":52}},"282":{"start":{"line":625,"column":8},"end":{"line":627,"column":10}},"283":{"start":{"line":626,"column":50},"end":{"line":626,"column":67}},"284":{"start":{"line":631,"column":40},"end":{"line":631,"column":42}},"285":{"start":{"line":632,"column":6},"end":{"line":634,"column":7}},"286":{"start":{"line":633,"column":8},"end":{"line":633,"column":69}},"287":{"start":{"line":638,"column":39},"end":{"line":638,"column":43}},"288":{"start":{"line":639,"column":6},"end":{"line":641,"column":6}},"289":{"start":{"line":640,"column":6},"end":{"line":640,"column":53}},"290":{"start":{"line":645,"column":6},"end":{"line":652,"column":29}},"291":{"start":{"line":577,"column":13},"end":{"line":577,"column":33}}},"fnMap":{"0":{"name":"(anonymous_8)","decl":{"start":{"line":27,"column":30},"end":{"line":27,"column":null}},"loc":{"start":{"line":29,"column":39},"end":{"line":149,"column":2}}},"1":{"name":"(anonymous_9)","decl":{"start":{"line":29,"column":39},"end":{"line":29,"column":null}},"loc":{"start":{"line":29,"column":39},"end":{"line":149,"column":1}}},"2":{"name":"(anonymous_10)","decl":{"start":{"line":152,"column":31},"end":{"line":152,"column":70}},"loc":{"start":{"line":152,"column":72},"end":{"line":203,"column":2}}},"3":{"name":"(anonymous_11)","decl":{"start":{"line":152,"column":72},"end":{"line":152,"column":null}},"loc":{"start":{"line":152,"column":72},"end":{"line":203,"column":1}}},"4":{"name":"(anonymous_12)","decl":{"start":{"line":157,"column":18},"end":{"line":157,"column":25}},"loc":{"start":{"line":157,"column":37},"end":{"line":199,"column":6}}},"5":{"name":"(anonymous_13)","decl":{"start":{"line":157,"column":37},"end":{"line":157,"column":null}},"loc":{"start":{"line":157,"column":37},"end":{"line":199,"column":5}}},"6":{"name":"(anonymous_14)","decl":{"start":{"line":206,"column":31},"end":{"line":206,"column":null}},"loc":{"start":{"line":208,"column":39},"end":{"line":261,"column":2}}},"7":{"name":"(anonymous_15)","decl":{"start":{"line":208,"column":39},"end":{"line":208,"column":null}},"loc":{"start":{"line":208,"column":39},"end":{"line":261,"column":1}}},"8":{"name":"(anonymous_16)","decl":{"start":{"line":263,"column":31},"end":{"line":263,"column":null}},"loc":{"start":{"line":266,"column":41},"end":{"line":394,"column":2}}},"9":{"name":"(anonymous_17)","decl":{"start":{"line":266,"column":41},"end":{"line":266,"column":null}},"loc":{"start":{"line":266,"column":41},"end":{"line":394,"column":1}}},"10":{"name":"(anonymous_18)","decl":{"start":{"line":269,"column":23},"end":{"line":269,"column":24}},"loc":{"start":{"line":269,"column":37},"end":{"line":274,"column":6}}},"11":{"name":"(anonymous_19)","decl":{"start":{"line":349,"column":18},"end":{"line":349,"column":25}},"loc":{"start":{"line":349,"column":37},"end":{"line":392,"column":6}}},"12":{"name":"(anonymous_20)","decl":{"start":{"line":349,"column":37},"end":{"line":349,"column":null}},"loc":{"start":{"line":349,"column":37},"end":{"line":392,"column":5}}},"13":{"name":"(anonymous_21)","decl":{"start":{"line":397,"column":32},"end":{"line":397,"column":null}},"loc":{"start":{"line":400,"column":39},"end":{"line":556,"column":2}}},"14":{"name":"(anonymous_22)","decl":{"start":{"line":400,"column":39},"end":{"line":400,"column":null}},"loc":{"start":{"line":400,"column":39},"end":{"line":556,"column":1}}},"15":{"name":"(anonymous_23)","decl":{"start":{"line":481,"column":12},"end":{"line":481,"column":13}},"loc":{"start":{"line":482,"column":14},"end":{"line":482,"column":72}}},"16":{"name":"(anonymous_24)","decl":{"start":{"line":564,"column":32},"end":{"line":564,"column":41}},"loc":{"start":{"line":564,"column":43},"end":{"line":575,"column":2}}},"17":{"name":"(anonymous_25)","decl":{"start":{"line":564,"column":43},"end":{"line":564,"column":null}},"loc":{"start":{"line":564,"column":43},"end":{"line":575,"column":1}}},"18":{"name":"(anonymous_26)","decl":{"start":{"line":570,"column":30},"end":{"line":570,"column":37}},"loc":{"start":{"line":570,"column":42},"end":{"line":573,"column":4}}},"19":{"name":"(anonymous_27)","decl":{"start":{"line":577,"column":33},"end":{"line":577,"column":null}},"loc":{"start":{"line":579,"column":34},"end":{"line":655,"column":2}}},"20":{"name":"(anonymous_28)","decl":{"start":{"line":579,"column":34},"end":{"line":579,"column":null}},"loc":{"start":{"line":579,"column":34},"end":{"line":655,"column":1}}},"21":{"name":"(anonymous_29)","decl":{"start":{"line":599,"column":18},"end":{"line":599,"column":25}},"loc":{"start":{"line":599,"column":37},"end":{"line":653,"column":6}}},"22":{"name":"(anonymous_30)","decl":{"start":{"line":599,"column":37},"end":{"line":599,"column":null}},"loc":{"start":{"line":599,"column":37},"end":{"line":653,"column":5}}},"23":{"name":"(anonymous_31)","decl":{"start":{"line":619,"column":29},"end":{"line":619,"column":30}},"loc":{"start":{"line":620,"column":12},"end":{"line":620,"column":52}}},"24":{"name":"(anonymous_32)","decl":{"start":{"line":626,"column":10},"end":{"line":626,"column":11}},"loc":{"start":{"line":626,"column":50},"end":{"line":626,"column":67}}}},"branchMap":{"0":{"loc":{"start":{"line":31,"column":2},"end":{"line":38,"column":3}},"type":"if","locations":[{"start":{"line":31,"column":2},"end":{"line":38,"column":3}}]},"1":{"loc":{"start":{"line":35,"column":4},"end":{"line":37,"column":5}},"type":"if","locations":[{"start":{"line":35,"column":4},"end":{"line":37,"column":5}}]},"2":{"loc":{"start":{"line":41,"column":2},"end":{"line":48,"column":3}},"type":"if","locations":[{"start":{"line":41,"column":2},"end":{"line":48,"column":3}}]},"3":{"loc":{"start":{"line":41,"column":6},"end":{"line":41,"column":69}},"type":"binary-expr","locations":[{"start":{"line":41,"column":6},"end":{"line":41,"column":30}},{"start":{"line":41,"column":34},"end":{"line":41,"column":69}}]},"4":{"loc":{"start":{"line":44,"column":6},"end":{"line":46,"column":7}},"type":"if","locations":[{"start":{"line":44,"column":6},"end":{"line":46,"column":7}}]},"5":{"loc":{"start":{"line":51,"column":2},"end":{"line":58,"column":3}},"type":"if","locations":[{"start":{"line":51,"column":2},"end":{"line":58,"column":3}}]},"6":{"loc":{"start":{"line":51,"column":6},"end":{"line":51,"column":57}},"type":"binary-expr","locations":[{"start":{"line":51,"column":6},"end":{"line":51,"column":24}},{"start":{"line":51,"column":28},"end":{"line":51,"column":57}}]},"7":{"loc":{"start":{"line":54,"column":6},"end":{"line":56,"column":7}},"type":"if","locations":[{"start":{"line":54,"column":6},"end":{"line":56,"column":7}}]},"8":{"loc":{"start":{"line":61,"column":2},"end":{"line":68,"column":3}},"type":"if","locations":[{"start":{"line":61,"column":2},"end":{"line":68,"column":3}}]},"9":{"loc":{"start":{"line":61,"column":6},"end":{"line":61,"column":71}},"type":"binary-expr","locations":[{"start":{"line":61,"column":6},"end":{"line":61,"column":31}},{"start":{"line":61,"column":35},"end":{"line":61,"column":71}}]},"10":{"loc":{"start":{"line":64,"column":6},"end":{"line":66,"column":7}},"type":"if","locations":[{"start":{"line":64,"column":6},"end":{"line":66,"column":7}}]},"11":{"loc":{"start":{"line":71,"column":2},"end":{"line":78,"column":3}},"type":"if","locations":[{"start":{"line":71,"column":2},"end":{"line":78,"column":3}}]},"12":{"loc":{"start":{"line":71,"column":6},"end":{"line":71,"column":71}},"type":"binary-expr","locations":[{"start":{"line":71,"column":6},"end":{"line":71,"column":31}},{"start":{"line":71,"column":35},"end":{"line":71,"column":71}}]},"13":{"loc":{"start":{"line":74,"column":6},"end":{"line":76,"column":7}},"type":"if","locations":[{"start":{"line":74,"column":6},"end":{"line":76,"column":7}}]},"14":{"loc":{"start":{"line":81,"column":2},"end":{"line":86,"column":3}},"type":"if","locations":[{"start":{"line":81,"column":2},"end":{"line":86,"column":3}}]},"15":{"loc":{"start":{"line":83,"column":4},"end":{"line":85,"column":5}},"type":"if","locations":[{"start":{"line":83,"column":4},"end":{"line":85,"column":5}}]},"16":{"loc":{"start":{"line":93,"column":2},"end":{"line":108,"column":3}},"type":"if","locations":[{"start":{"line":93,"column":2},"end":{"line":108,"column":3}}]},"17":{"loc":{"start":{"line":93,"column":6},"end":{"line":93,"column":69}},"type":"binary-expr","locations":[{"start":{"line":93,"column":6},"end":{"line":93,"column":30}},{"start":{"line":93,"column":34},"end":{"line":93,"column":69}}]},"18":{"loc":{"start":{"line":97,"column":6},"end":{"line":106,"column":7}},"type":"if","locations":[{"start":{"line":97,"column":6},"end":{"line":106,"column":7}}]},"19":{"loc":{"start":{"line":98,"column":39},"end":{"line":98,"column":73}},"type":"binary-expr","locations":[{"start":{"line":98,"column":39},"end":{"line":98,"column":67}},{"start":{"line":98,"column":71},"end":{"line":98,"column":73}}]},"20":{"loc":{"start":{"line":111,"column":2},"end":{"line":113,"column":3}},"type":"if","locations":[{"start":{"line":111,"column":2},"end":{"line":113,"column":3}}]},"21":{"loc":{"start":{"line":117,"column":2},"end":{"line":119,"column":3}},"type":"if","locations":[{"start":{"line":117,"column":2},"end":{"line":119,"column":3}}]},"22":{"loc":{"start":{"line":117,"column":6},"end":{"line":117,"column":55}},"type":"binary-expr","locations":[{"start":{"line":117,"column":6},"end":{"line":117,"column":23}},{"start":{"line":117,"column":27},"end":{"line":117,"column":55}}]},"23":{"loc":{"start":{"line":123,"column":2},"end":{"line":125,"column":3}},"type":"if","locations":[{"start":{"line":123,"column":2},"end":{"line":125,"column":3}}]},"24":{"loc":{"start":{"line":123,"column":6},"end":{"line":123,"column":69}},"type":"binary-expr","locations":[{"start":{"line":123,"column":6},"end":{"line":123,"column":30}},{"start":{"line":123,"column":34},"end":{"line":123,"column":69}}]},"25":{"loc":{"start":{"line":129,"column":2},"end":{"line":131,"column":3}},"type":"if","locations":[{"start":{"line":129,"column":2},"end":{"line":131,"column":3}}]},"26":{"loc":{"start":{"line":162,"column":6},"end":{"line":164,"column":7}},"type":"if","locations":[{"start":{"line":162,"column":6},"end":{"line":164,"column":7}}]},"27":{"loc":{"start":{"line":168,"column":6},"end":{"line":170,"column":7}},"type":"if","locations":[{"start":{"line":168,"column":6},"end":{"line":170,"column":7}}]},"28":{"loc":{"start":{"line":168,"column":10},"end":{"line":168,"column":53}},"type":"binary-expr","locations":[{"start":{"line":168,"column":10},"end":{"line":168,"column":24}},{"start":{"line":168,"column":28},"end":{"line":168,"column":53}}]},"29":{"loc":{"start":{"line":174,"column":6},"end":{"line":176,"column":7}},"type":"if","locations":[{"start":{"line":174,"column":6},"end":{"line":176,"column":7}}]},"30":{"loc":{"start":{"line":174,"column":10},"end":{"line":174,"column":67}},"type":"binary-expr","locations":[{"start":{"line":174,"column":10},"end":{"line":174,"column":31}},{"start":{"line":174,"column":35},"end":{"line":174,"column":67}}]},"31":{"loc":{"start":{"line":180,"column":6},"end":{"line":182,"column":7}},"type":"if","locations":[{"start":{"line":180,"column":6},"end":{"line":182,"column":7}}]},"32":{"loc":{"start":{"line":194,"column":21},"end":{"line":194,"column":39}},"type":"binary-expr","locations":[{"start":{"line":194,"column":21},"end":{"line":194,"column":31}},{"start":{"line":194,"column":35},"end":{"line":194,"column":39}}]},"33":{"loc":{"start":{"line":195,"column":15},"end":{"line":195,"column":28}},"type":"binary-expr","locations":[{"start":{"line":195,"column":15},"end":{"line":195,"column":20}},{"start":{"line":195,"column":24},"end":{"line":195,"column":28}}]},"34":{"loc":{"start":{"line":212,"column":2},"end":{"line":214,"column":3}},"type":"if","locations":[{"start":{"line":212,"column":2},"end":{"line":214,"column":3}}]},"35":{"loc":{"start":{"line":220,"column":2},"end":{"line":222,"column":3}},"type":"if","locations":[{"start":{"line":220,"column":2},"end":{"line":222,"column":3}}]},"36":{"loc":{"start":{"line":226,"column":2},"end":{"line":228,"column":3}},"type":"if","locations":[{"start":{"line":226,"column":2},"end":{"line":228,"column":3}}]},"37":{"loc":{"start":{"line":226,"column":6},"end":{"line":226,"column":49}},"type":"binary-expr","locations":[{"start":{"line":226,"column":6},"end":{"line":226,"column":20}},{"start":{"line":226,"column":24},"end":{"line":226,"column":49}}]},"38":{"loc":{"start":{"line":233,"column":2},"end":{"line":235,"column":3}},"type":"if","locations":[{"start":{"line":233,"column":2},"end":{"line":235,"column":3}}]},"39":{"loc":{"start":{"line":233,"column":6},"end":{"line":233,"column":63}},"type":"binary-expr","locations":[{"start":{"line":233,"column":6},"end":{"line":233,"column":27}},{"start":{"line":233,"column":31},"end":{"line":233,"column":63}}]},"40":{"loc":{"start":{"line":240,"column":2},"end":{"line":242,"column":3}},"type":"if","locations":[{"start":{"line":240,"column":2},"end":{"line":242,"column":3}}]},"41":{"loc":{"start":{"line":256,"column":17},"end":{"line":256,"column":35}},"type":"binary-expr","locations":[{"start":{"line":256,"column":17},"end":{"line":256,"column":27}},{"start":{"line":256,"column":31},"end":{"line":256,"column":35}}]},"42":{"loc":{"start":{"line":257,"column":11},"end":{"line":257,"column":24}},"type":"binary-expr","locations":[{"start":{"line":257,"column":11},"end":{"line":257,"column":16}},{"start":{"line":257,"column":20},"end":{"line":257,"column":24}}]},"43":{"loc":{"start":{"line":279,"column":2},"end":{"line":337,"column":3}},"type":"if","locations":[{"start":{"line":279,"column":2},"end":{"line":337,"column":3}}]},"44":{"loc":{"start":{"line":281,"column":4},"end":{"line":298,"column":5}},"type":"if","locations":[{"start":{"line":281,"column":4},"end":{"line":298,"column":5}}]},"45":{"loc":{"start":{"line":281,"column":8},"end":{"line":283,"column":37}},"type":"binary-expr","locations":[{"start":{"line":281,"column":8},"end":{"line":281,"column":28}},{"start":{"line":282,"column":6},"end":{"line":282,"column":41}},{"start":{"line":283,"column":6},"end":{"line":283,"column":37}}]},"46":{"loc":{"start":{"line":286,"column":6},"end":{"line":297,"column":7}},"type":"if","locations":[{"start":{"line":286,"column":6},"end":{"line":297,"column":7}},{"start":{"line":291,"column":13},"end":{"line":297,"column":7}}]},"47":{"loc":{"start":{"line":299,"column":4},"end":{"line":303,"column":5}},"type":"if","locations":[{"start":{"line":299,"column":4},"end":{"line":303,"column":5}}]},"48":{"loc":{"start":{"line":304,"column":4},"end":{"line":308,"column":5}},"type":"if","locations":[{"start":{"line":304,"column":4},"end":{"line":308,"column":5}}]},"49":{"loc":{"start":{"line":312,"column":4},"end":{"line":317,"column":5}},"type":"if","locations":[{"start":{"line":312,"column":4},"end":{"line":317,"column":5}}]},"50":{"loc":{"start":{"line":314,"column":6},"end":{"line":316,"column":7}},"type":"if","locations":[{"start":{"line":314,"column":6},"end":{"line":316,"column":7}}]},"51":{"loc":{"start":{"line":320,"column":4},"end":{"line":322,"column":5}},"type":"if","locations":[{"start":{"line":320,"column":4},"end":{"line":322,"column":5}}]},"52":{"loc":{"start":{"line":323,"column":4},"end":{"line":327,"column":5}},"type":"if","locations":[{"start":{"line":323,"column":4},"end":{"line":327,"column":5}}]},"53":{"loc":{"start":{"line":329,"column":4},"end":{"line":332,"column":5}},"type":"if","locations":[{"start":{"line":329,"column":4},"end":{"line":332,"column":5}}]},"54":{"loc":{"start":{"line":334,"column":4},"end":{"line":336,"column":5}},"type":"if","locations":[{"start":{"line":334,"column":4},"end":{"line":336,"column":5}}]},"55":{"loc":{"start":{"line":341,"column":15},"end":{"line":341,"column":38}},"type":"binary-expr","locations":[{"start":{"line":341,"column":15},"end":{"line":341,"column":32}},{"start":{"line":341,"column":36},"end":{"line":341,"column":38}}]},"56":{"loc":{"start":{"line":341,"column":45},"end":{"line":341,"column":67}},"type":"binary-expr","locations":[{"start":{"line":341,"column":45},"end":{"line":341,"column":61}},{"start":{"line":341,"column":65},"end":{"line":341,"column":67}}]},"57":{"loc":{"start":{"line":345,"column":2},"end":{"line":347,"column":3}},"type":"if","locations":[{"start":{"line":345,"column":2},"end":{"line":347,"column":3}}]},"58":{"loc":{"start":{"line":359,"column":6},"end":{"line":361,"column":7}},"type":"if","locations":[{"start":{"line":359,"column":6},"end":{"line":361,"column":7}}]},"59":{"loc":{"start":{"line":365,"column":6},"end":{"line":367,"column":7}},"type":"if","locations":[{"start":{"line":365,"column":6},"end":{"line":367,"column":7}}]},"60":{"loc":{"start":{"line":365,"column":10},"end":{"line":365,"column":53}},"type":"binary-expr","locations":[{"start":{"line":365,"column":10},"end":{"line":365,"column":24}},{"start":{"line":365,"column":28},"end":{"line":365,"column":53}}]},"61":{"loc":{"start":{"line":372,"column":6},"end":{"line":374,"column":7}},"type":"if","locations":[{"start":{"line":372,"column":6},"end":{"line":374,"column":7}}]},"62":{"loc":{"start":{"line":372,"column":10},"end":{"line":372,"column":67}},"type":"binary-expr","locations":[{"start":{"line":372,"column":10},"end":{"line":372,"column":31}},{"start":{"line":372,"column":35},"end":{"line":372,"column":67}}]},"63":{"loc":{"start":{"line":380,"column":5},"end":{"line":382,"column":6}},"type":"if","locations":[{"start":{"line":380,"column":5},"end":{"line":382,"column":6}}]},"64":{"loc":{"start":{"line":387,"column":21},"end":{"line":387,"column":39}},"type":"binary-expr","locations":[{"start":{"line":387,"column":21},"end":{"line":387,"column":31}},{"start":{"line":387,"column":35},"end":{"line":387,"column":39}}]},"65":{"loc":{"start":{"line":388,"column":15},"end":{"line":388,"column":28}},"type":"binary-expr","locations":[{"start":{"line":388,"column":15},"end":{"line":388,"column":20}},{"start":{"line":388,"column":24},"end":{"line":388,"column":28}}]},"66":{"loc":{"start":{"line":406,"column":2},"end":{"line":408,"column":3}},"type":"if","locations":[{"start":{"line":406,"column":2},"end":{"line":408,"column":3}}]},"67":{"loc":{"start":{"line":411,"column":2},"end":{"line":414,"column":3}},"type":"if","locations":[{"start":{"line":411,"column":2},"end":{"line":414,"column":3}}]},"68":{"loc":{"start":{"line":411,"column":6},"end":{"line":411,"column":100}},"type":"binary-expr","locations":[{"start":{"line":411,"column":6},"end":{"line":411,"column":22}},{"start":{"line":411,"column":26},"end":{"line":411,"column":62}},{"start":{"line":411,"column":66},"end":{"line":411,"column":100}}]},"69":{"loc":{"start":{"line":416,"column":2},"end":{"line":423,"column":3}},"type":"if","locations":[{"start":{"line":416,"column":2},"end":{"line":423,"column":3}}]},"70":{"loc":{"start":{"line":420,"column":4},"end":{"line":422,"column":5}},"type":"if","locations":[{"start":{"line":420,"column":4},"end":{"line":422,"column":5}}]},"71":{"loc":{"start":{"line":427,"column":2},"end":{"line":442,"column":3}},"type":"if","locations":[{"start":{"line":427,"column":2},"end":{"line":442,"column":3}}]},"72":{"loc":{"start":{"line":427,"column":6},"end":{"line":427,"column":53}},"type":"binary-expr","locations":[{"start":{"line":427,"column":6},"end":{"line":427,"column":22}},{"start":{"line":427,"column":26},"end":{"line":427,"column":53}}]},"73":{"loc":{"start":{"line":430,"column":6},"end":{"line":432,"column":7}},"type":"if","locations":[{"start":{"line":430,"column":6},"end":{"line":432,"column":7}}]},"74":{"loc":{"start":{"line":435,"column":28},"end":{"line":435,"column":55}},"type":"binary-expr","locations":[{"start":{"line":435,"column":28},"end":{"line":435,"column":49}},{"start":{"line":435,"column":53},"end":{"line":435,"column":55}}]},"75":{"loc":{"start":{"line":438,"column":6},"end":{"line":440,"column":7}},"type":"if","locations":[{"start":{"line":438,"column":6},"end":{"line":440,"column":7}}]},"76":{"loc":{"start":{"line":446,"column":2},"end":{"line":453,"column":3}},"type":"if","locations":[{"start":{"line":446,"column":2},"end":{"line":453,"column":3}}]},"77":{"loc":{"start":{"line":446,"column":6},"end":{"line":446,"column":77}},"type":"binary-expr","locations":[{"start":{"line":446,"column":6},"end":{"line":446,"column":34}},{"start":{"line":446,"column":38},"end":{"line":446,"column":77}}]},"78":{"loc":{"start":{"line":449,"column":6},"end":{"line":451,"column":7}},"type":"if","locations":[{"start":{"line":449,"column":6},"end":{"line":451,"column":7}}]},"79":{"loc":{"start":{"line":456,"column":2},"end":{"line":463,"column":3}},"type":"if","locations":[{"start":{"line":456,"column":2},"end":{"line":463,"column":3}}]},"80":{"loc":{"start":{"line":456,"column":6},"end":{"line":456,"column":77}},"type":"binary-expr","locations":[{"start":{"line":456,"column":6},"end":{"line":456,"column":34}},{"start":{"line":456,"column":38},"end":{"line":456,"column":77}}]},"81":{"loc":{"start":{"line":459,"column":6},"end":{"line":461,"column":7}},"type":"if","locations":[{"start":{"line":459,"column":6},"end":{"line":461,"column":7}}]},"82":{"loc":{"start":{"line":466,"column":4},"end":{"line":471,"column":5}},"type":"if","locations":[{"start":{"line":466,"column":4},"end":{"line":471,"column":5}}]},"83":{"loc":{"start":{"line":468,"column":6},"end":{"line":470,"column":7}},"type":"if","locations":[{"start":{"line":468,"column":6},"end":{"line":470,"column":7}}]},"84":{"loc":{"start":{"line":474,"column":2},"end":{"
[...]
":{"name":"(anonymous_8)","decl":{"start":{"line":9,"column":33},"end":{"line":9,"column":null}},"loc":{"start":{"line":11,"column":27},"end":{"line":24,"column":2}}},"1":{"name":"(anonymous_9)","decl":{"start":{"line":11,"column":27},"end":{"line":11,"column":null}},"loc":{"start":{"line":11,"column":27},"end":{"line":24,"column":1}}},"2":{"name":"(anonymous_10)","decl":{"start":{"line":28,"column":34},"end":{"line":28,"column":68}},"loc":{"start":{"line":28,"column":70},"end":{"line":37,"column":2}}},"3":{"name":"(anonymous_11)","decl":{"start":{"line":28,"column":70},"end":{"line":28,"column":null}},"loc":{"start":{"line":28,"column":70},"end":{"line":37,"column":1}}},"4":{"name":"(anonymous_12)","decl":{"start":{"line":41,"column":35},"end":{"line":41,"column":null}},"loc":{"start":{"line":43,"column":34},"end":{"line":54,"column":2}}},"5":{"name":"(anonymous_13)","decl":{"start":{"line":43,"column":34},"end":{"line":43,"column":null}},"loc":{"start":{"line":43,"column":34},"end":{"line":54,"column":1}}},"6":{"name":"(anonymous_14)","decl":{"start":{"line":56,"column":33},"end":{"line":56,"column":null}},"loc":{"start":{"line":58,"column":29},"end":{"line":68,"column":2}}},"7":{"name":"(anonymous_15)","decl":{"start":{"line":58,"column":29},"end":{"line":58,"column":null}},"loc":{"start":{"line":58,"column":29},"end":{"line":68,"column":1}}},"8":{"name":"(anonymous_16)","decl":{"start":{"line":61,"column":25},"end":{"line":61,"column":26}},"loc":{"start":{"line":61,"column":44},"end":{"line":61,"column":89}}},"9":{"name":"(anonymous_17)","decl":{"start":{"line":64,"column":6},"end":{"line":64,"column":7}},"loc":{"start":{"line":64,"column":52},"end":{"line":64,"column":72}}},"10":{"name":"(anonymous_18)","decl":{"start":{"line":71,"column":42},"end":{"line":71,"column":null}},"loc":{"start":{"line":73,"column":25},"end":{"line":90,"column":2}}},"11":{"name":"(anonymous_19)","decl":{"start":{"line":73,"column":25},"end":{"line":73,"column":null}},"loc":{"start":{"line":73,"column":25},"end":{"line":90,"column":1}}},"12":{"name":"(anonymous_20)","decl":{"start":{"line":79,"column":40},"end":{"line":79,"column":44}},"loc":{"start":{"line":79,"column":48},"end":{"line":79,"column":81}}},"13":{"name":"(anonymous_21)","decl":{"start":{"line":85,"column":30},"end":{"line":85,"column":41}},"loc":{"start":{"line":85,"column":46},"end":{"line":85,"column":85}}}},"branchMap":{"0":{"loc":{"start":{"line":32,"column":2},"end":{"line":34,"column":3}},"type":"if","locations":[{"start":{"line":32,"column":2},"end":{"line":34,"column":3}}]},"1":{"loc":{"start":{"line":46,"column":4},"end":{"line":48,"column":5}},"type":"if","locations":[{"start":{"line":46,"column":4},"end":{"line":48,"column":5}}]},"2":{"loc":{"start":{"line":59,"column":2},"end":{"line":66,"column":3}},"type":"if","locations":[{"start":{"line":59,"column":2},"end":{"line":66,"column":3}}]},"3":{"loc":{"start":{"line":76,"column":2},"end":{"line":87,"column":3}},"type":"if","locations":[{"start":{"line":76,"column":2},"end":{"line":87,"column":3}}]},"4":{"loc":{"start":{"line":76,"column":6},"end":{"line":76,"column":53}},"type":"binary-expr","locations":[{"start":{"line":76,"column":6},"end":{"line":76,"column":22}},{"start":{"line":76,"column":26},"end":{"line":76,"column":53}}]},"5":{"loc":{"start":{"line":83,"column":4},"end":{"line":86,"column":5}},"type":"if","locations":[{"start":{"line":83,"column":4},"end":{"line":86,"column":5}}]}},"s":{"0":2,"1":2,"2":2,"3":2,"4":0,"5":0,"6":0,"7":0,"8":0,"9":0,"10":2,"11":2,"12":0,"13":0,"14":0,"15":0,"16":0,"17":2,"18":2,"19":0,"20":0,"21":0,"22":0,"23":0,"24":0,"25":0,"26":2,"27":2,"28":0,"29":0,"30":0,"31":0,"32":0,"33":0,"34":0,"35":2,"36":2,"37":0,"38":0,"39":0,"40":0,"41":0,"42":0,"43":0,"44":0,"45":0,"46":0,"47":2},"f":{"0":0,"1":0,"2":0,"3":0,"4":0,"5":0,"6":0,"7":0,"8":0,"9":0,"10":0,"11":0,"12":0,"13":0},"b":{"0":[0],"1":[0],"2":[0],"3":[0],"4":[0,0],"5":[0]}}
,"/Users/sergio/Desktop/software_eng_2/main_project/se2-kiruna-explorer-19/server/src/services/user.service.ts": {"path":"/Users/sergio/Desktop/software_eng_2/main_project/se2-kiruna-explorer-19/server/src/services/user.service.ts","statementMap":{"0":{"start":{"line":1,"column":0},"end":{"line":1,"column":28}},"1":{"start":{"line":2,"column":0},"end":{"line":2,"column":31}},"2":{"start":{"line":3,"column":0},"end":{"line":3,"column":42}},"3":{"start":{"line":5,"column":0},"end":{"line":5,"column":49}},"4":{"start":{"line":7,"column":0},"end":{"line":7,"column":55}},"5":{"start":{"line":9,"column":18},"end":{"line":9,"column":61}},"6":{"start":{"line":11,"column":27},"end":{"line":21,"column":2}},"7":{"start":{"line":11,"column":64},"end":{"line":21,"column":2}},"8":{"start":{"line":12,"column":16},"end":{"line":12,"column":33}},"9":{"start":{"line":13,"column":2},"end":{"line":20,"column":6}},"10":{"start":{"line":13,"column":30},"end":{"line":20,"column":4}},"11":{"start":{"line":11,"column":13},"end":{"line":11,"column":27}},"12":{"start":{"line":23,"column":29},"end":{"line":47,"column":2}},"13":{"start":{"line":25,"column":21},"end":{"line":47,"column":2}},"14":{"start":{"line":26,"column":58},"end":{"line":26,"column":66}},"15":{"start":{"line":29,"column":15},"end":{"line":29,"column":39}},"16":{"start":{"line":30,"column":2},"end":{"line":32,"column":3}},"17":{"start":{"line":31,"column":4},"end":{"line":31,"column":55}},"18":{"start":{"line":33,"column":25},"end":{"line":33,"column":58}},"19":{"start":{"line":35,"column":18},"end":{"line":42,"column":4}},"20":{"start":{"line":44,"column":2},"end":{"line":44,"column":23}},"21":{"start":{"line":46,"column":2},"end":{"line":46,"column":37}},"22":{"start":{"line":23,"column":13},"end":{"line":23,"column":29}},"23":{"start":{"line":49,"column":27},"end":{"line":67,"column":2}},"24":{"start":{"line":51,"column":35},"end":{"line":67,"column":2}},"25":{"start":{"line":52,"column":15},"end":{"line":52,"column":38}},"26":{"start":{"line":53,"column":2},"end":{"line":55,"column":3}},"27":{"start":{"line":54,"column":4},"end":{"line":54,"column":16}},"28":{"start":{"line":57,"column":38},"end":{"line":64,"column":4}},"29":{"start":{"line":66,"column":2},"end":{"line":66,"column":22}},"30":{"start":{"line":49,"column":13},"end":{"line":49,"column":27}},"31":{"start":{"line":69,"column":25},"end":{"line":93,"column":2}},"32":{"start":{"line":72,"column":32},"end":{"line":93,"column":2}},"33":{"start":{"line":73,"column":15},"end":{"line":73,"column":44}},"34":{"start":{"line":74,"column":2},"end":{"line":76,"column":3}},"35":{"start":{"line":75,"column":4},"end":{"line":75,"column":39}},"36":{"start":{"line":78,"column":18},"end":{"line":78,"column":63}},"37":{"start":{"line":79,"column":2},"end":{"line":81,"column":3}},"38":{"start":{"line":80,"column":4},"end":{"line":80,"column":39}},"39":{"start":{"line":84,"column":16},"end":{"line":89,"column":null}},"40":{"start":{"line":92,"column":2},"end":{"line":92,"column":19}},"41":{"start":{"line":69,"column":13},"end":{"line":69,"column":25}},"42":{"start":{"line":96,"column":13},"end":{"line":96,"column":33}}},"fnMap":{"0":{"name":"(anonymous_8)","decl":{"start":{"line":11,"column":27},"end":{"line":11,"column":62}},"loc":{"start":{"line":11,"column":64},"end":{"line":21,"column":2}}},"1":{"name":"(anonymous_9)","decl":{"start":{"line":11,"column":64},"end":{"line":11,"column":null}},"loc":{"start":{"line":11,"column":64},"end":{"line":21,"column":1}}},"2":{"name":"(anonymous_10)","decl":{"start":{"line":13,"column":19},"end":{"line":13,"column":20}},"loc":{"start":{"line":13,"column":30},"end":{"line":20,"column":4}}},"3":{"name":"(anonymous_11)","decl":{"start":{"line":23,"column":29},"end":{"line":23,"column":null}},"loc":{"start":{"line":25,"column":21},"end":{"line":47,"column":2}}},"4":{"name":"(anonymous_12)","decl":{"start":{"line":25,"column":21},"end":{"line":25,"column":null}},"loc":{"start":{"line":25,"column":21},"end":{"line":47,"column":1}}},"5":{"name":"(anonymous_13)","decl":{"start":{"line":49,"column":27},"end":{"line":49,"column":null}},"loc":{"start":{"line":51,"column":35},"end":{"line":67,"column":2}}},"6":{"name":"(anonymous_14)","decl":{"start":{"line":51,"column":35},"end":{"line":51,"column":null}},"loc":{"start":{"line":51,"column":35},"end":{"line":67,"column":1}}},"7":{"name":"(anonymous_15)","decl":{"start":{"line":69,"column":25},"end":{"line":69,"column":null}},"loc":{"start":{"line":72,"column":32},"end":{"line":93,"column":2}}},"8":{"name":"(anonymous_16)","decl":{"start":{"line":72,"column":32},"end":{"line":72,"column":null}},"loc":{"start":{"line":72,"column":32},"end":{"line":93,"column":1}}}},"branchMap":{"0":{"loc":{"start":{"line":9,"column":18},"end":{"line":9,"column":61}},"type":"cond-expr","locations":[{"start":{"line":9,"column":40},"end":{"line":9,"column":44}},{"start":{"line":9,"column":44},"end":{"line":9,"column":61}}]},"1":{"loc":{"start":{"line":9,"column":18},"end":{"line":9,"column":44}},"type":"binary-expr","locations":[{"start":{"line":9,"column":18},"end":{"line":9,"column":44}},{"start":{"line":9,"column":40},"end":{"line":9,"column":44}}]},"2":{"loc":{"start":{"line":30,"column":2},"end":{"line":32,"column":3}},"type":"if","locations":[{"start":{"line":30,"column":2},"end":{"line":32,"column":3}}]},"3":{"loc":{"start":{"line":53,"column":2},"end":{"line":55,"column":3}},"type":"if","locations":[{"start":{"line":53,"column":2},"end":{"line":55,"column":3}}]},"4":{"loc":{"start":{"line":74,"column":2},"end":{"line":76,"column":3}},"type":"if","locations":[{"start":{"line":74,"column":2},"end":{"line":76,"column":3}}]},"5":{"loc":{"start":{"line":79,"column":2},"end":{"line":81,"column":3}},"type":"if","locations":[{"start":{"line":79,"column":2},"end":{"line":81,"column":3}}]}},"s":{"0":2,"1":2,"2":2,"3":2,"4":2,"5":2,"6":2,"7":1,"8":1,"9":1,"10":2,"11":2,"12":2,"13":3,"14":3,"15":3,"16":3,"17":2,"18":1,"19":1,"20":1,"21":1,"22":2,"23":2,"24":2,"25":2,"26":2,"27":1,"28":1,"29":1,"30":2,"31":2,"32":3,"33":3,"34":3,"35":1,"36":2,"37":2,"38":1,"39":1,"40":1,"41":2,"42":2},"f":{"0":1,"1":1,"2":2,"3":3,"4":3,"5":2,"6":2,"7":3,"8":3},"b":{"0":[0,2],"1":[2,2],"2":[2],"3":[1],"4":[1],"5":[1]}}
,"/Users/sergio/Desktop/software_eng_2/main_project/se2-kiruna-explorer-19/server/src/utils/customError.ts": {"path":"/Users/sergio/Desktop/software_eng_2/main_project/se2-kiruna-explorer-19/server/src/utils/customError.ts","statementMap":{"0":{"start":{"line":6,"column":4},"end":{"line":6,"column":19}},"1":{"start":{"line":7,"column":4},"end":{"line":7,"column":25}},"2":{"start":{"line":8,"column":4},"end":{"line":8,"column":25}},"3":{"start":{"line":9,"column":4},"end":{"line":9,"column":55}},"4":{"start":{"line":1,"column":0},"end":{"line":1,"column":13}}},"fnMap":{"0":{"name":"(anonymous_0)","decl":{"start":{"line":5,"column":2},"end":{"line":5,"column":14}},"loc":{"start":{"line":5,"column":61},"end":{"line":10,"column":3}}}},"branchMap":{},"s":{"0":82,"1":82,"2":82,"3":82,"4":8},"f":{"0":82},"b":{}}
,"/Users/sergio/Desktop/software_eng_2/main_project/se2-kiruna-explorer-19/server/src/utils/errors.ts": {"path":"/Users/sergio/Desktop/software_eng_2/main_project/se2-kiruna-explorer-19/server/src/utils/errors.ts","statementMap":{"0":{"start":{"line":1,"column":0},"end":{"line":1,"column":49}},"1":{"start":{"line":3,"column":23},"end":{"line":3,"column":64}},"2":{"start":{"line":4,"column":18},"end":{"line":4,"column":38}},"3":{"start":{"line":5,"column":17},"end":{"line":5,"column":45}},"4":{"start":{"line":6,"column":20},"end":{"line":6,"column":54}},"5":{"start":{"line":7,"column":24},"end":{"line":7,"column":41}},"6":{"start":{"line":8,"column":30},"end":{"line":8,"column":53}},"7":{"start":{"line":9,"column":31},"end":{"line":9,"column":56}},"8":{"start":{"line":13,"column":4},"end":{"line":13,"column":39}},"9":{"start":{"line":55,"column":2},"end":{"line":55,"column":20}},"10":{"start":{"line":19,"column":4},"end":{"line":19,"column":34}},"11":{"start":{"line":56,"column":2},"end":{"line":56,"column":18}},"12":{"start":{"line":25,"column":4},"end":{"line":25,"column":33}},"13":{"start":{"line":57,"column":2},"end":{"line":57,"column":24}},"14":{"start":{"line":31,"column":4},"end":{"line":31,"column":36}},"15":{"start":{"line":58,"column":2},"end":{"line":58,"column":15}},"16":{"start":{"line":37,"column":4},"end":{"line":37,"column":40}},"17":{"start":{"line":59,"column":2},"end":{"line":59,"column":20}},"18":{"start":{"line":43,"column":4},"end":{"line":43,"column":46}},"19":{"start":{"line":60,"column":2},"end":{"line":60,"column":26}},"20":{"start":{"line":50,"column":4},"end":{"line":50,"column":47}},"21":{"start":{"line":61,"column":2},"end":{"line":61,"column":27}}},"fnMap":{"0":{"name":"(anonymous_0)","decl":{"start":{"line":12,"column":2},"end":{"line":12,"column":14}},"loc":{"start":{"line":12,"column":28},"end":{"line":14,"column":3}}},"1":{"name":"(anonymous_1)","decl":{"start":{"line":18,"column":2},"end":{"line":18,"column":14}},"loc":{"start":{"line":18,"column":28},"end":{"line":20,"column":3}}},"2":{"name":"(anonymous_2)","decl":{"start":{"line":24,"column":2},"end":{"line":24,"column":14}},"loc":{"start":{"line":24,"column":28},"end":{"line":26,"column":3}}},"3":{"name":"(anonymous_3)","decl":{"start":{"line":30,"column":2},"end":{"line":30,"column":14}},"loc":{"start":{"line":30,"column":28},"end":{"line":32,"column":3}}},"4":{"name":"(anonymous_4)","decl":{"start":{"line":36,"column":2},"end":{"line":36,"column":14}},"loc":{"start":{"line":36,"column":28},"end":{"line":38,"column":3}}},"5":{"name":"(anonymous_5)","decl":{"start":{"line":42,"column":2},"end":{"line":42,"column":14}},"loc":{"start":{"line":42,"column":28},"end":{"line":44,"column":3}}},"6":{"name":"(anonymous_6)","decl":{"start":{"line":49,"column":2},"end":{"line":49,"column":14}},"loc":{"start":{"line":49,"column":28},"end":{"line":51,"column":3}}}},"branchMap":{},"s":{"0":6,"1":6,"2":6,"3":6,"4":6,"5":6,"6":6,"7":6,"8":2,"9":6,"10":15,"11":6,"12":4,"13":6,"14":11,"15":6,"16":9,"17":6,"18":4,"19":6,"20":8,"21":6},"f":{"0":2,"1":15,"2":4,"3":11,"4":9,"5":4,"6":8},"b":{}}
,"/Users/sergio/Desktop/software_eng_2/main_project/se2-kiruna-explorer-19/server/src/utils/enums/doc-type.enum.ts": {"path":"/Users/sergio/Desktop/software_eng_2/main_project/se2-kiruna-explorer-19/server/src/utils/enums/doc-type.enum.ts","statementMap":{"0":{"start":{"line":1,"column":0},"end":{"line":1,"column":null}},"1":{"start":{"line":2,"column":2},"end":{"line":2,"column":null}},"2":{"start":{"line":3,"column":2},"end":{"line":3,"column":null}},"3":{"start":{"line":4,"column":2},"end":{"line":4,"column":null}},"4":{"start":{"line":5,"column":2},"end":{"line":5,"column":null}},"5":{"start":{"line":6,"column":2},"end":{"line":6,"column":null}},"6":{"start":{"line":7,"column":2},"end":{"line":7,"column":null}},"7":{"start":{"line":8,"column":2},"end":{"line":8,"column":null}},"8":{"start":{"line":9,"column":2},"end":{"line":9,"column":null}}},"fnMap":{"0":{"name":"(anonymous_0)","decl":{"start":{"line":1,"column":0},"end":{"line":1,"column":12}},"loc":{"start":{"line":1,"column":23},"end":{"line":10,"column":1}}}},"branchMap":{"0":{"loc":{"start":{"line":1,"column":12},"end":{"line":1,"column":null}},"type":"binary-expr","locations":[{"start":{"line":1,"column":12},"end":{"line":1,"column":23}},{"start":{"line":1,"column":23},"end":{"line":1,"column":null}}]}},"s":{"0":2,"1":2,"2":2,"3":2,"4":2,"5":2,"6":2,"7":2,"8":2},"f":{"0":2},"b":{"0":[2,2]}}
,"/Users/sergio/Desktop/software_eng_2/main_project/se2-kiruna-explorer-19/server/src/utils/enums/link-type.enum.ts": {"path":"/Users/sergio/Desktop/software_eng_2/main_project/se2-kiruna-explorer-19/server/src/utils/enums/link-type.enum.ts","statementMap":{"0":{"start":{"line":1,"column":0},"end":{"line":1,"column":null}},"1":{"start":{"line":2,"column":2},"end":{"line":2,"column":null}},"2":{"start":{"line":3,"column":2},"end":{"line":3,"column":null}},"3":{"start":{"line":4,"column":2},"end":{"line":4,"column":null}},"4":{"start":{"line":5,"column":2},"end":{"line":5,"column":null}}},"fnMap":{"0":{"name":"(anonymous_0)","decl":{"start":{"line":1,"column":0},"end":{"line":1,"column":12}},"loc":{"start":{"line":1,"column":24},"end":{"line":6,"column":1}}}},"branchMap":{"0":{"loc":{"start":{"line":1,"column":12},"end":{"line":1,"column":null}},"type":"binary-expr","locations":[{"start":{"line":1,"column":12},"end":{"line":1,"column":24}},{"start":{"line":1,"column":24},"end":{"line":1,"column":null}}]}},"s":{"0":4,"1":4,"2":4,"3":4,"4":4},"f":{"0":4},"b":{"0":[4,4]}}
,"/Users/sergio/Desktop/software_eng_2/main_project/se2-kiruna-explorer-19/server/src/utils/enums/scale-type-enum.ts": {"path":"/Users/sergio/Desktop/software_eng_2/main_project/se2-kiruna-explorer-19/server/src/utils/enums/scale-type-enum.ts","statementMap":{"0":{"start":{"line":1,"column":0},"end":{"line":1,"column":null}},"1":{"start":{"line":2,"column":4},"end":{"line":2,"column":null}},"2":{"start":{"line":3,"column":4},"end":{"line":3,"column":null}},"3":{"start":{"line":4,"column":4},"end":{"line":4,"column":null}},"4":{"start":{"line":5,"column":4},"end":{"line":5,"column":null}}},"fnMap":{"0":{"name":"(anonymous_0)","decl":{"start":{"line":1,"column":0},"end":{"line":1,"column":12}},"loc":{"start":{"line":1,"column":25},"end":{"line":6,"column":3}}}},"branchMap":{"0":{"loc":{"start":{"line":1,"column":12},"end":{"line":1,"column":null}},"type":"binary-expr","locations":[{"start":{"line":1,"column":12},"end":{"line":1,"column":25}},{"start":{"line":1,"column":25},"end":{"line":1,"column":null}}]}},"s":{"0":5,"1":5,"2":5,"3":5,"4":5},"f":{"0":5},"b":{"0":[5,5]}}
,"/Users/sergio/Desktop/software_eng_2/main_project/se2-kiruna-explorer-19/server/src/utils/enums/stakeholder.enum.ts": {"path":"/Users/sergio/Desktop/software_eng_2/main_project/se2-kiruna-explorer-19/server/src/utils/enums/stakeholder.enum.ts","statementMap":{"0":{"start":{"line":1,"column":0},"end":{"line":1,"column":null}},"1":{"start":{"line":2,"column":4},"end":{"line":2,"column":null}},"2":{"start":{"line":3,"column":4},"end":{"line":3,"column":null}},"3":{"start":{"line":4,"column":4},"end":{"line":4,"column":null}},"4":{"start":{"line":5,"column":4},"end":{"line":5,"column":null}},"5":{"start":{"line":6,"column":4},"end":{"line":6,"column":null}},"6":{"start":{"line":7,"column":4},"end":{"line":7,"column":null}}},"fnMap":{"0":{"name":"(anonymous_0)","decl":{"start":{"line":1,"column":0},"end":{"line":1,"column":12}},"loc":{"start":{"line":1,"column":27},"end":{"line":8,"column":3}}}},"branchMap":{"0":{"loc":{"start":{"line":1,"column":12},"end":{"line":1,"column":null}},"type":"binary-expr","locations":[{"start":{"line":1,"column":12},"end":{"line":1,"column":27}},{"start":{"line":1,"column":27},"end":{"line":1,"column":null}}]}},"s":{"0":1,"1":1,"2":1,"3":1,"4":1,"5":1,"6":1},"f":{"0":1},"b":{"0":[1,1]}}
,"/Users/sergio/Desktop/software_eng_2/main_project/se2-kiruna-explorer-19/server/src/utils/enums/user-role.enum.ts": {"path":"/Users/sergio/Desktop/software_eng_2/main_project/se2-kiruna-explorer-19/server/src/utils/enums/user-role.enum.ts","statementMap":{"0":{"start":{"line":1,"column":0},"end":{"line":1,"column":null}},"1":{"start":{"line":2,"column":2},"end":{"line":2,"column":null}},"2":{"start":{"line":3,"column":2},"end":{"line":3,"column":null}},"3":{"start":{"line":4,"column":2},"end":{"line":4,"column":null}},"4":{"start":{"line":5,"column":2},"end":{"line":5,"column":null}}},"fnMap":{"0":{"name":"(anonymous_0)","decl":{"start":{"line":1,"column":0},"end":{"line":1,"column":12}},"loc":{"start":{"line":1,"column":24},"end":{"line":6,"column":1}}}},"branchMap":{"0":{"loc":{"start":{"line":1,"column":12},"end":{"line":1,"column":null}},"type":"binary-expr","locations":[{"start":{"line":1,"column":12},"end":{"line":1,"column":24}},{"start":{"line":1,"column":24},"end":{"line":1,"column":null}}]}},"s":{"0":4,"1":4,"2":4,"3":4,"4":4},"f":{"0":4},"b":{"0":[4,4]}}
}
