{"/Users/sergio/Desktop/software_eng_2/main_project/se2-kiruna-explorer-19/server/src/app.ts": {"path":"/Users/sergio/Desktop/software_eng_2/main_project/se2-kiruna-explorer-19/server/src/app.ts","statementMap":{"0":{"start":{"line":1,"column":0},"end":{"line":1,"column":30}},"1":{"start":{"line":2,"column":0},"end":{"line":2,"column":41}},"2":{"start":{"line":3,"column":0},"end":{"line":3,"column":37}},"3":{"start":{"line":4,"column":0},"end":{"line":4,"column":24}},"4":{"start":{"line":5,"column":0},"end":{"line":5,"column":69}},"5":{"start":{"line":7,"column":13},"end":{"line":7,"column":29}},"6":{"start":{"line":10,"column":0},"end":{"line":15,"column":2}},"7":{"start":{"line":17,"column":0},"end":{"line":17,"column":24}},"8":{"start":{"line":18,"column":0},"end":{"line":18,"column":24}},"9":{"start":{"line":21,"column":0},"end":{"line":21,"column":24}},"10":{"start":{"line":24,"column":0},"end":{"line":24,"column":22}}},"fnMap":{},"branchMap":{},"s":{"0":1,"1":1,"2":1,"3":1,"4":1,"5":1,"6":1,"7":1,"8":1,"9":1,"10":1},"f":{},"b":{}}
,"/Users/sergio/Desktop/software_eng_2/main_project/se2-kiruna-explorer-19/server/src/controllers/coordinate.controllers.ts": {"path":"/Users/sergio/Desktop/software_eng_2/main_project/se2-kiruna-explorer-19/server/src/controllers/coordinate.controllers.ts","statementMap":{"0":{"start":{"line":2,"column":0},"end":{"line":2,"column":null}},"1":{"start":{"line":9,"column":0},"end":{"line":9,"column":49}},"2":{"start":{"line":10,"column":0},"end":{"line":10,"column":46}},"3":{"start":{"line":74,"column":29},"end":{"line":88,"column":2}},"4":{"start":{"line":78,"column":19},"end":{"line":88,"column":2}},"5":{"start":{"line":79,"column":2},"end":{"line":87,"column":3}},"6":{"start":{"line":80,"column":26},"end":{"line":80,"column":62}},"7":{"start":{"line":81,"column":4},"end":{"line":84,"column":7}},"8":{"start":{"line":86,"column":4},"end":{"line":86,"column":56}},"9":{"start":{"line":74,"column":13},"end":{"line":74,"column":29}},"10":{"start":{"line":108,"column":43},"end":{"line":119,"column":2}},"11":{"start":{"line":112,"column":19},"end":{"line":119,"column":2}},"12":{"start":{"line":113,"column":2},"end":{"line":118,"column":3}},"13":{"start":{"line":114,"column":24},"end":{"line":114,"column":49}},"14":{"start":{"line":115,"column":4},"end":{"line":115,"column":38}},"15":{"start":{"line":117,"column":4},"end":{"line":117,"column":16}},"16":{"start":{"line":108,"column":13},"end":{"line":108,"column":43}},"17":{"start":{"line":146,"column":43},"end":{"line":162,"column":2}},"18":{"start":{"line":150,"column":19},"end":{"line":162,"column":2}},"19":{"start":{"line":151,"column":2},"end":{"line":161,"column":3}},"20":{"start":{"line":152,"column":19},"end":{"line":152,"column":29}},"21":{"start":{"line":153,"column":23},"end":{"line":153,"column":50}},"22":{"start":{"line":154,"column":4},"end":{"line":157,"column":5}},"23":{"start":{"line":155,"column":6},"end":{"line":155,"column":42}},"24":{"start":{"line":156,"column":6},"end":{"line":156,"column":39}},"25":{"start":{"line":158,"column":4},"end":{"line":158,"column":37}},"26":{"start":{"line":160,"column":4},"end":{"line":160,"column":56}},"27":{"start":{"line":146,"column":13},"end":{"line":146,"column":43}},"28":{"start":{"line":165,"column":13},"end":{"line":165,"column":42}},"29":{"start":{"line":179,"column":46},"end":{"line":194,"column":2}},"30":{"start":{"line":183,"column":19},"end":{"line":194,"column":2}},"31":{"start":{"line":184,"column":2},"end":{"line":193,"column":3}},"32":{"start":{"line":185,"column":19},"end":{"line":185,"column":29}},"33":{"start":{"line":187,"column":4},"end":{"line":187,"column":35}},"34":{"start":{"line":190,"column":4},"end":{"line":190,"column":73}},"35":{"start":{"line":192,"column":4},"end":{"line":192,"column":16}},"36":{"start":{"line":179,"column":13},"end":{"line":179,"column":46}}},"fnMap":{"0":{"name":"(anonymous_7)","decl":{"start":{"line":74,"column":29},"end":{"line":74,"column":null}},"loc":{"start":{"line":78,"column":19},"end":{"line":88,"column":2}}},"1":{"name":"(anonymous_8)","decl":{"start":{"line":78,"column":19},"end":{"line":78,"column":null}},"loc":{"start":{"line":78,"column":19},"end":{"line":88,"column":1}}},"2":{"name":"(anonymous_9)","decl":{"start":{"line":108,"column":43},"end":{"line":108,"column":null}},"loc":{"start":{"line":112,"column":19},"end":{"line":119,"column":2}}},"3":{"name":"(anonymous_10)","decl":{"start":{"line":112,"column":19},"end":{"line":112,"column":null}},"loc":{"start":{"line":112,"column":19},"end":{"line":119,"column":1}}},"4":{"name":"(anonymous_11)","decl":{"start":{"line":146,"column":43},"end":{"line":146,"column":null}},"loc":{"start":{"line":150,"column":19},"end":{"line":162,"column":2}}},"5":{"name":"(anonymous_12)","decl":{"start":{"line":150,"column":19},"end":{"line":150,"column":null}},"loc":{"start":{"line":150,"column":19},"end":{"line":162,"column":1}}},"6":{"name":"(anonymous_13)","decl":{"start":{"line":179,"column":46},"end":{"line":179,"column":null}},"loc":{"start":{"line":183,"column":19},"end":{"line":194,"column":2}}},"7":{"name":"(anonymous_14)","decl":{"start":{"line":183,"column":19},"end":{"line":183,"column":null}},"loc":{"start":{"line":183,"column":19},"end":{"line":194,"column":1}}}},"branchMap":{"0":{"loc":{"start":{"line":154,"column":4},"end":{"line":157,"column":5}},"type":"if","locations":[{"start":{"line":154,"column":4},"end":{"line":157,"column":5}}]}},"s":{"0":1,"1":1,"2":1,"3":1,"4":2,"5":2,"6":2,"7":1,"8":1,"9":1,"10":1,"11":2,"12":2,"13":2,"14":1,"15":1,"16":1,"17":1,"18":3,"19":3,"20":3,"21":2,"22":2,"23":1,"24":1,"25":1,"26":1,"27":1,"28":1,"29":1,"30":2,"31":2,"32":2,"33":2,"34":1,"35":1,"36":1},"f":{"0":2,"1":2,"2":2,"3":2,"4":3,"5":3,"6":2,"7":2},"b":{"0":[1]}}
,"/Users/sergio/Desktop/software_eng_2/main_project/se2-kiruna-explorer-19/server/src/controllers/document.controllers.ts": {"path":"/Users/sergio/Desktop/software_eng_2/main_project/se2-kiruna-explorer-19/server/src/controllers/document.controllers.ts","statementMap":{"0":{"start":{"line":2,"column":0},"end":{"line":2,"column":null}},"1":{"start":{"line":15,"column":0},"end":{"line":15,"column":49}},"2":{"start":{"line":116,"column":37},"end":{"line":127,"column":2}},"3":{"start":{"line":120,"column":19},"end":{"line":127,"column":2}},"4":{"start":{"line":121,"column":2},"end":{"line":126,"column":3}},"5":{"start":{"line":122,"column":24},"end":{"line":122,"column":67}},"6":{"start":{"line":123,"column":4},"end":{"line":123,"column":38}},"7":{"start":{"line":125,"column":4},"end":{"line":125,"column":16}},"8":{"start":{"line":116,"column":13},"end":{"line":116,"column":37}},"9":{"start":{"line":145,"column":41},"end":{"line":156,"column":2}},"10":{"start":{"line":149,"column":19},"end":{"line":156,"column":2}},"11":{"start":{"line":150,"column":2},"end":{"line":155,"column":3}},"12":{"start":{"line":151,"column":43},"end":{"line":151,"column":66}},"13":{"start":{"line":152,"column":4},"end":{"line":152,"column":36}},"14":{"start":{"line":154,"column":4},"end":{"line":154,"column":16}},"15":{"start":{"line":145,"column":13},"end":{"line":145,"column":41}},"16":{"start":{"line":181,"column":41},"end":{"line":195,"column":2}},"17":{"start":{"line":185,"column":19},"end":{"line":195,"column":2}},"18":{"start":{"line":186,"column":2},"end":{"line":194,"column":3}},"19":{"start":{"line":187,"column":21},"end":{"line":187,"column":57}},"20":{"start":{"line":188,"column":4},"end":{"line":190,"column":5}},"21":{"start":{"line":189,"column":6},"end":{"line":189,"column":35}},"22":{"start":{"line":191,"column":4},"end":{"line":191,"column":35}},"23":{"start":{"line":193,"column":4},"end":{"line":193,"column":16}},"24":{"start":{"line":181,"column":13},"end":{"line":181,"column":41}},"25":{"start":{"line":226,"column":40},"end":{"line":240,"column":2}},"26":{"start":{"line":230,"column":19},"end":{"line":240,"column":2}},"27":{"start":{"line":231,"column":2},"end":{"line":239,"column":3}},"28":{"start":{"line":232,"column":28},"end":{"line":232,"column":75}},"29":{"start":{"line":233,"column":4},"end":{"line":235,"column":5}},"30":{"start":{"line":234,"column":6},"end":{"line":234,"column":35}},"31":{"start":{"line":236,"column":4},"end":{"line":236,"column":42}},"32":{"start":{"line":238,"column":4},"end":{"line":238,"column":16}},"33":{"start":{"line":226,"column":13},"end":{"line":226,"column":40}},"34":{"start":{"line":242,"column":42},"end":{"line":253,"column":1}},"35":{"start":{"line":247,"column":2},"end":{"line":252,"column":3}},"36":{"start":{"line":248,"column":21},"end":{"line":248,"column":39}},"37":{"start":{"line":249,"column":4},"end":{"line":249,"column":39}},"38":{"start":{"line":251,"column":4},"end":{"line":251,"column":16}},"39":{"start":{"line":242,"column":13},"end":{"line":242,"column":42}},"40":{"start":{"line":337,"column":44},"end":{"line":350,"column":2}},"41":{"start":{"line":341,"column":19},"end":{"line":350,"column":2}},"42":{"start":{"line":342,"column":19},"end":{"line":342,"column":29}},"43":{"start":{"line":343,"column":2},"end":{"line":349,"column":3}},"44":{"start":{"line":344,"column":22},"end":{"line":344,"column":51}},"45":{"start":{"line":346,"column":4},"end":{"line":346,"column":40}},"46":{"start":{"line":348,"column":4},"end":{"line":348,"column":16}},"47":{"start":{"line":337,"column":13},"end":{"line":337,"column":44}},"48":{"start":{"line":353,"column":13},"end":{"line":353,"column":40}},"49":{"start":{"line":448,"column":41},"end":{"line":464,"column":2}},"50":{"start":{"line":452,"column":19},"end":{"line":464,"column":2}},"51":{"start":{"line":453,"column":2},"end":{"line":463,"column":3}},"52":{"start":{"line":454,"column":29},"end":{"line":454,"column":31}},"53":{"start":{"line":455,"column":4},"end":{"line":457,"column":5}},"54":{"start":{"line":456,"column":6},"end":{"line":456,"column":58}},"55":{"start":{"line":459,"column":22},"end":{"line":459,"column":63}},"56":{"start":{"line":460,"column":4},"end":{"line":460,"column":36}},"57":{"start":{"line":462,"column":4},"end":{"line":462,"column":16}},"58":{"start":{"line":448,"column":13},"end":{"line":448,"column":41}}},"fnMap":{"0":{"name":"(anonymous_7)","decl":{"start":{"line":116,"column":37},"end":{"line":116,"column":null}},"loc":{"start":{"line":120,"column":19},"end":{"line":127,"column":2}}},"1":{"name":"(anonymous_8)","decl":{"start":{"line":120,"column":19},"end":{"line":120,"column":null}},"loc":{"start":{"line":120,"column":19},"end":{"line":127,"column":1}}},"2":{"name":"(anonymous_9)","decl":{"start":{"line":145,"column":41},"end":{"line":145,"column":null}},"loc":{"start":{"line":149,"column":19},"end":{"line":156,"column":2}}},"3":{"name":"(anonymous_10)","decl":{"start":{"line":149,"column":19},"end":{"line":149,"column":null}},"loc":{"start":{"line":149,"column":19},"end":{"line":156,"column":1}}},"4":{"name":"(anonymous_11)","decl":{"start":{"line":181,"column":41},"end":{"line":181,"column":null}},"loc":{"start":{"line":185,"column":19},"end":{"line":195,"column":2}}},"5":{"name":"(anonymous_12)","decl":{"start":{"line":185,"column":19},"end":{"line":185,"column":null}},"loc":{"start":{"line":185,"column":19},"end":{"line":195,"column":1}}},"6":{"name":"(anonymous_13)","decl":{"start":{"line":226,"column":40},"end":{"line":226,"column":null}},"loc":{"start":{"line":230,"column":19},"end":{"line":240,"column":2}}},"7":{"name":"(anonymous_14)","decl":{"start":{"line":230,"column":19},"end":{"line":230,"column":null}},"loc":{"start":{"line":230,"column":19},"end":{"line":240,"column":1}}},"8":{"name":"(anonymous_15)","decl":{"start":{"line":242,"column":42},"end":{"line":242,"column":null}},"loc":{"start":{"line":246,"column":10},"end":{"line":253,"column":1}}},"9":{"name":"(anonymous_16)","decl":{"start":{"line":337,"column":44},"end":{"line":337,"column":null}},"loc":{"start":{"line":341,"column":19},"end":{"line":350,"column":2}}},"10":{"name":"(anonymous_17)","decl":{"start":{"line":341,"column":19},"end":{"line":341,"column":null}},"loc":{"start":{"line":341,"column":19},"end":{"line":350,"column":1}}},"11":{"name":"(anonymous_18)","decl":{"start":{"line":448,"column":41},"end":{"line":448,"column":null}},"loc":{"start":{"line":452,"column":19},"end":{"line":464,"column":2}}},"12":{"name":"(anonymous_19)","decl":{"start":{"line":452,"column":19},"end":{"line":452,"column":null}},"loc":{"start":{"line":452,"column":19},"end":{"line":464,"column":1}}}},"branchMap":{"0":{"loc":{"start":{"line":188,"column":4},"end":{"line":190,"column":5}},"type":"if","locations":[{"start":{"line":188,"column":4},"end":{"line":190,"column":5}}]},"1":{"loc":{"start":{"line":233,"column":4},"end":{"line":235,"column":5}},"type":"if","locations":[{"start":{"line":233,"column":4},"end":{"line":235,"column":5}}]},"2":{"loc":{"start":{"line":455,"column":4},"end":{"line":457,"column":5}},"type":"if","locations":[{"start":{"line":455,"column":4},"end":{"line":457,"column":5}}]}},"s":{"0":1,"1":1,"2":1,"3":2,"4":2,"5":2,"6":1,"7":1,"8":1,"9":1,"10":2,"11":2,"12":2,"13":1,"14":1,"15":1,"16":1,"17":3,"18":3,"19":3,"20":1,"21":0,"22":1,"23":2,"24":1,"25":1,"26":3,"27":3,"28":3,"29":2,"30":1,"31":1,"32":2,"33":1,"34":1,"35":2,"36":2,"37":1,"38":1,"39":1,"40":1,"41":3,"42":3,"43":3,"44":3,"45":1,"46":2,"47":1,"48":1,"49":1,"50":2,"51":2,"52":2,"53":2,"54":2,"55":1,"56":1,"57":1,"58":1},"f":{"0":2,"1":2,"2":2,"3":2,"4":3,"5":3,"6":3,"7":3,"8":2,"9":3,"10":3,"11":2,"12":2},"b":{"0":[0],"1":[1],"2":[2]}}
,"/Users/sergio/Desktop/software_eng_2/main_project/se2-kiruna-explorer-19/server/src/controllers/graph.controllers.ts": {"path":"/Users/sergio/Desktop/software_eng_2/main_project/se2-kiruna-explorer-19/server/src/controllers/graph.controllers.ts","statementMap":{"0":{"start":{"line":2,"column":0},"end":{"line":2,"column":56}},"1":{"start":{"line":48,"column":36},"end":{"line":59,"column":2}},"2":{"start":{"line":52,"column":19},"end":{"line":59,"column":2}},"3":{"start":{"line":53,"column":4},"end":{"line":58,"column":5}},"4":{"start":{"line":54,"column":26},"end":{"line":54,"column":47}},"5":{"start":{"line":55,"column":8},"end":{"line":55,"column":40}},"6":{"start":{"line":57,"column":8},"end":{"line":57,"column":20}},"7":{"start":{"line":48,"column":13},"end":{"line":48,"column":36}}},"fnMap":{"0":{"name":"(anonymous_7)","decl":{"start":{"line":48,"column":36},"end":{"line":48,"column":null}},"loc":{"start":{"line":52,"column":19},"end":{"line":59,"column":2}}},"1":{"name":"(anonymous_8)","decl":{"start":{"line":52,"column":19},"end":{"line":52,"column":null}},"loc":{"start":{"line":52,"column":19},"end":{"line":59,"column":1}}}},"branchMap":{},"s":{"0":2,"1":2,"2":2,"3":2,"4":2,"5":1,"6":1,"7":2},"f":{"0":2,"1":2},"b":{}}
,"/Users/sergio/Desktop/software_eng_2/main_project/se2-kiruna-explorer-19/server/src/controllers/media.controllers.ts": {"path":"/Users/sergio/Desktop/software_eng_2/main_project/se2-kiruna-explorer-19/server/src/controllers/media.controllers.ts","statementMap":{"0":{"start":{"line":3,"column":0},"end":{"line":3,"column":null}},"1":{"start":{"line":8,"column":0},"end":{"line":8,"column":51}},"2":{"start":{"line":9,"column":0},"end":{"line":9,"column":49}},"3":{"start":{"line":68,"column":37},"end":{"line":100,"column":2}},"4":{"start":{"line":72,"column":19},"end":{"line":100,"column":2}},"5":{"start":{"line":73,"column":2},"end":{"line":99,"column":3}},"6":{"start":{"line":75,"column":41},"end":{"line":75,"column":49}},"7":{"start":{"line":78,"column":19},"end":{"line":78,"column":31}},"8":{"start":{"line":79,"column":4},"end":{"line":82,"column":5}},"9":{"start":{"line":80,"column":6},"end":{"line":80,"column":66}},"10":{"start":{"line":81,"column":6},"end":{"line":81,"column":13}},"11":{"start":{"line":85,"column":26},"end":{"line":90,"column":6}},"12":{"start":{"line":93,"column":4},"end":{"line":96,"column":7}},"13":{"start":{"line":98,"column":4},"end":{"line":98,"column":16}},"14":{"start":{"line":68,"column":13},"end":{"line":68,"column":37}},"15":{"start":{"line":180,"column":37},"end":{"line":203,"column":2}},"16":{"start":{"line":184,"column":19},"end":{"line":203,"column":2}},"17":{"start":{"line":185,"column":2},"end":{"line":202,"column":3}},"18":{"start":{"line":186,"column":34},"end":{"line":186,"column":42}},"19":{"start":{"line":188,"column":4},"end":{"line":188,"column":49}},"20":{"start":{"line":190,"column":4},"end":{"line":192,"column":7}},"21":{"start":{"line":195,"column":4},"end":{"line":198,"column":5}},"22":{"start":{"line":196,"column":6},"end":{"line":196,"column":64}},"23":{"start":{"line":197,"column":6},"end":{"line":197,"column":13}},"24":{"start":{"line":201,"column":4},"end":{"line":201,"column":16}},"25":{"start":{"line":180,"column":13},"end":{"line":180,"column":37}},"26":{"start":{"line":264,"column":46},"end":{"line":285,"column":2}},"27":{"start":{"line":268,"column":19},"end":{"line":285,"column":2}},"28":{"start":{"line":269,"column":2},"end":{"line":284,"column":3}},"29":{"start":{"line":270,"column":26},"end":{"line":270,"column":72}},"30":{"start":{"line":272,"column":4},"end":{"line":272,"column":null}},"31":{"start":{"line":274,"column":4},"end":{"line":276,"column":5}},"32":{"start":{"line":275,"column":6},"end":{"line":275,"column":37}},"33":{"start":{"line":278,"column":4},"end":{"line":281,"column":7}},"34":{"start":{"line":283,"column":4},"end":{"line":283,"column":16}},"35":{"start":{"line":264,"column":13},"end":{"line":264,"column":46}}},"fnMap":{"0":{"name":"(anonymous_7)","decl":{"start":{"line":68,"column":37},"end":{"line":68,"column":null}},"loc":{"start":{"line":72,"column":19},"end":{"line":100,"column":2}}},"1":{"name":"(anonymous_8)","decl":{"start":{"line":72,"column":19},"end":{"line":72,"column":null}},"loc":{"start":{"line":72,"column":19},"end":{"line":100,"column":1}}},"2":{"name":"(anonymous_9)","decl":{"start":{"line":180,"column":37},"end":{"line":180,"column":null}},"loc":{"start":{"line":184,"column":19},"end":{"line":203,"column":2}}},"3":{"name":"(anonymous_10)","decl":{"start":{"line":184,"column":19},"end":{"line":184,"column":null}},"loc":{"start":{"line":184,"column":19},"end":{"line":203,"column":1}}},"4":{"name":"(anonymous_11)","decl":{"start":{"line":264,"column":46},"end":{"line":264,"column":null}},"loc":{"start":{"line":268,"column":19},"end":{"line":285,"column":2}}},"5":{"name":"(anonymous_12)","decl":{"start":{"line":268,"column":19},"end":{"line":268,"column":null}},"loc":{"start":{"line":268,"column":19},"end":{"line":285,"column":1}}}},"branchMap":{"0":{"loc":{"start":{"line":78,"column":19},"end":{"line":78,"column":31}},"type":"cond-expr","locations":[{"start":{"line":78,"column":27},"end":{"line":78,"column":29}},{"start":{"line":78,"column":27},"end":{"line":78,"column":31}}]},"1":{"loc":{"start":{"line":78,"column":19},"end":{"line":78,"column":29}},"type":"binary-expr","locations":[{"start":{"line":78,"column":19},"end":{"line":78,"column":29}},{"start":{"line":78,"column":27},"end":{"line":78,"column":29}}]},"2":{"loc":{"start":{"line":79,"column":4},"end":{"line":82,"column":5}},"type":"if","locations":[{"start":{"line":79,"column":4},"end":{"line":82,"column":5}}]},"3":{"loc":{"start":{"line":195,"column":4},"end":{"line":198,"column":5}},"type":"if","locations":[{"start":{"line":195,"column":4},"end":{"line":198,"column":5}}]},"4":{"loc":{"start":{"line":195,"column":8},"end":{"line":195,"column":75}},"type":"binary-expr","locations":[{"start":{"line":195,"column":8},"end":{"line":195,"column":43}},{"start":{"line":195,"column":47},"end":{"line":195,"column":75}}]},"5":{"loc":{"start":{"line":274,"column":4},"end":{"line":276,"column":5}},"type":"if","locations":[{"start":{"line":274,"column":4},"end":{"line":276,"column":5}}]}},"s":{"0":2,"1":2,"2":2,"3":2,"4":3,"5":3,"6":3,"7":3,"8":3,"9":1,"10":1,"11":2,"12":1,"13":1,"14":2,"15":2,"16":3,"17":3,"18":3,"19":3,"20":1,"21":2,"22":1,"23":1,"24":1,"25":2,"26":2,"27":2,"28":2,"29":2,"30":2,"31":2,"32":1,"33":1,"34":1,"35":2},"f":{"0":3,"1":3,"2":3,"3":3,"4":2,"5":2},"b":{"0":[1,2],"1":[3,3],"2":[1],"3":[1],"4":[2,2],"5":[1]}}
,"/Users/sergio/Desktop/software_eng_2/main_project/se2-kiruna-explorer-19/server/src/controllers/user.controllers.ts": {"path":"/Users/sergio/Desktop/software_eng_2/main_project/se2-kiruna-explorer-19/server/src/controllers/user.controllers.ts","statementMap":{"0":{"start":{"line":4,"column":0},"end":{"line":4,"column":null}},"1":{"start":{"line":11,"column":0},"end":{"line":11,"column":49}},"2":{"start":{"line":87,"column":24},"end":{"line":98,"column":2}},"3":{"start":{"line":91,"column":19},"end":{"line":98,"column":2}},"4":{"start":{"line":92,"column":2},"end":{"line":97,"column":3}},"5":{"start":{"line":93,"column":35},"end":{"line":93,"column":54}},"6":{"start":{"line":94,"column":4},"end":{"line":94,"column":20}},"7":{"start":{"line":96,"column":4},"end":{"line":96,"column":16}},"8":{"start":{"line":87,"column":13},"end":{"line":87,"column":24}},"9":{"start":{"line":146,"column":26},"end":{"line":157,"column":2}},"10":{"start":{"line":150,"column":19},"end":{"line":157,"column":2}},"11":{"start":{"line":151,"column":2},"end":{"line":156,"column":3}},"12":{"start":{"line":152,"column":27},"end":{"line":152,"column":56}},"13":{"start":{"line":153,"column":4},"end":{"line":153,"column":33}},"14":{"start":{"line":155,"column":4},"end":{"line":155,"column":16}},"15":{"start":{"line":146,"column":13},"end":{"line":146,"column":26}},"16":{"start":{"line":196,"column":21},"end":{"line":215,"column":2}},"17":{"start":{"line":200,"column":19},"end":{"line":215,"column":2}},"18":{"start":{"line":201,"column":2},"end":{"line":214,"column":3}},"19":{"start":{"line":202,"column":32},"end":{"line":202,"column":40}},"20":{"start":{"line":203,"column":41},"end":{"line":203,"column":73}},"21":{"start":{"line":204,"column":4},"end":{"line":210,"column":7}},"22":{"start":{"line":211,"column":4},"end":{"line":211,"column":24}},"23":{"start":{"line":213,"column":4},"end":{"line":213,"column":16}},"24":{"start":{"line":196,"column":13},"end":{"line":196,"column":21}},"25":{"start":{"line":243,"column":21},"end":{"line":266,"column":2}},"26":{"start":{"line":247,"column":19},"end":{"line":266,"column":2}},"27":{"start":{"line":248,"column":2},"end":{"line":265,"column":3}},"28":{"start":{"line":249,"column":4},"end":{"line":251,"column":5}},"29":{"start":{"line":250,"column":6},"end":{"line":250,"column":59}},"30":{"start":{"line":253,"column":32},"end":{"line":260,"column":6}},"31":{"start":{"line":262,"column":4},"end":{"line":262,"column":19}},"32":{"start":{"line":264,"column":4},"end":{"line":264,"column":16}},"33":{"start":{"line":243,"column":13},"end":{"line":243,"column":21}},"34":{"start":{"line":284,"column":22},"end":{"line":300,"column":2}},"35":{"start":{"line":288,"column":19},"end":{"line":300,"column":2}},"36":{"start":{"line":289,"column":2},"end":{"line":299,"column":3}},"37":{"start":{"line":290,"column":4},"end":{"line":295,"column":7}},"38":{"start":{"line":296,"column":4},"end":{"line":296,"column":58}},"39":{"start":{"line":298,"column":4},"end":{"line":298,"column":16}},"40":{"start":{"line":284,"column":13},"end":{"line":284,"column":22}},"41":{"start":{"line":303,"column":13},"end":{"line":303,"column":26}}},"fnMap":{"0":{"name":"(anonymous_7)","decl":{"start":{"line":87,"column":24},"end":{"line":87,"column":null}},"loc":{"start":{"line":91,"column":19},"end":{"line":98,"column":2}}},"1":{"name":"(anonymous_8)","decl":{"start":{"line":91,"column":19},"end":{"line":91,"column":null}},"loc":{"start":{"line":91,"column":19},"end":{"line":98,"column":1}}},"2":{"name":"(anonymous_9)","decl":{"start":{"line":146,"column":26},"end":{"line":146,"column":null}},"loc":{"start":{"line":150,"column":19},"end":{"line":157,"column":2}}},"3":{"name":"(anonymous_10)","decl":{"start":{"line":150,"column":19},"end":{"line":150,"column":null}},"loc":{"start":{"line":150,"column":19},"end":{"line":157,"column":1}}},"4":{"name":"(anonymous_11)","decl":{"start":{"line":196,"column":21},"end":{"line":196,"column":null}},"loc":{"start":{"line":200,"column":19},"end":{"line":215,"column":2}}},"5":{"name":"(anonymous_12)","decl":{"start":{"line":200,"column":19},"end":{"line":200,"column":null}},"loc":{"start":{"line":200,"column":19},"end":{"line":215,"column":1}}},"6":{"name":"(anonymous_13)","decl":{"start":{"line":243,"column":21},"end":{"line":243,"column":null}},"loc":{"start":{"line":247,"column":19},"end":{"line":266,"column":2}}},"7":{"name":"(anonymous_14)","decl":{"start":{"line":247,"column":19},"end":{"line":247,"column":null}},"loc":{"start":{"line":247,"column":19},"end":{"line":266,"column":1}}},"8":{"name":"(anonymous_15)","decl":{"start":{"line":284,"column":22},"end":{"line":284,"column":null}},"loc":{"start":{"line":288,"column":19},"end":{"line":300,"column":2}}},"9":{"name":"(anonymous_16)","decl":{"start":{"line":288,"column":19},"end":{"line":288,"column":null}},"loc":{"start":{"line":288,"column":19},"end":{"line":300,"column":1}}}},"branchMap":{"0":{"loc":{"start":{"line":249,"column":4},"end":{"line":251,"column":5}},"type":"if","locations":[{"start":{"line":249,"column":4},"end":{"line":251,"column":5}}]}},"s":{"0":1,"1":1,"2":1,"3":2,"4":2,"5":2,"6":1,"7":1,"8":1,"9":1,"10":2,"11":2,"12":2,"13":1,"14":1,"15":1,"16":1,"17":2,"18":2,"19":2,"20":2,"21":1,"22":1,"23":1,"24":1,"25":1,"26":2,"27":2,"28":2,"29":1,"30":1,"31":1,"32":1,"33":1,"34":1,"35":2,"36":2,"37":2,"38":1,"39":1,"40":1,"41":1},"f":{"0":2,"1":2,"2":2,"3":2,"4":2,"5":2,"6":2,"7":2,"8":2,"9":2},"b":{"0":[1]}}
,"/Users/sergio/Desktop/software_eng_2/main_project/se2-kiruna-explorer-19/server/src/middlewares/checkHeader.middleware.ts": {"path":"/Users/sergio/Desktop/software_eng_2/main_project/se2-kiruna-explorer-19/server/src/middlewares/checkHeader.middleware.ts","statementMap":{"0":{"start":{"line":3,"column":20},"end":{"line":14,"column":1}},"1":{"start":{"line":4,"column":30},"end":{"line":4,"column":65}},"2":{"start":{"line":5,"column":22},"end":{"line":5,"column":46}},"3":{"start":{"line":7,"column":2},"end":{"line":13,"column":3}},"4":{"start":{"line":8,"column":4},"end":{"line":8,"column":64}},"5":{"start":{"line":9,"column":9},"end":{"line":13,"column":3}},"6":{"start":{"line":10,"column":4},"end":{"line":10,"column":71}},"7":{"start":{"line":12,"column":4},"end":{"line":12,"column":11}},"8":{"start":{"line":16,"column":0},"end":{"line":16,"column":27}}},"fnMap":{"0":{"name":"(anonymous_0)","decl":{"start":{"line":3,"column":20},"end":{"line":3,"column":21}},"loc":{"start":{"line":3,"column":78},"end":{"line":14,"column":1}}}},"branchMap":{"0":{"loc":{"start":{"line":4,"column":30},"end":{"line":4,"column":65}},"type":"binary-expr","locations":[{"start":{"line":4,"column":30},"end":{"line":4,"column":49}},{"start":{"line":4,"column":53},"end":{"line":4,"column":65}}]},"1":{"loc":{"start":{"line":7,"column":2},"end":{"line":13,"column":3}},"type":"if","locations":[{"start":{"line":7,"column":2},"end":{"line":13,"column":3}},{"start":{"line":9,"column":9},"end":{"line":13,"column":3}}]},"2":{"loc":{"start":{"line":9,"column":9},"end":{"line":13,"column":3}},"type":"if","locations":[{"start":{"line":9,"column":9},"end":{"line":13,"column":3}},{"start":{"line":11,"column":9},"end":{"line":13,"column":3}}]}},"s":{"0":2,"1":3,"2":3,"3":3,"4":1,"5":2,"6":1,"7":1,"8":2},"f":{"0":3},"b":{"0":[3,3],"1":[1,2],"2":[1,1]}}
,"/Users/sergio/Desktop/software_eng_2/main_project/se2-kiruna-explorer-19/server/src/middlewares/errorHandler.middleware.ts": {"path":"/Users/sergio/Desktop/software_eng_2/main_project/se2-kiruna-explorer-19/server/src/middlewares/errorHandler.middleware.ts","statementMap":{"0":{"start":{"line":4,"column":28},"end":{"line":15,"column":1}},"1":{"start":{"line":10,"column":2},"end":{"line":10,"column":27}},"2":{"start":{"line":11,"column":2},"end":{"line":14,"column":5}},"3":{"start":{"line":4,"column":13},"end":{"line":4,"column":28}}},"fnMap":{"0":{"name":"(anonymous_0)","decl":{"start":{"line":4,"column":28},"end":{"line":4,"column":null}},"loc":{"start":{"line":9,"column":10},"end":{"line":15,"column":1}}}},"branchMap":{"0":{"loc":{"start":{"line":11,"column":13},"end":{"line":11,"column":30}},"type":"binary-expr","locations":[{"start":{"line":11,"column":13},"end":{"line":11,"column":23}},{"start":{"line":11,"column":27},"end":{"line":11,"column":30}}]},"1":{"loc":{"start":{"line":12,"column":13},"end":{"line":12,"column":51}},"type":"binary-expr","locations":[{"start":{"line":12,"column":13},"end":{"line":12,"column":24}},{"start":{"line":12,"column":28},"end":{"line":12,"column":51}}]},"2":{"loc":{"start":{"line":13,"column":12},"end":{"line":13,"column":28}},"type":"binary-expr","locations":[{"start":{"line":13,"column":12},"end":{"line":13,"column":22}},{"start":{"line":13,"column":26},"end":{"line":13,"column":28}}]}},"s":{"0":1,"1":0,"2":0,"3":1},"f":{"0":0},"b":{"0":[0,0],"1":[0,0],"2":[0,0]}}
,"/Users/sergio/Desktop/software_eng_2/main_project/se2-kiruna-explorer-19/server/src/routes/ghraph.routes.ts": {"path":"/Users/sergio/Desktop/software_eng_2/main_project/se2-kiruna-explorer-19/server/src/routes/ghraph.routes.ts","statementMap":{"0":{"start":{"line":1,"column":0},"end":{"line":1,"column":70}},"1":{"start":{"line":2,"column":0},"end":{"line":2,"column":30}},"2":{"start":{"line":4,"column":15},"end":{"line":4,"column":31}},"3":{"start":{"line":6,"column":0},"end":{"line":6,"column":38}},"4":{"start":{"line":8,"column":13},"end":{"line":8,"column":34}}},"fnMap":{},"branchMap":{},"s":{"0":1,"1":1,"2":1,"3":1,"4":1},"f":{},"b":{}}
,"/Users/sergio/Desktop/software_eng_2/main_project/se2-kiruna-explorer-19/server/src/routes/media.routes.ts": {"path":"/Users/sergio/Desktop/software_eng_2/main_project/se2-kiruna-explorer-19/server/src/routes/media.routes.ts","statementMap":{"0":{"start":{"line":1,"column":0},"end":{"line":1,"column":null}},"1":{"start":{"line":7,"column":0},"end":{"line":7,"column":null}},"2":{"start":{"line":12,"column":0},"end":{"line":12,"column":76}},"3":{"start":{"line":14,"column":0},"end":{"line":14,"column":30}},"4":{"start":{"line":15,"column":0},"end":{"line":15,"column":64}},"5":{"start":{"line":16,"column":0},"end":{"line":16,"column":62}},"6":{"start":{"line":17,"column":0},"end":{"line":17,"column":62}},"7":{"start":{"line":19,"column":15},"end":{"line":19,"column":31}},"8":{"start":{"line":21,"column":0},"end":{"line":28,"column":2}},"9":{"start":{"line":30,"column":0},"end":{"line":36,"column":2}},"10":{"start":{"line":38,"column":13},"end":{"line":38,"column":34}}},"fnMap":{},"branchMap":{},"s":{"0":1,"1":1,"2":1,"3":1,"4":1,"5":1,"6":1,"7":1,"8":1,"9":1,"10":1},"f":{},"b":{}}
,"/Users/sergio/Desktop/software_eng_2/main_project/se2-kiruna-explorer-19/server/src/routes/routes.ts": {"path":"/Users/sergio/Desktop/software_eng_2/main_project/se2-kiruna-explorer-19/server/src/routes/routes.ts","statementMap":{"0":{"start":{"line":1,"column":0},"end":{"line":1,"column":30}},"1":{"start":{"line":2,"column":0},"end":{"line":2,"column":43}},"2":{"start":{"line":3,"column":0},"end":{"line":3,"column":51}},"3":{"start":{"line":4,"column":0},"end":{"line":4,"column":55}},"4":{"start":{"line":5,"column":0},"end":{"line":5,"column":45}},"5":{"start":{"line":6,"column":0},"end":{"line":6,"column":46}},"6":{"start":{"line":8,"column":15},"end":{"line":8,"column":31}},"7":{"start":{"line":10,"column":0},"end":{"line":10,"column":33}},"8":{"start":{"line":11,"column":0},"end":{"line":11,"column":41}},"9":{"start":{"line":12,"column":0},"end":{"line":12,"column":45}},"10":{"start":{"line":13,"column":0},"end":{"line":13,"column":34}},"11":{"start":{"line":14,"column":0},"end":{"line":14,"column":34}},"12":{"start":{"line":16,"column":0},"end":{"line":16,"column":22}}},"fnMap":{},"branchMap":{},"s":{"0":1,"1":1,"2":1,"3":1,"4":1,"5":1,"6":1,"7":1,"8":1,"9":1,"10":1,"11":1,"12":1},"f":{},"b":{}}
,"/Users/sergio/Desktop/software_eng_2/main_project/se2-kiruna-explorer-19/server/src/schemas/coordinate.schema.ts": {"path":"/Users/sergio/Desktop/software_eng_2/main_project/se2-kiruna-explorer-19/server/src/schemas/coordinate.schema.ts","statementMap":{"0":{"start":{"line":2,"column":0},"end":{"line":2,"column":54}},"1":{"start":{"line":4,"column":20},"end":{"line":7,"column":2}},"2":{"start":{"line":9,"column":25},"end":{"line":25,"column":null}},"3":{"start":{"line":28,"column":19},"end":{"line":28,"column":78}},"4":{"start":{"line":47,"column":9},"end":{"line":47,"column":19}},"5":{"start":{"line":30,"column":20},"end":{"line":35,"column":2}},"6":{"start":{"line":37,"column":22},"end":{"line":42,"column":2}},"7":{"start":{"line":44,"column":14},"end":{"line":44,"column":60}},"8":{"start":{"line":47,"column":21},"end":{"line":47,"column":26}},"9":{"start":{"line":45,"column":16},"end":{"line":45,"column":66}},"10":{"start":{"line":47,"column":28},"end":{"line":47,"column":35}}},"fnMap":{},"branchMap":{},"s":{"0":3,"1":3,"2":3,"3":3,"4":3,"5":3,"6":3,"7":3,"8":3,"9":3,"10":3},"f":{},"b":{}}
,"/Users/sergio/Desktop/software_eng_2/main_project/se2-kiruna-explorer-19/server/src/schemas/document.schema.ts": {"path":"/Users/sergio/Desktop/software_eng_2/main_project/se2-kiruna-explorer-19/server/src/schemas/document.schema.ts","statementMap":{"0":{"start":{"line":2,"column":0},"end":{"line":2,"column":57}},"1":{"start":{"line":3,"column":0},"end":{"line":3,"column":64}},"2":{"start":{"line":4,"column":0},"end":{"line":4,"column":59}},"3":{"start":{"line":5,"column":0},"end":{"line":5,"column":61}},"4":{"start":{"line":6,"column":0},"end":{"line":6,"column":54}},"5":{"start":{"line":10,"column":25},"end":{"line":23,"column":null}},"6":{"start":{"line":26,"column":23},"end":{"line":81,"column":null}},"7":{"start":{"line":46,"column":30},"end":{"line":46,"column":68}},"8":{"start":{"line":84,"column":0},"end":{"line":84,"column":35}},"9":{"start":{"line":85,"column":0},"end":{"line":85,"column":37}},"10":{"start":{"line":86,"column":0},"end":{"line":86,"column":47}},"11":{"start":{"line":88,"column":0},"end":{"line":88,"column":76}}},"fnMap":{"0":{"name":"(anonymous_6)","decl":{"start":{"line":46,"column":16},"end":{"line":46,"column":30}},"loc":{"start":{"line":46,"column":16},"end":{"line":46,"column":70}}}},"branchMap":{},"s":{"0":5,"1":5,"2":5,"3":5,"4":5,"5":5,"6":5,"7":0,"8":5,"9":5,"10":5,"11":5},"f":{"0":0},"b":{}}
,"/Users/sergio/Desktop/software_eng_2/main_project/se2-kiruna-explorer-19/server/src/schemas/media.schema.ts": {"path":"/Users/sergio/Desktop/software_eng_2/main_project/se2-kiruna-explorer-19/server/src/schemas/media.schema.ts","statementMap":{"0":{"start":{"line":2,"column":0},"end":{"line":2,"column":44}},"1":{"start":{"line":6,"column":20},"end":{"line":40,"column":null}},"2":{"start":{"line":43,"column":0},"end":{"line":43,"column":35}},"3":{"start":{"line":44,"column":0},"end":{"line":44,"column":67}}},"fnMap":{},"branchMap":{},"s":{"0":4,"1":4,"2":4,"3":4},"f":{},"b":{}}
,"/Users/sergio/Desktop/software_eng_2/main_project/se2-kiruna-explorer-19/server/src/schemas/user.schema.ts": {"path":"/Users/sergio/Desktop/software_eng_2/main_project/se2-kiruna-explorer-19/server/src/schemas/user.schema.ts","statementMap":{"0":{"start":{"line":1,"column":0},"end":{"line":1,"column":54}},"1":{"start":{"line":3,"column":0},"end":{"line":3,"column":59}},"2":{"start":{"line":7,"column":19},"end":{"line":38,"column":null}},"3":{"start":{"line":41,"column":0},"end":{"line":41,"column":31}},"4":{"start":{"line":43,"column":0},"end":{"line":43,"column":64}}},"fnMap":{},"branchMap":{},"s":{"0":2,"1":2,"2":2,"3":2,"4":2},"f":{},"b":{}}
,"/Users/sergio/Desktop/software_eng_2/main_project/se2-kiruna-explorer-19/server/src/services/coordinate.service.ts": {"path":"/Users/sergio/Desktop/software_eng_2/main_project/se2-kiruna-explorer-19/server/src/services/coordinate.service.ts","statementMap":{"0":{"start":{"line":1,"column":0},"end":{"line":1,"column":58}},"1":{"start":{"line":3,"column":0},"end":{"line":3,"column":51}},"2":{"start":{"line":4,"column":0},"end":{"line":4,"column":48}},"3":{"start":{"line":5,"column":0},"end":{"line":5,"column":50}},"4":{"start":{"line":8,"column":33},"end":{"line":21,"column":2}},"5":{"start":{"line":10,"column":33},"end":{"line":21,"column":2}},"6":{"start":{"line":11,"column":2},"end":{"line":20,"column":3}},"7":{"start":{"line":12,"column":23},"end":{"line":12,"column":52}},"8":{"start":{"line":13,"column":4},"end":{"line":15,"column":5}},"9":{"start":{"line":14,"column":6},"end":{"line":14,"column":18}},"10":{"start":{"line":16,"column":4},"end":{"line":16,"column":48}},"11":{"start":{"line":19,"column":4},"end":{"line":19,"column":56}},"12":{"start":{"line":8,"column":13},"end":{"line":8,"column":33}},"13":{"start":{"line":23,"column":36},"end":{"line":34,"column":2}},"14":{"start":{"line":25,"column":26},"end":{"line":34,"column":2}},"15":{"start":{"line":26,"column":2},"end":{"line":33,"column":3}},"16":{"start":{"line":27,"column":26},"end":{"line":27,"column":56}},"17":{"start":{"line":28,"column":4},"end":{"line":28,"column":31}},"18":{"start":{"line":29,"column":4},"end":{"line":29,"column":51}},"19":{"start":{"line":32,"column":4},"end":{"line":32,"column":56}},"20":{"start":{"line":23,"column":13},"end":{"line":23,"column":36}},"21":{"start":{"line":36,"column":33},"end":{"line":46,"column":2}},"22":{"start":{"line":36,"column":68},"end":{"line":46,"column":2}},"23":{"start":{"line":37,"column":2},"end":{"line":45,"column":3}},"24":{"start":{"line":38,"column":24},"end":{"line":38,"column":47}},"25":{"start":{"line":39,"column":4},"end":{"line":41,"column":6}},"26":{"start":{"line":40,"column":22},"end":{"line":40,"column":58}},"27":{"start":{"line":44,"column":4},"end":{"line":44,"column":30}},"28":{"start":{"line":36,"column":13},"end":{"line":36,"column":33}},"29":{"start":{"line":49,"column":13},"end":{"line":49,"column":40}},"30":{"start":{"line":60,"column":36},"end":{"line":82,"column":2}},"31":{"start":{"line":60,"column":75},"end":{"line":82,"column":2}},"32":{"start":{"line":63,"column":21},"end":{"line":63,"column":50}},"33":{"start":{"line":65,"column":2},"end":{"line":67,"column":3}},"34":{"start":{"line":66,"column":4},"end":{"line":66,"column":30}},"35":{"start":{"line":71,"column":19},"end":{"line":71,"column":74}},"36":{"start":{"line":73,"column":2},"end":{"line":76,"column":3}},"37":{"start":{"line":75,"column":4},"end":{"line":75,"column":69}},"38":{"start":{"line":79,"column":2},"end":{"line":79,"column":54}},"39":{"start":{"line":81,"column":2},"end":{"line":81,"column":14}},"40":{"start":{"line":60,"column":13},"end":{"line":60,"column":36}}},"fnMap":{"0":{"name":"(anonymous_8)","decl":{"start":{"line":8,"column":33},"end":{"line":8,"column":null}},"loc":{"start":{"line":10,"column":33},"end":{"line":21,"column":2}}},"1":{"name":"(anonymous_9)","decl":{"start":{"line":10,"column":33},"end":{"line":10,"column":null}},"loc":{"start":{"line":10,"column":33},"end":{"line":21,"column":1}}},"2":{"name":"(anonymous_10)","decl":{"start":{"line":23,"column":36},"end":{"line":23,"column":null}},"loc":{"start":{"line":25,"column":26},"end":{"line":34,"column":2}}},"3":{"name":"(anonymous_11)","decl":{"start":{"line":25,"column":26},"end":{"line":25,"column":null}},"loc":{"start":{"line":25,"column":26},"end":{"line":34,"column":1}}},"4":{"name":"(anonymous_12)","decl":{"start":{"line":36,"column":33},"end":{"line":36,"column":66}},"loc":{"start":{"line":36,"column":68},"end":{"line":46,"column":2}}},"5":{"name":"(anonymous_13)","decl":{"start":{"line":36,"column":68},"end":{"line":36,"column":null}},"loc":{"start":{"line":36,"column":68},"end":{"line":46,"column":1}}},"6":{"name":"(anonymous_14)","decl":{"start":{"line":40,"column":6},"end":{"line":40,"column":7}},"loc":{"start":{"line":40,"column":22},"end":{"line":40,"column":58}}},"7":{"name":"(anonymous_15)","decl":{"start":{"line":60,"column":36},"end":{"line":60,"column":43}},"loc":{"start":{"line":60,"column":75},"end":{"line":82,"column":2}}},"8":{"name":"(anonymous_16)","decl":{"start":{"line":60,"column":75},"end":{"line":60,"column":null}},"loc":{"start":{"line":60,"column":75},"end":{"line":82,"column":1}}}},"branchMap":{"0":{"loc":{"start":{"line":13,"column":4},"end":{"line":15,"column":5}},"type":"if","locations":[{"start":{"line":13,"column":4},"end":{"line":15,"column":5}}]},"1":{"loc":{"start":{"line":65,"column":2},"end":{"line":67,"column":3}},"type":"if","locations":[{"start":{"line":65,"column":2},"end":{"line":67,"column":3}}]},"2":{"loc":{"start":{"line":73,"column":2},"end":{"line":76,"column":3}},"type":"if","locations":[{"start":{"line":73,"column":2},"end":{"line":76,"column":3}}]}},"s":{"0":2,"1":2,"2":2,"3":2,"4":2,"5":3,"6":3,"7":3,"8":3,"9":1,"10":2,"11":1,"12":2,"13":2,"14":2,"15":2,"16":2,"17":2,"18":1,"19":1,"20":2,"21":2,"22":2,"23":2,"24":2,"25":2,"26":2,"27":1,"28":2,"29":2,"30":2,"31":3,"32":3,"33":3,"34":1,"35":2,"36":2,"37":1,"38":1,"39":1,"40":2},"f":{"0":3,"1":3,"2":2,"3":2,"4":2,"5":2,"6":2,"7":3,"8":3},"b":{"0":[1],"1":[1],"2":[1]}}
,"/Users/sergio/Desktop/software_eng_2/main_project/se2-kiruna-explorer-19/server/src/services/document.service.ts": {"path":"/Users/sergio/Desktop/software_eng_2/main_project/se2-kiruna-explorer-19/server/src/services/document.service.ts","statementMap":{"0":{"start":{"line":1,"column":0},"end":{"line":1,"column":50}},"1":{"start":{"line":2,"column":0},"end":{"line":2,"column":52}},"2":{"start":{"line":3,"column":0},"end":{"line":3,"column":58}},"3":{"start":{"line":6,"column":0},"end":{"line":6,"column":null}},"4":{"start":{"line":12,"column":0},"end":{"line":12,"column":57}},"5":{"start":{"line":13,"column":0},"end":{"line":13,"column":57}},"6":{"start":{"line":14,"column":0},"end":{"line":14,"column":49}},"7":{"start":{"line":15,"column":0},"end":{"line":15,"column":55}},"8":{"start":{"line":20,"column":30},"end":{"line":100,"column":2}},"9":{"start":{"line":22,"column":39},"end":{"line":100,"column":2}},"10":{"start":{"line":24,"column":2},"end":{"line":31,"column":3}},"11":{"start":{"line":25,"column":31},"end":{"line":26,"column":null}},"12":{"start":{"line":28,"column":4},"end":{"line":30,"column":5}},"13":{"start":{"line":29,"column":6},"end":{"line":29,"column":32}},"14":{"start":{"line":34,"column":2},"end":{"line":41,"column":3}},"15":{"start":{"line":35,"column":4},"end":{"line":40,"column":5}},"16":{"start":{"line":36,"column":31},"end":{"line":36,"column":75}},"17":{"start":{"line":37,"column":6},"end":{"line":39,"column":7}},"18":{"start":{"line":38,"column":8},"end":{"line":38,"column":37}},"19":{"start":{"line":44,"column":2},"end":{"line":51,"column":3}},"20":{"start":{"line":45,"column":4},"end":{"line":50,"column":5}},"21":{"start":{"line":46,"column":28},"end":{"line":46,"column":65}},"22":{"start":{"line":47,"column":6},"end":{"line":49,"column":7}},"23":{"start":{"line":48,"column":8},"end":{"line":48,"column":39}},"24":{"start":{"line":54,"column":22},"end":{"line":54,"column":48}},"25":{"start":{"line":55,"column":2},"end":{"line":55,"column":27}},"26":{"start":{"line":58,"column":2},"end":{"line":73,"column":3}},"27":{"start":{"line":59,"column":4},"end":{"line":72,"column":5}},"28":{"start":{"line":60,"column":31},"end":{"line":60,"column":75}},"29":{"start":{"line":62,"column":6},"end":{"line":71,"column":7}},"30":{"start":{"line":63,"column":8},"end":{"line":63,"column":74}},"31":{"start":{"line":65,"column":8},"end":{"line":68,"column":11}},"32":{"start":{"line":70,"column":8},"end":{"line":70,"column":38}},"33":{"start":{"line":75,"column":20},"end":{"line":75,"column":24}},"34":{"start":{"line":76,"column":2},"end":{"line":78,"column":3}},"35":{"start":{"line":77,"column":4},"end":{"line":77,"column":78}},"36":{"start":{"line":81,"column":37},"end":{"line":81,"column":41}},"37":{"start":{"line":82,"column":2},"end":{"line":84,"column":3}},"38":{"start":{"line":83,"column":4},"end":{"line":83,"column":48}},"39":{"start":{"line":86,"column":25},"end":{"line":86,"column":47}},"40":{"start":{"line":87,"column":2},"end":{"line":87,"column":28}},"41":{"start":{"line":88,"column":2},"end":{"line":88,"column":34}},"42":{"start":{"line":89,"column":2},"end":{"line":89,"column":34}},"43":{"start":{"line":90,"column":2},"end":{"line":90,"column":28}},"44":{"start":{"line":92,"column":16},"end":{"line":96,"column":null}},"45":{"start":{"line":99,"column":2},"end":{"line":99,"column":18}},"46":{"start":{"line":20,"column":13},"end":{"line":20,"column":30}},"47":{"start":{"line":103,"column":31},"end":{"line":140,"column":2}},"48":{"start":{"line":103,"column":72},"end":{"line":140,"column":2}},"49":{"start":{"line":104,"column":20},"end":{"line":104,"column":41}},"50":{"start":{"line":107,"column":49},"end":{"line":136,"column":null}},"51":{"start":{"line":108,"column":37},"end":{"line":136,"column":6}},"52":{"start":{"line":109,"column":27},"end":{"line":109,"column":47}},"53":{"start":{"line":110,"column":43},"end":{"line":110,"column":47}},"54":{"start":{"line":113,"column":6},"end":{"line":115,"column":7}},"55":{"start":{"line":114,"column":8},"end":{"line":114,"column":70}},"56":{"start":{"line":118,"column":41},"end":{"line":118,"column":45}},"57":{"start":{"line":119,"column":6},"end":{"line":121,"column":7}},"58":{"start":{"line":120,"column":8},"end":{"line":120,"column":49}},"59":{"start":{"line":123,"column":29},"end":{"line":123,"column":48}},"60":{"start":{"line":124,"column":6},"end":{"line":124,"column":32}},"61":{"start":{"line":125,"column":6},"end":{"line":125,"column":38}},"62":{"start":{"line":126,"column":6},"end":{"line":126,"column":38}},"63":{"start":{"line":127,"column":6},"end":{"line":127,"column":32}},"64":{"start":{"line":130,"column":6},"end":{"line":134,"column":null}},"65":{"start":{"line":139,"column":2},"end":{"line":139,"column":27}},"66":{"start":{"line":103,"column":13},"end":{"line":103,"column":31}},"67":{"start":{"line":143,"column":31},"end":{"line":180,"column":2}},"68":{"start":{"line":145,"column":39},"end":{"line":180,"column":2}},"69":{"start":{"line":146,"column":19},"end":{"line":146,"column":46}},"70":{"start":{"line":149,"column":2},"end":{"line":151,"column":3}},"71":{"start":{"line":150,"column":4},"end":{"line":150,"column":33}},"72":{"start":{"line":154,"column":39},"end":{"line":154,"column":43}},"73":{"start":{"line":155,"column":23},"end":{"line":155,"column":43}},"74":{"start":{"line":157,"column":2},"end":{"line":159,"column":3}},"75":{"start":{"line":158,"column":4},"end":{"line":158,"column":66}},"76":{"start":{"line":162,"column":37},"end":{"line":162,"column":41}},"77":{"start":{"line":163,"column":2},"end":{"line":165,"column":3}},"78":{"start":{"line":164,"column":4},"end":{"line":164,"column":45}},"79":{"start":{"line":167,"column":25},"end":{"line":167,"column":44}},"80":{"start":{"line":168,"column":2},"end":{"line":168,"column":28}},"81":{"start":{"line":169,"column":2},"end":{"line":169,"column":34}},"82":{"start":{"line":170,"column":2},"end":{"line":170,"column":34}},"83":{"start":{"line":171,"column":2},"end":{"line":171,"column":28}},"84":{"start":{"line":174,"column":2},"end":{"line":178,"column":null}},"85":{"start":{"line":143,"column":13},"end":{"line":143,"column":31}},"86":{"start":{"line":182,"column":31},"end":{"line":265,"column":2}},"87":{"start":{"line":185,"column":41},"end":{"line":265,"column":2}},"88":{"start":{"line":187,"column":23},"end":{"line":194,"column":4}},"89":{"start":{"line":188,"column":37},"end":{"line":193,"column":6}},"90":{"start":{"line":196,"column":44},"end":{"line":196,"column":46}},"91":{"start":{"line":198,"column":2},"end":{"line":225,"column":3}},"92":{"start":{"line":199,"column":29},"end":{"line":199,"column":31}},"93":{"start":{"line":200,"column":4},"end":{"line":204,"column":5}},"94":{"start":{"line":201,"column":6},"end":{"line":203,"column":9}},"95":{"start":{"line":205,"column":4},"end":{"line":209,"column":5}},"96":{"start":{"line":206,"column":6},"end":{"line":208,"column":9}},"97":{"start":{"line":210,"column":4},"end":{"line":212,"column":5}},"98":{"start":{"line":211,"column":6},"end":{"line":211,"column":52}},"99":{"start":{"line":213,"column":4},"end":{"line":215,"column":5}},"100":{"start":{"line":214,"column":6},"end":{"line":214,"column":79}},"101":{"start":{"line":216,"column":4},"end":{"line":220,"column":5}},"102":{"start":{"line":217,"column":6},"end":{"line":219,"column":9}},"103":{"start":{"line":222,"column":4},"end":{"line":224,"column":5}},"104":{"start":{"line":223,"column":6},"end":{"line":223,"column":47}},"105":{"start":{"line":228,"column":16},"end":{"line":230,"column":4}},"106":{"start":{"line":232,"column":20},"end":{"line":232,"column":46}},"107":{"start":{"line":233,"column":2},"end":{"line":235,"column":3}},"108":{"start":{"line":234,"column":4},"end":{"line":234,"column":37}},"109":{"start":{"line":236,"column":2},"end":{"line":264,"column":4}},"110":{"start":{"line":237,"column":37},"end":{"line":263,"column":6}},"111":{"start":{"line":238,"column":29},"end":{"line":238,"column":48}},"112":{"start":{"line":239,"column":6},"end":{"line":239,"column":32}},"113":{"start":{"line":240,"column":6},"end":{"line":240,"column":38}},"114":{"start":{"line":241,"column":6},"end":{"line":241,"column":38}},"115":{"start":{"line":242,"column":6},"end":{"line":242,"column":32}},"116":{"start":{"line":244,"column":43},"end":{"line":244,"column":47}},"117":{"start":{"line":245,"column":27},"end":{"line":245,"column":47}},"118":{"start":{"line":247,"column":6},"end":{"line":249,"column":7}},"119":{"start":{"line":248,"column":8},"end":{"line":248,"column":70}},"120":{"start":{"line":252,"column":41},"end":{"line":252,"column":45}},"121":{"start":{"line":253,"column":6},"end":{"line":255,"column":7}},"122":{"start":{"line":254,"column":8},"end":{"line":254,"column":49}},"123":{"start":{"line":257,"column":6},"end":{"line":262,"column":29}},"124":{"start":{"line":182,"column":13},"end":{"line":182,"column":31}},"125":{"start":{"line":268,"column":32},"end":{"line":387,"column":2}},"126":{"start":{"line":271,"column":39},"end":{"line":387,"column":2}},"127":{"start":{"line":272,"column":26},"end":{"line":275,"column":4}},"128":{"start":{"line":277,"column":2},"end":{"line":279,"column":3}},"129":{"start":{"line":278,"column":4},"end":{"line":278,"column":33}},"130":{"start":{"line":283,"column":0},"end":{"line":286,"column":1}},"131":{"start":{"line":284,"column":2},"end":{"line":284,"column":42}},"132":{"start":{"line":285,"column":2},"end":{"line":285,"column":31}},"133":{"start":{"line":289,"column":2},"end":{"line":296,"column":3}},"134":{"start":{"line":290,"column":31},"end":{"line":291,"column":null}},"135":{"start":{"line":293,"column":4},"end":{"line":295,"column":5}},"136":{"start":{"line":294,"column":6},"end":{"line":294,"column":32}},"137":{"start":{"line":300,"column":2},"end":{"line":315,"column":3}},"138":{"start":{"line":301,"column":4},"end":{"line":306,"column":5}},"139":{"start":{"line":302,"column":28},"end":{"line":302,"column":65}},"140":{"start":{"line":303,"column":6},"end":{"line":305,"column":7}},"141":{"start":{"line":304,"column":8},"end":{"line":304,"column":39}},"142":{"start":{"line":308,"column":4},"end":{"line":308,"column":56}},"143":{"start":{"line":310,"column":4},"end":{"line":314,"column":5}},"144":{"start":{"line":311,"column":6},"end":{"line":313,"column":7}},"145":{"start":{"line":312,"column":8},"end":{"line":312,"column":44}},"146":{"start":{"line":319,"column":2},"end":{"line":358,"column":3}},"147":{"start":{"line":321,"column":4},"end":{"line":333,"column":5}},"148":{"start":{"line":322,"column":6},"end":{"line":331,"column":7}},"149":{"start":{"line":323,"column":33},"end":{"line":323,"column":77}},"150":{"start":{"line":324,"column":8},"end":{"line":330,"column":9}},"151":{"start":{"line":325,"column":10},"end":{"line":328,"column":12}},"152":{"start":{"line":327,"column":14},"end":{"line":327,"column":72}},"153":{"start":{"line":329,"column":10},"end":{"line":329,"column":40}},"154":{"start":{"line":332,"column":6},"end":{"line":332,"column":39}},"155":{"start":{"line":334,"column":4},"end":{"line":355,"column":5}},"156":{"start":{"line":335,"column":31},"end":{"line":335,"column":75}},"157":{"start":{"line":337,"column":6},"end":{"line":339,"column":7}},"158":{"start":{"line":338,"column":8},"end":{"line":338,"column":37}},"159":{"start":{"line":342,"column":6},"end":{"line":345,"column":9}},"160":{"start":{"line":348,"column":6},"end":{"line":348,"column":72}},"161":{"start":{"line":349,"column":6},"end":{"line":352,"column":9}},"162":{"start":{"line":354,"column":6},"end":{"line":354,"column":36}},"163":{"start":{"line":357,"column":4},"end":{"line":357,"column":33}},"164":{"start":{"line":360,"column":20},"end":{"line":360,"column":24}},"165":{"start":{"line":361,"column":2},"end":{"line":365,"column":3}},"166":{"start":{"line":362,"column":4},"end":{"line":364,"column":6}},"167":{"start":{"line":368,"column":37},"end":{"line":368,"column":41}},"168":{"start":{"line":369,"column":2},"end":{"line":371,"column":3}},"169":{"start":{"line":370,"column":4},"end":{"line":370,"column":52}},"170":{"start":{"line":373,"column":25},"end":{"line":373,"column":51}},"171":{"start":{"line":374,"column":2},"end":{"line":374,"column":28}},"172":{"start":{"line":375,"column":2},"end":{"line":375,"column":34}},"173":{"start":{"line":376,"column":2},"end":{"line":376,"column":34}},"174":{"start":{"line":377,"column":2},"end":{"line":377,"column":28}},"175":{"start":{"line":379,"column":16},"end":{"line":383,"column":null}},"176":{"start":{"line":386,"column":2},"end":{"line":386,"column":18}},"177":{"start":{"line":268,"column":13},"end":{"line":268,"column":32}},"178":{"start":{"line":390,"column":13},"end":{"line":390,"column":36}},"179":{"start":{"line":395,"column":32},"end":{"line":406,"column":1}},"180":{"start":{"line":396,"column":19},"end":{"line":399,"column":5}},"181":{"start":{"line":396,"column":70},"end":{"line":399,"column":4}},"182":{"start":{"line":401,"column":2},"end":{"line":403,"column":3}},"183":{"start":{"line":402,"column":4},"end":{"line":402,"column":62}},"184":{"start":{"line":405,"column":2},"end":{"line":405,"column":18}},"185":{"start":{"line":395,"column":13},"end":{"line":395,"column":32}},"186":{"start":{"line":408,"column":33},"end":{"line":460,"column":2}},"187":{"start":{"line":410,"column":34},"end":{"line":460,"column":2}},"188":{"start":{"line":411,"column":20},"end":{"line":411,"column":49}},"189":{"start":{"line":414,"column":2},"end":{"line":416,"column":3}},"190":{"start":{"line":415,"column":4},"end":{"line":415,"column":33}},"191":{"start":{"line":419,"column":2},"end":{"line":459,"column":4}},"192":{"start":{"line":420,"column":37},"end":{"line":458,"column":6}},"193":{"start":{"line":421,"column":29},"end":{"line":421,"column":48}},"194":{"start":{"line":422,"column":6},"end":{"line":422,"column":32}},"195":{"start":{"line":423,"column":6},"end":{"line":423,"column":38}},"196":{"start":{"line":424,"column":6},"end":{"line":424,"column":38}},"197":{"start":{"line":425,"column":6},"end":{"line":425,"column":32}},"198":{"start":{"line":428,"column":43},"end":{"line":428,"column":47}},"199":{"start":{"line":429,"column":27},"end":{"line":429,"column":47}},"200":{"start":{"line":431,"column":6},"end":{"line":433,"column":7}},"201":{"start":{"line":432,"column":8},"end":{"line":432,"column":70}},"202":{"start":{"line":437,"column":41},"end":{"line":437,"column":45}},"203":{"start":{"line":438,"column":6},"end":{"line":449,"column":7}},"204":{"start":{"line":439,"column":29},"end":{"line":442,"column":null}},"205":{"start":{"line":441,"column":12},"end":{"line":441,"column":52}},"206":{"start":{"line":446,"column":8},"end":{"line":448,"column":10}},"207":{"start":{"line":447,"column":50},"end":{"line":447,"column":67}},"208":{"start":{"line":452,"column":6},"end":{"line":457,"column":29}},"209":{"start":{"line":408,"column":13},"end":{"line":408,"column":33}},"210":{"start":{"line":462,"column":26},"end":{"line":474,"column":2}},"211":{"start":{"line":464,"column":36},"end":{"line":474,"column":2}},"212":{"start":{"line":465,"column":2},"end":{"line":472,"column":3}},"213":{"start":{"line":466,"column":25},"end":{"line":467,"column":null}},"214":{"start":{"line":467,"column":32},"end":{"line":467,"column":72}},"215":{"start":{"line":469,"column":4},"end":{"line":471,"column":6}},"216":{"start":{"line":470,"column":46},"end":{"line":470,"column":63}},"217":{"start":{"line":473,"column":2},"end":{"line":473,"column":14}},"218":{"start":{"line":462,"column":13},"end":{"line":462,"column":26}}},"fnMap":{"0":{"name":"(anonymous_8)","decl":{"start":{"line":20,"column":30},"end":{"line":20,"column":null}},"loc":{"start":{"line":22,"column":39},"end":{"line":100,"column":2}}},"1":{"name":"(anonymous_9)","decl":{"start":{"line":22,"column":39},"end":{"line":22,"column":null}},"loc":{"start":{"line":22,"column":39},"end":{"line":100,"column":1}}},"2":{"name":"(anonymous_10)","decl":{"start":{"line":103,"column":31},"end":{"line":103,"column":70}},"loc":{"start":{"line":103,"column":72},"end":{"line":140,"column":2}}},"3":{"name":"(anonymous_11)","decl":{"start":{"line":103,"column":72},"end":{"line":103,"column":null}},"loc":{"start":{"line":103,"column":72},"end":{"line":140,"column":1}}},"4":{"name":"(anonymous_12)","decl":{"start":{"line":108,"column":18},"end":{"line":108,"column":25}},"loc":{"start":{"line":108,"column":37},"end":{"line":136,"column":6}}},"5":{"name":"(anonymous_13)","decl":{"start":{"line":108,"column":37},"end":{"line":108,"column":null}},"loc":{"start":{"line":108,"column":37},"end":{"line":136,"column":5}}},"6":{"name":"(anonymous_14)","decl":{"start":{"line":143,"column":31},"end":{"line":143,"column":null}},"loc":{"start":{"line":145,"column":39},"end":{"line":180,"column":2}}},"7":{"name":"(anonymous_15)","decl":{"start":{"line":145,"column":39},"end":{"line":145,"column":null}},"loc":{"start":{"line":145,"column":39},"end":{"line":180,"column":1}}},"8":{"name":"(anonymous_16)","decl":{"start":{"line":182,"column":31},"end":{"line":182,"column":null}},"loc":{"start":{"line":185,"column":41},"end":{"line":265,"column":2}}},"9":{"name":"(anonymous_17)","decl":{"start":{"line":185,"column":41},"end":{"line":185,"column":null}},"loc":{"start":{"line":185,"column":41},"end":{"line":265,"column":1}}},"10":{"name":"(anonymous_18)","decl":{"start":{"line":188,"column":23},"end":{"line":188,"column":24}},"loc":{"start":{"line":188,"column":37},"end":{"line":193,"column":6}}},"11":{"name":"(anonymous_19)","decl":{"start":{"line":237,"column":18},"end":{"line":237,"column":25}},"loc":{"start":{"line":237,"column":37},"end":{"line":263,"column":6}}},"12":{"name":"(anonymous_20)","decl":{"start":{"line":237,"column":37},"end":{"line":237,"column":null}},"loc":{"start":{"line":237,"column":37},"end":{"line":263,"column":5}}},"13":{"name":"(anonymous_21)","decl":{"start":{"line":268,"column":32},"end":{"line":268,"column":null}},"loc":{"start":{"line":271,"column":39},"end":{"line":387,"column":2}}},"14":{"name":"(anonymous_22)","decl":{"start":{"line":271,"column":39},"end":{"line":271,"column":null}},"loc":{"start":{"line":271,"column":39},"end":{"line":387,"column":1}}},"15":{"name":"(anonymous_23)","decl":{"start":{"line":326,"column":12},"end":{"line":326,"column":13}},"loc":{"start":{"line":327,"column":14},"end":{"line":327,"column":72}}},"16":{"name":"(anonymous_24)","decl":{"start":{"line":395,"column":32},"end":{"line":395,"column":35}},"loc":{"start":{"line":395,"column":37},"end":{"line":406,"column":1}}},"17":{"name":"(anonymous_25)","decl":{"start":{"line":396,"column":51},"end":{"line":396,"column":52}},"loc":{"start":{"line":396,"column":70},"end":{"line":399,"column":4}}},"18":{"name":"(anonymous_26)","decl":{"start":{"line":408,"column":33},"end":{"line":408,"column":null}},"loc":{"start":{"line":410,"column":34},"end":{"line":460,"column":2}}},"19":{"name":"(anonymous_27)","decl":{"start":{"line":410,"column":34},"end":{"line":410,"column":null}},"loc":{"start":{"line":410,"column":34},"end":{"line":460,"column":1}}},"20":{"name":"(anonymous_28)","decl":{"start":{"line":420,"column":18},"end":{"line":420,"column":25}},"loc":{"start":{"line":420,"column":37},"end":{"line":458,"column":6}}},"21":{"name":"(anonymous_29)","decl":{"start":{"line":420,"column":37},"end":{"line":420,"column":null}},"loc":{"start":{"line":420,"column":37},"end":{"line":458,"column":5}}},"22":{"name":"(anonymous_30)","decl":{"start":{"line":440,"column":29},"end":{"line":440,"column":30}},"loc":{"start":{"line":441,"column":12},"end":{"line":441,"column":52}}},"23":{"name":"(anonymous_31)","decl":{"start":{"line":447,"column":10},"end":{"line":447,"column":11}},"loc":{"start":{"line":447,"column":50},"end":{"line":447,"column":67}}},"24":{"name":"(anonymous_32)","decl":{"start":{"line":462,"column":26},"end":{"line":462,"column":null}},"loc":{"start":{"line":464,"column":36},"end":{"line":474,"column":2}}},"25":{"name":"(anonymous_33)","decl":{"start":{"line":464,"column":36},"end":{"line":464,"column":null}},"loc":{"start":{"line":464,"column":36},"end":{"line":474,"column":1}}},"26":{"name":"(anonymous_34)","decl":{"start":{"line":467,"column":19},"end":{"line":467,"column":20}},"loc":{"start":{"line":467,"column":32},"end":{"line":467,"column":72}}},"27":{"name":"(anonymous_35)","decl":{"start":{"line":470,"column":6},"end":{"line":470,"column":7}},"loc":{"start":{"line":470,"column":46},"end":{"line":470,"column":63}}}},"branchMap":{"0":{"loc":{"start":{"line":24,"column":2},"end":{"line":31,"column":3}},"type":"if","locations":[{"start":{"line":24,"column":2},"end":{"line":31,"column":3}}]},"1":{"loc":{"start":{"line":28,"column":4},"end":{"line":30,"column":5}},"type":"if","locations":[{"start":{"line":28,"column":4},"end":{"line":30,"column":5}}]},"2":{"loc":{"start":{"line":34,"column":2},"end":{"line":41,"column":3}},"type":"if","locations":[{"start":{"line":34,"column":2},"end":{"line":41,"column":3}}]},"3":{"loc":{"start":{"line":34,"column":6},"end":{"line":34,"column":69}},"type":"binary-expr","locations":[{"start":{"line":34,"column":6},"end":{"line":34,"column":30}},{"start":{"line":34,"column":34},"end":{"line":34,"column":69}}]},"4":{"loc":{"start":{"line":37,"column":6},"end":{"line":39,"column":7}},"type":"if","locations":[{"start":{"line":37,"column":6},"end":{"line":39,"column":7}}]},"5":{"loc":{"start":{"line":44,"column":2},"end":{"line":51,"column":3}},"type":"if","locations":[{"start":{"line":44,"column":2},"end":{"line":51,"column":3}}]},"6":{"loc":{"start":{"line":44,"column":6},"end":{"line":44,"column":57}},"type":"binary-expr","locations":[{"start":{"line":44,"column":6},"end":{"line":44,"column":24}},{"start":{"line":44,"column":28},"end":{"line":44,"column":57}}]},"7":{"loc":{"start":{"line":47,"column":6},"end":{"line":49,"column":7}},"type":"if","locations":[{"start":{"line":47,"column":6},"end":{"line":49,"column":7}}]},"8":{"loc":{"start":{"line":58,"column":2},"end":{"line":73,"column":3}},"type":"if","locations":[{"start":{"line":58,"column":2},"end":{"line":73,"column":3}}]},"9":{"loc":{"start":{"line":58,"column":6},"end":{"line":58,"column":69}},"type":"binary-expr","locations":[{"start":{"line":58,"column":6},"end":{"line":58,"column":30}},{"start":{"line":58,"column":34},"end":{"line":58,"column":69}}]},"10":{"loc":{"start":{"line":62,"column":6},"end":{"line":71,"column":7}},"type":"if","locations":[{"start":{"line":62,"column":6},"end":{"line":71,"column":7}}]},"11":{"loc":{"start":{"line":63,"column":39},"end":{"line":63,"column":73}},"type":"binary-expr","locations":[{"start":{"line":63,"column":39},"end":{"line":63,"column":67}},{"start":{"line":63,"column":71},"end":{"line":63,"column":73}}]},"12":{"loc":{"start":{"line":76,"column":2},"end":{"line":78,"column":3}},"type":"if","locations":[{"start":{"line":76,"column":2},"end":{"line":78,"column":3}}]},"13":{"loc":{"start":{"line":82,"column":2},"end":{"line":84,"column":3}},"type":"if","locations":[{"start":{"line":82,"column":2},"end":{"line":84,"column":3}}]},"14":{"loc":{"start":{"line":82,"column":6},"end":{"line":82,"column":55}},"type":"binary-expr","locations":[{"start":{"line":82,"column":6},"end":{"line":82,"column":23}},{"start":{"line":82,"column":27},"end":{"line":82,"column":55}}]},"15":{"loc":{"start":{"line":113,"column":6},"end":{"line":115,"column":7}},"type":"if","locations":[{"start":{"line":113,"column":6},"end":{"line":115,"column":7}}]},"16":{"loc":{"start":{"line":119,"column":6},"end":{"line":121,"column":7}},"type":"if","locations":[{"start":{"line":119,"column":6},"end":{"line":121,"column":7}}]},"17":{"loc":{"start":{"line":119,"column":10},"end":{"line":119,"column":53}},"type":"binary-expr","locations":[{"start":{"line":119,"column":10},"end":{"line":119,"column":24}},{"start":{"line":119,"column":28},"end":{"line":119,"column":53}}]},"18":{"loc":{"start":{"line":133,"column":21},"end":{"line":133,"column":39}},"type":"binary-expr","locations":[{"start":{"line":133,"column":21},"end":{"line":133,"column":31}},{"start":{"line":133,"column":35},"end":{"line":133,"column":39}}]},"19":{"loc":{"start":{"line":134,"column":15},"end":{"line":134,"column":28}},"type":"binary-expr","locations":[{"start":{"line":134,"column":15},"end":{"line":134,"column":20}},{"start":{"line":134,"column":24},"end":{"line":134,"column":28}}]},"20":{"loc":{"start":{"line":149,"column":2},"end":{"line":151,"column":3}},"type":"if","locations":[{"start":{"line":149,"column":2},"end":{"line":151,"column":3}}]},"21":{"loc":{"start":{"line":157,"column":2},"end":{"line":159,"column":3}},"type":"if","locations":[{"start":{"line":157,"column":2},"end":{"line":159,"column":3}}]},"22":{"loc":{"start":{"line":163,"column":2},"end":{"line":165,"column":3}},"type":"if","locations":[{"start":{"line":163,"column":2},"end":{"line":165,"column":3}}]},"23":{"loc":{"start":{"line":163,"column":6},"end":{"line":163,"column":49}},"type":"binary-expr","locations":[{"start":{"line":163,"column":6},"end":{"line":163,"column":20}},{"start":{"line":163,"column":24},"end":{"line":163,"column":49}}]},"24":{"loc":{"start":{"line":177,"column":17},"end":{"line":177,"column":35}},"type":"binary-expr","locations":[{"start":{"line":177,"column":17},"end":{"line":177,"column":27}},{"start":{"line":177,"column":31},"end":{"line":177,"column":35}}]},"25":{"loc":{"start":{"line":178,"column":11},"end":{"line":178,"column":24}},"type":"binary-expr","locations":[{"start":{"line":178,"column":11},"end":{"line":178,"column":16}},{"start":{"line":178,"column":20},"end":{"line":178,"column":24}}]},"26":{"loc":{"start":{"line":198,"column":2},"end":{"line":225,"column":3}},"type":"if","locations":[{"start":{"line":198,"column":2},"end":{"line":225,"column":3}}]},"27":{"loc":{"start":{"line":200,"column":4},"end":{"line":204,"column":5}},"type":"if","locations":[{"start":{"line":200,"column":4},"end":{"line":204,"column":5}}]},"28":{"loc":{"start":{"line":205,"column":4},"end":{"line":209,"column":5}},"type":"if","locations":[{"start":{"line":205,"column":4},"end":{"line":209,"column":5}}]},"29":{"loc":{"start":{"line":210,"column":4},"end":{"line":212,"column":5}},"type":"if","locations":[{"start":{"line":210,"column":4},"end":{"line":212,"column":5}}]},"30":{"loc":{"start":{"line":213,"column":4},"end":{"line":215,"column":5}},"type":"if","locations":[{"start":{"line":213,"column":4},"end":{"line":215,"column":5}}]},"31":{"loc":{"start":{"line":216,"column":4},"end":{"line":220,"column":5}},"type":"if","locations":[{"start":{"line":216,"column":4},"end":{"line":220,"column":5}}]},"32":{"loc":{"start":{"line":222,"column":4},"end":{"line":224,"column":5}},"type":"if","locations":[{"start":{"line":222,"column":4},"end":{"line":224,"column":5}}]},"33":{"loc":{"start":{"line":229,"column":15},"end":{"line":229,"column":38}},"type":"binary-expr","locations":[{"start":{"line":229,"column":15},"end":{"line":229,"column":32}},{"start":{"line":229,"column":36},"end":{"line":229,"column":38}}]},"34":{"loc":{"start":{"line":229,"column":45},"end":{"line":229,"column":67}},"type":"binary-expr","locations":[{"start":{"line":229,"column":45},"end":{"line":229,"column":61}},{"start":{"line":229,"column":65},"end":{"line":229,"column":67}}]},"35":{"loc":{"start":{"line":233,"column":2},"end":{"line":235,"column":3}},"type":"if","locations":[{"start":{"line":233,"column":2},"end":{"line":235,"column":3}}]},"36":{"loc":{"start":{"line":247,"column":6},"end":{"line":249,"column":7}},"type":"if","locations":[{"start":{"line":247,"column":6},"end":{"line":249,"column":7}}]},"37":{"loc":{"start":{"line":253,"column":6},"end":{"line":255,"column":7}},"type":"if","locations":[{"start":{"line":253,"column":6},"end":{"line":255,"column":7}}]},"38":{"loc":{"start":{"line":253,"column":10},"end":{"line":253,"column":53}},"type":"binary-expr","locations":[{"start":{"line":253,"column":10},"end":{"line":253,"column":24}},{"start":{"line":253,"column":28},"end":{"line":253,"column":53}}]},"39":{"loc":{"start":{"line":260,"column":21},"end":{"line":260,"column":39}},"type":"binary-expr","locations":[{"start":{"line":260,"column":21},"end":{"line":260,"column":31}},{"start":{"line":260,"column":35},"end":{"line":260,"column":39}}]},"40":{"loc":{"start":{"line":261,"column":15},"end":{"line":261,"column":28}},"type":"binary-expr","locations":[{"start":{"line":261,"column":15},"end":{"line":261,"column":20}},{"start":{"line":261,"column":24},"end":{"line":261,"column":28}}]},"41":{"loc":{"start":{"line":277,"column":2},"end":{"line":279,"column":3}},"type":"if","locations":[{"start":{"line":277,"column":2},"end":{"line":279,"column":3}}]},"42":{"loc":{"start":{"line":283,"column":0},"end":{"line":286,"column":1}},"type":"if","locations":[{"start":{"line":283,"column":0},"end":{"line":286,"column":1}}]},"43":{"loc":{"start":{"line":283,"column":4},"end":{"line":283,"column":98}},"type":"binary-expr","locations":[{"start":{"line":283,"column":4},"end":{"line":283,"column":20}},{"start":{"line":283,"column":24},"end":{"line":283,"column":60}},{"start":{"line":283,"column":64},"end":{"line":283,"column":98}}]},"44":{"loc":{"start":{"line":289,"column":2},"end":{"line":296,"column":3}},"type":"if","locations":[{"start":{"line":289,"column":2},"end":{"line":296,"column":3}}]},"45":{"loc":{"start":{"line":293,"column":4},"end":{"line":295,"column":5}},"type":"if","locations":[{"start":{"line":293,"column":4},"end":{"line":295,"column":5}}]},"46":{"loc":{"start":{"line":300,"column":2},"end":{"line":315,"column":3}},"type":"if","locations":[{"start":{"line":300,"column":2},"end":{"line":315,"column":3}}]},"47":{"loc":{"start":{"line":300,"column":6},"end":{"line":300,"column":53}},"type":"binary-expr","locations":[{"start":{"line":300,"column":6},"end":{"line":300,"column":22}},{"start":{"line":300,"column":26},"end":{"line":300,"column":53}}]},"48":{"loc":{"start":{"line":303,"column":6},"end":{"line":305,"column":7}},"type":"if","locations":[{"start":{"line":303,"column":6},"end":{"line":305,"column":7}}]},"49":{"loc":{"start":{"line":308,"column":28},"end":{"line":308,"column":55}},"type":"binary-expr","locations":[{"start":{"line":308,"column":28},"end":{"line":308,"column":49}},{"start":{"line":308,"column":53},"end":{"line":308,"column":55}}]},"50":{"loc":{"start":{"line":311,"column":6},"end":{"line":313,"column":7}},"type":"if","locations":[{"start":{"line":311,"column":6},"end":{"line":313,"column":7}}]},"51":{"loc":{"start":{"line":319,"column":2},"end":{"line":358,"column":3}},"type":"if","locations":[{"start":{"line":319,"column":2},"end":{"line":358,"column":3}}]},"52":{"loc":{"start":{"line":319,"column":6},"end":{"line":319,"column":65}},"type":"binary-expr","locations":[{"start":{"line":319,"column":6},"end":{"line":319,"column":28}},{"start":{"line":319,"column":32},"end":{"line":319,"column":65}}]},"53":{"loc":{"start":{"line":321,"column":4},"end":{"line":333,"column":5}},"type":"if","locations":[{"start":{"line":321,"column":4},"end":{"line":333,"column":5}}]},"54":{"loc":{"start":{"line":321,"column":8},"end":{"line":321,"column":77}},"type":"binary-expr","locations":[{"start":{"line":321,"column":8},"end":{"line":321,"column":35}},{"start":{"line":321,"column":39},"end":{"line":321,"column":77}}]},"55":{"loc":{"start":{"line":324,"column":8},"end":{"line":330,"column":9}},"type":"if","locations":[{"start":{"line":324,"column":8},"end":{"line":330,"column":9}}]},"56":{"loc":{"start":{"line":325,"column":41},"end":{"line":327,"column":null}},"type":"cond-expr","locations":[{"start":{"line":325,"column":69},"end":{"line":325,"column":71}},{"start":{"line":325,"column":69},"end":{"line":327,"column":null}}]},"57":{"loc":{"start":{"line":325,"column":41},"end":{"line":325,"column":71}},"type":"binary-expr","locations":[{"start":{"line":325,"column":41},"end":{"line":325,"column":71}},{"start":{"line":325,"column":69},"end":{"line":325,"column":71}}]},"58":{"loc":{"start":{"line":337,"column":6},"end":{"line":339,"column":7}},"type":"if","locations":[{"start":{"line":337,"column":6},"end":{"line":339,"column":7}}]},"59":{"loc":{"start":{"line":342,"column":6},"end":{"line":345,"column":8}},"type":"cond-expr","locations":[{"start":{"line":342,"column":33},"end":{"line":342,"column":35}},{"start":{"line":342,"column":33},"end":{"line":345,"column":8}}]},"60":{"loc":{"start":{"line":342,"column":6},"end":{"line":342,"column":35}},"type":"binary-expr","locations":[{"start":{"line":342,"column":6},"end":{"line":342,"column":35}},{"start":{"line":342,"column":33},"end":{"line":342,"column":35}}]},"61":{"loc":{"start":{"line":348,"column":37},"end":{"line":348,"column":71}},"type":"binary-expr","locations":[{"start":{"line":348,"column":37},"end":{"line":348,"column":65}},{"start":{"line":348,"column":69},"end":{"line":348,"column":71}}]},"62":{"loc":{"start":{"line":361,"column":2},"end":{"line":365,"column":3}},"type":"if","locations":[{"start":{"line":361,"column":2},"end":{"line":365,"column":3}}]},"63":{"loc":{"start":{"line":369,"column":2},"end":{"line":371,"column":3}},"type":"if","locations":[{"start":{"line":369,"column":2},"end":{"line":371,"column":3}}]},"64":{"loc":{"start":{"line":369,"column":6},"end":{"line":369,"column":63}},"type":"binary-expr","locations":[{"start":{"line":369,"column":6},"end":{"line":369,"column":27}},{"start":{"line":369,"column":31},"end":{"line":369,"column":63}}]},"65":{"loc":{"start":{"line":383,"column":11},"end":{"line":383,"column":24}},"type":"binary-expr","locations":[{"start":{"line":383,"column":11},"end":{"line":383,"column":16}},{"start":{"line":383,"column":20},"end":{"line":383,"column":24}}]},"66":{"loc":{"start":{"line":401,"column":2},"end":{"line":403,"column":3}},"type":"if","locations":[{"start":{"line":401,"column":2},"end":{"line":403,"column":3}}]},"67":{"loc":{"start":{"line":414,"column":2},"end":{"line":416,"column":3}},"type":"if","locations":[{"start":{"line":414,"column":2},"end":{"line":416,"column":3}}]},"68":{"loc":{"start":{"line":431,"column":6},"end":{"line":433,"column":7}},"type":"if","locations":[{"start":{"line":431,"column":6},"end":{"line":433,"column":7}}]},"69":{"loc":{"start":{"line":438,"column":6},"end":{"line":449,"column":7}},"type":"if","locations":[{"start":{"line":438,"column":6},"end":{"line":449,"column":7}}]},"70":{"loc":{"start":{"line":438,"column":10},"end":{"line":438,"column":53}},"type":"binary-expr","locations":[{"start":{"line":438,"column":10},"end":{"line":438,"column":24}},{"start":{"line":438,"column":28},"end":{"line":438,"column":53}}]},"71":{"loc":{"start":{"line":455,"column":21},"end":{"line":455,"column":39}},"type":"binary-expr","locations":[{"start":{"line":455,"column":21},"end":{"line":455,"column":31}},{"start":{"line":455,"column":35},"end":{"line":455,"column":39}}]},"72":{"loc":{"start":{"line":456,"column":15},"end":{"line":456,"column":28}},"type":"binary-expr","locations":[{"start":{"line":456,"column":15},"end":{"line":456,"column":20}},{"start":{"line":456,"column":24},"end":{"line":456,"column":28}}]},"73":{"loc":{"start":{"line":465,"column":2},"end":{"line":472,"column":3}},"type":"if","locations":[{"start":{"line":465,"column":2},"end":{"line":472,"column":3}}]}},"s":{"0":2,"1":2,"2":2,"3":2,"4":2,"5":2,"6":2,"7":2,"8":2,"9":4,"10":4,"11":4,"12":4,"13":1,"14":3,"15":3,"16":3,"17":3,"18":1,"19":2,"20":2,"21":3,"22":3,"23":1,"24":1,"25":1,"26":1,"27":1,"28":1,"29":1,"30":1,"31":1,"32":1,"33":1,"34":1,"35":1,"36":1,"37":1,"38":1,"39":1,"40":1,"41":1,"42":1,"43":1,"44":1,"45":1,"46":2,"47":2,"48":1,"49":1,"50":1,"51":1,"52":1,"53":1,"54":1,"55":1,"56":1,"57":1,"58":1,"59":1,"60":1,"61":1,"62":1,"63":1,"64":1,"65":1,"66":2,"67":2,"68":2,"69":2,"70":2,"71":1,"72":1,"73":1,"74":1,"75":1,"76":1,"77":1,"78":1,"79":1,"80":1,"81":1,"82":1,"83":1,"84":1,"85":2,"86":2,"87":2,"88":2,"89":2,"90":2,"91":2,"92":1,"93":1,"94":1,"95":1,"96":1,"97":1,"98":1,"99":1,"100":1,"101":1,"102":1,"103":1,"104":1,"105":2,"106":2,"107":2,"108":1,"109":1,"110":1,"111":1,"112":1,"113":1,"114":1,"115":1,"116":1,"117":1,"118":1,"119":1,"120":1,"121":1,"122":1,"123":1,"124":2,"125":2,"126":7,"127":7,"128":7,"129":1,"130":6,"131":1,"132":1,"133":6,"134":2,"135":2,"136":1,"137":5,"138":2,"139":2,"140":2,"141":1,"142":1,"143":1,"144":1,"145":1,"146":4,"147":2,"148":1,"149":1,"150":1,"151":1,"152":1,"153":1,"154":1,"155":2,"156":2,"157":2,"158":1,"159":1,"160":1,"161":1,"162":1,"163":1,"164":3,"165":3,"166":3,"167":3,"168":3,"169":3,"170":3,"171":3,"172":3,"173":3,"174":3,"175":3,"176":3,"177":2,"178":2,"179":2,"180":2,"181":8,"182":2,"183":1,"184":1,"185":2,"186":2,"187":2,"188":2,"189":2,"190":1,"191":1,"192":2,"193":2,"194":2,"195":2,"196":2,"197":2,"198":2,"199":2,"200":2,"201":1,"202":2,"203":2,"204":0,"205":0,"206":0,"207":0,"208":2,"209":2,"210":2,"211":2,"212":2,"213":1,"214":2,"215":1,"216":2,"217":1,"218":2},"f":{"0":4,"1":4,"2":1,"3":1,"4":1,"5":1,"6":2,"7":2,"8":2,"9":2,"10":2,"11":1,"12":1,"13":7,"14":7,"15":1,"16":2,"17":8,"18":2,"19":2,"20":2,"21":2,"22":0,"23":0,"24":2,"25":2,"26":2,"27":2},"b":{"0":[4],"1":[1],"2":[3],"3":[3,3],"4":[1],"5":[2],"6":[2,2],"7":[1],"8":[1],"9":[1,1],"10":[1],"11":[1,1],"12":[1],"13":[1],"14":[1,1],"15":[1],"16":[1],"17":[1,1],"18":[1,0],"19":[1,0],"20":[1],"21":[1],"22":[1],"23":[1,1],"24":[1,0],"25":[1,0],"26":[1],"27":[1],"28":[1],"29":[1],"30":[1],"31":[1],"32":[1],"33":[2,0],"34":[2,1],"35":[1],"36":[1],"37":[1],"38":[1,1],"39":[1,0],"40":[1,0],"41":[1],"42":[1],"43":[6,1,1],"44":[2],"45":[1],"46":[2],"47":[5,2],"48":[1],"49":[1,0],"50":[1],"51":[2],"52":[4,2],"53":[1],"54":[2,2],"55":[1],"56":[0,1],"57":[1,1],"58":[1],"59":[0,1],"60":[1,1],"61":[1,0],"62":[3],"63":[3],"64":[3,3],"65":[3,0],"66":[1],"67":[1],"68":[1],"69":[0],"70":[2,2],"71":[2,1],"72":[2,2],"73":[1]}}
[...]
":{"start":{"line":26,"column":34},"end":{"line":26,"column":null}},"loc":{"start":{"line":26,"column":34},"end":{"line":86,"column":1}}},"3":{"name":"(anonymous_11)","decl":{"start":{"line":89,"column":35},"end":{"line":89,"column":null}},"loc":{"start":{"line":92,"column":19},"end":{"line":113,"column":2}}},"4":{"name":"(anonymous_12)","decl":{"start":{"line":92,"column":19},"end":{"line":92,"column":null}},"loc":{"start":{"line":92,"column":19},"end":{"line":113,"column":1}}},"5":{"name":"(anonymous_13)","decl":{"start":{"line":115,"column":36},"end":{"line":115,"column":null}},"loc":{"start":{"line":117,"column":34},"end":{"line":134,"column":2}}},"6":{"name":"(anonymous_14)","decl":{"start":{"line":117,"column":34},"end":{"line":117,"column":null}},"loc":{"start":{"line":117,"column":34},"end":{"line":134,"column":1}}}},"branchMap":{"0":{"loc":{"start":{"line":13,"column":2},"end":{"line":21,"column":3}},"type":"if","locations":[{"start":{"line":13,"column":2},"end":{"line":21,"column":3}},{"start":{"line":15,"column":9},"end":{"line":21,"column":3}}]},"1":{"loc":{"start":{"line":15,"column":9},"end":{"line":21,"column":3}},"type":"if","locations":[{"start":{"line":15,"column":9},"end":{"line":21,"column":3}},{"start":{"line":17,"column":9},"end":{"line":21,"column":3}}]},"2":{"loc":{"start":{"line":17,"column":9},"end":{"line":21,"column":3}},"type":"if","locations":[{"start":{"line":17,"column":9},"end":{"line":21,"column":3}},{"start":{"line":19,"column":9},"end":{"line":21,"column":3}}]},"3":{"loc":{"start":{"line":37,"column":14},"end":{"line":37,"column":36}},"type":"binary-expr","locations":[{"start":{"line":37,"column":14},"end":{"line":37,"column":30}},{"start":{"line":37,"column":34},"end":{"line":37,"column":36}}]},"4":{"loc":{"start":{"line":53,"column":4},"end":{"line":55,"column":5}},"type":"if","locations":[{"start":{"line":53,"column":4},"end":{"line":55,"column":5}}]},"5":{"loc":{"start":{"line":95,"column":2},"end":{"line":97,"column":3}},"type":"if","locations":[{"start":{"line":95,"column":2},"end":{"line":97,"column":3}}]},"6":{"loc":{"start":{"line":100,"column":2},"end":{"line":102,"column":3}},"type":"if","locations":[{"start":{"line":100,"column":2},"end":{"line":102,"column":3}}]},"7":{"loc":{"start":{"line":110,"column":2},"end":{"line":112,"column":3}},"type":"if","locations":[{"start":{"line":110,"column":2},"end":{"line":112,"column":3}}]},"8":{"loc":{"start":{"line":120,"column":2},"end":{"line":122,"column":3}},"type":"if","locations":[{"start":{"line":120,"column":2},"end":{"line":122,"column":3}}]}},"s":{"0":3,"1":3,"2":3,"3":3,"4":3,"5":12,"6":3,"7":9,"8":1,"9":8,"10":3,"11":5,"12":3,"13":3,"14":2,"15":2,"16":2,"17":2,"18":2,"19":2,"20":1,"21":1,"22":1,"23":1,"24":1,"25":1,"26":1,"27":3,"28":3,"29":2,"30":2,"31":2,"32":2,"33":2,"34":2,"35":0,"36":2,"37":2,"38":1,"39":3,"40":3,"41":2,"42":2,"43":2,"44":1,"45":1,"46":1,"47":3},"f":{"0":12,"1":2,"2":2,"3":2,"4":2,"5":2,"6":2},"b":{"0":[3,9],"1":[1,8],"2":[3,5],"3":[2,0],"4":[1],"5":[2],"6":[0],"7":[1],"8":[1]}}
,"/Users/sergio/Desktop/software_eng_2/main_project/se2-kiruna-explorer-19/server/src/services/user.service.ts": {"path":"/Users/sergio/Desktop/software_eng_2/main_project/se2-kiruna-explorer-19/server/src/services/user.service.ts","statementMap":{"0":{"start":{"line":1,"column":0},"end":{"line":1,"column":28}},"1":{"start":{"line":2,"column":0},"end":{"line":2,"column":31}},"2":{"start":{"line":3,"column":0},"end":{"line":3,"column":42}},"3":{"start":{"line":5,"column":0},"end":{"line":5,"column":49}},"4":{"start":{"line":7,"column":0},"end":{"line":7,"column":55}},"5":{"start":{"line":9,"column":18},"end":{"line":9,"column":61}},"6":{"start":{"line":11,"column":27},"end":{"line":21,"column":2}},"7":{"start":{"line":11,"column":64},"end":{"line":21,"column":2}},"8":{"start":{"line":12,"column":16},"end":{"line":12,"column":33}},"9":{"start":{"line":13,"column":2},"end":{"line":20,"column":6}},"10":{"start":{"line":13,"column":30},"end":{"line":20,"column":4}},"11":{"start":{"line":11,"column":13},"end":{"line":11,"column":27}},"12":{"start":{"line":23,"column":29},"end":{"line":47,"column":2}},"13":{"start":{"line":25,"column":21},"end":{"line":47,"column":2}},"14":{"start":{"line":26,"column":58},"end":{"line":26,"column":66}},"15":{"start":{"line":29,"column":15},"end":{"line":29,"column":39}},"16":{"start":{"line":30,"column":2},"end":{"line":32,"column":3}},"17":{"start":{"line":31,"column":4},"end":{"line":31,"column":55}},"18":{"start":{"line":33,"column":25},"end":{"line":33,"column":58}},"19":{"start":{"line":35,"column":18},"end":{"line":42,"column":4}},"20":{"start":{"line":44,"column":2},"end":{"line":44,"column":23}},"21":{"start":{"line":46,"column":2},"end":{"line":46,"column":37}},"22":{"start":{"line":23,"column":13},"end":{"line":23,"column":29}},"23":{"start":{"line":49,"column":27},"end":{"line":67,"column":2}},"24":{"start":{"line":51,"column":35},"end":{"line":67,"column":2}},"25":{"start":{"line":52,"column":15},"end":{"line":52,"column":38}},"26":{"start":{"line":53,"column":2},"end":{"line":55,"column":3}},"27":{"start":{"line":54,"column":4},"end":{"line":54,"column":16}},"28":{"start":{"line":57,"column":38},"end":{"line":64,"column":4}},"29":{"start":{"line":66,"column":2},"end":{"line":66,"column":22}},"30":{"start":{"line":49,"column":13},"end":{"line":49,"column":27}},"31":{"start":{"line":69,"column":25},"end":{"line":93,"column":2}},"32":{"start":{"line":72,"column":32},"end":{"line":93,"column":2}},"33":{"start":{"line":73,"column":15},"end":{"line":73,"column":44}},"34":{"start":{"line":74,"column":2},"end":{"line":76,"column":3}},"35":{"start":{"line":75,"column":4},"end":{"line":75,"column":39}},"36":{"start":{"line":78,"column":18},"end":{"line":78,"column":63}},"37":{"start":{"line":79,"column":2},"end":{"line":81,"column":3}},"38":{"start":{"line":80,"column":4},"end":{"line":80,"column":39}},"39":{"start":{"line":84,"column":16},"end":{"line":89,"column":null}},"40":{"start":{"line":92,"column":2},"end":{"line":92,"column":19}},"41":{"start":{"line":69,"column":13},"end":{"line":69,"column":25}},"42":{"start":{"line":96,"column":13},"end":{"line":96,"column":33}}},"fnMap":{"0":{"name":"(anonymous_8)","decl":{"start":{"line":11,"column":27},"end":{"line":11,"column":62}},"loc":{"start":{"line":11,"column":64},"end":{"line":21,"column":2}}},"1":{"name":"(anonymous_9)","decl":{"start":{"line":11,"column":64},"end":{"line":11,"column":null}},"loc":{"start":{"line":11,"column":64},"end":{"line":21,"column":1}}},"2":{"name":"(anonymous_10)","decl":{"start":{"line":13,"column":19},"end":{"line":13,"column":20}},"loc":{"start":{"line":13,"column":30},"end":{"line":20,"column":4}}},"3":{"name":"(anonymous_11)","decl":{"start":{"line":23,"column":29},"end":{"line":23,"column":null}},"loc":{"start":{"line":25,"column":21},"end":{"line":47,"column":2}}},"4":{"name":"(anonymous_12)","decl":{"start":{"line":25,"column":21},"end":{"line":25,"column":null}},"loc":{"start":{"line":25,"column":21},"end":{"line":47,"column":1}}},"5":{"name":"(anonymous_13)","decl":{"start":{"line":49,"column":27},"end":{"line":49,"column":null}},"loc":{"start":{"line":51,"column":35},"end":{"line":67,"column":2}}},"6":{"name":"(anonymous_14)","decl":{"start":{"line":51,"column":35},"end":{"line":51,"column":null}},"loc":{"start":{"line":51,"column":35},"end":{"line":67,"column":1}}},"7":{"name":"(anonymous_15)","decl":{"start":{"line":69,"column":25},"end":{"line":69,"column":null}},"loc":{"start":{"line":72,"column":32},"end":{"line":93,"column":2}}},"8":{"name":"(anonymous_16)","decl":{"start":{"line":72,"column":32},"end":{"line":72,"column":null}},"loc":{"start":{"line":72,"column":32},"end":{"line":93,"column":1}}}},"branchMap":{"0":{"loc":{"start":{"line":9,"column":18},"end":{"line":9,"column":61}},"type":"binary-expr","locations":[{"start":{"line":9,"column":18},"end":{"line":9,"column":40}},{"start":{"line":9,"column":44},"end":{"line":9,"column":61}}]},"1":{"loc":{"start":{"line":30,"column":2},"end":{"line":32,"column":3}},"type":"if","locations":[{"start":{"line":30,"column":2},"end":{"line":32,"column":3}}]},"2":{"loc":{"start":{"line":53,"column":2},"end":{"line":55,"column":3}},"type":"if","locations":[{"start":{"line":53,"column":2},"end":{"line":55,"column":3}}]},"3":{"loc":{"start":{"line":74,"column":2},"end":{"line":76,"column":3}},"type":"if","locations":[{"start":{"line":74,"column":2},"end":{"line":76,"column":3}}]},"4":{"loc":{"start":{"line":79,"column":2},"end":{"line":81,"column":3}},"type":"if","locations":[{"start":{"line":79,"column":2},"end":{"line":81,"column":3}}]}},"s":{"0":2,"1":2,"2":2,"3":2,"4":2,"5":2,"6":2,"7":1,"8":1,"9":1,"10":2,"11":2,"12":2,"13":3,"14":3,"15":3,"16":3,"17":2,"18":1,"19":1,"20":1,"21":1,"22":2,"23":2,"24":2,"25":2,"26":2,"27":1,"28":1,"29":1,"30":2,"31":2,"32":3,"33":3,"34":3,"35":1,"36":2,"37":2,"38":1,"39":1,"40":1,"41":2,"42":2},"f":{"0":1,"1":1,"2":2,"3":3,"4":3,"5":2,"6":2,"7":3,"8":3},"b":{"0":[2,2],"1":[2],"2":[1],"3":[1],"4":[1]}}
,"/Users/sergio/Desktop/software_eng_2/main_project/se2-kiruna-explorer-19/server/src/utils/customError.ts": {"path":"/Users/sergio/Desktop/software_eng_2/main_project/se2-kiruna-explorer-19/server/src/utils/customError.ts","statementMap":{"0":{"start":{"line":6,"column":4},"end":{"line":6,"column":19}},"1":{"start":{"line":7,"column":4},"end":{"line":7,"column":25}},"2":{"start":{"line":8,"column":4},"end":{"line":8,"column":25}},"3":{"start":{"line":9,"column":4},"end":{"line":9,"column":55}},"4":{"start":{"line":1,"column":0},"end":{"line":1,"column":13}}},"fnMap":{"0":{"name":"(anonymous_0)","decl":{"start":{"line":5,"column":2},"end":{"line":5,"column":14}},"loc":{"start":{"line":5,"column":61},"end":{"line":10,"column":3}}}},"branchMap":{},"s":{"0":68,"1":68,"2":68,"3":68,"4":8},"f":{"0":68},"b":{}}
,"/Users/sergio/Desktop/software_eng_2/main_project/se2-kiruna-explorer-19/server/src/utils/errors.ts": {"path":"/Users/sergio/Desktop/software_eng_2/main_project/se2-kiruna-explorer-19/server/src/utils/errors.ts","statementMap":{"0":{"start":{"line":1,"column":0},"end":{"line":1,"column":49}},"1":{"start":{"line":3,"column":23},"end":{"line":3,"column":64}},"2":{"start":{"line":4,"column":18},"end":{"line":4,"column":38}},"3":{"start":{"line":5,"column":17},"end":{"line":5,"column":45}},"4":{"start":{"line":6,"column":20},"end":{"line":6,"column":54}},"5":{"start":{"line":7,"column":24},"end":{"line":7,"column":41}},"6":{"start":{"line":11,"column":4},"end":{"line":11,"column":39}},"7":{"start":{"line":40,"column":2},"end":{"line":40,"column":20}},"8":{"start":{"line":17,"column":4},"end":{"line":17,"column":34}},"9":{"start":{"line":41,"column":2},"end":{"line":41,"column":18}},"10":{"start":{"line":23,"column":4},"end":{"line":23,"column":33}},"11":{"start":{"line":42,"column":2},"end":{"line":42,"column":24}},"12":{"start":{"line":29,"column":4},"end":{"line":29,"column":36}},"13":{"start":{"line":43,"column":2},"end":{"line":43,"column":15}},"14":{"start":{"line":35,"column":4},"end":{"line":35,"column":40}},"15":{"start":{"line":44,"column":2},"end":{"line":44,"column":20}}},"fnMap":{"0":{"name":"(anonymous_0)","decl":{"start":{"line":10,"column":2},"end":{"line":10,"column":14}},"loc":{"start":{"line":10,"column":28},"end":{"line":12,"column":3}}},"1":{"name":"(anonymous_1)","decl":{"start":{"line":16,"column":2},"end":{"line":16,"column":14}},"loc":{"start":{"line":16,"column":28},"end":{"line":18,"column":3}}},"2":{"name":"(anonymous_2)","decl":{"start":{"line":22,"column":2},"end":{"line":22,"column":14}},"loc":{"start":{"line":22,"column":28},"end":{"line":24,"column":3}}},"3":{"name":"(anonymous_3)","decl":{"start":{"line":28,"column":2},"end":{"line":28,"column":14}},"loc":{"start":{"line":28,"column":28},"end":{"line":30,"column":3}}},"4":{"name":"(anonymous_4)","decl":{"start":{"line":34,"column":2},"end":{"line":34,"column":14}},"loc":{"start":{"line":34,"column":28},"end":{"line":36,"column":3}}}},"branchMap":{},"s":{"0":7,"1":7,"2":7,"3":7,"4":7,"5":7,"6":2,"7":7,"8":14,"9":7,"10":4,"11":7,"12":11,"13":7,"14":9,"15":7},"f":{"0":2,"1":14,"2":4,"3":11,"4":9},"b":{}}
,"/Users/sergio/Desktop/software_eng_2/main_project/se2-kiruna-explorer-19/server/src/utils/enums/doc-type.enum.ts": {"path":"/Users/sergio/Desktop/software_eng_2/main_project/se2-kiruna-explorer-19/server/src/utils/enums/doc-type.enum.ts","statementMap":{"0":{"start":{"line":8,"column":0},"end":{"line":8,"column":null}},"1":{"start":{"line":9,"column":2},"end":{"line":9,"column":null}},"2":{"start":{"line":10,"column":2},"end":{"line":10,"column":null}},"3":{"start":{"line":11,"column":2},"end":{"line":11,"column":null}},"4":{"start":{"line":12,"column":2},"end":{"line":12,"column":null}},"5":{"start":{"line":13,"column":2},"end":{"line":13,"column":null}},"6":{"start":{"line":14,"column":2},"end":{"line":14,"column":null}},"7":{"start":{"line":15,"column":2},"end":{"line":15,"column":null}},"8":{"start":{"line":16,"column":2},"end":{"line":16,"column":null}}},"fnMap":{"0":{"name":"(anonymous_0)","decl":{"start":{"line":8,"column":0},"end":{"line":8,"column":12}},"loc":{"start":{"line":8,"column":23},"end":{"line":17,"column":1}}}},"branchMap":{"0":{"loc":{"start":{"line":8,"column":12},"end":{"line":8,"column":null}},"type":"binary-expr","locations":[{"start":{"line":8,"column":12},"end":{"line":8,"column":23}},{"start":{"line":8,"column":23},"end":{"line":8,"column":null}}]}},"s":{"0":7,"1":7,"2":7,"3":7,"4":7,"5":7,"6":7,"7":7,"8":7},"f":{"0":7},"b":{"0":[7,7]}}
,"/Users/sergio/Desktop/software_eng_2/main_project/se2-kiruna-explorer-19/server/src/utils/enums/link-type.enum.ts": {"path":"/Users/sergio/Desktop/software_eng_2/main_project/se2-kiruna-explorer-19/server/src/utils/enums/link-type.enum.ts","statementMap":{"0":{"start":{"line":1,"column":0},"end":{"line":1,"column":null}},"1":{"start":{"line":2,"column":2},"end":{"line":2,"column":null}},"2":{"start":{"line":3,"column":2},"end":{"line":3,"column":null}},"3":{"start":{"line":4,"column":2},"end":{"line":4,"column":null}},"4":{"start":{"line":5,"column":2},"end":{"line":5,"column":null}}},"fnMap":{"0":{"name":"(anonymous_0)","decl":{"start":{"line":1,"column":0},"end":{"line":1,"column":12}},"loc":{"start":{"line":1,"column":24},"end":{"line":6,"column":1}}}},"branchMap":{"0":{"loc":{"start":{"line":1,"column":12},"end":{"line":1,"column":null}},"type":"binary-expr","locations":[{"start":{"line":1,"column":12},"end":{"line":1,"column":24}},{"start":{"line":1,"column":24},"end":{"line":1,"column":null}}]}},"s":{"0":5,"1":5,"2":5,"3":5,"4":5},"f":{"0":5},"b":{"0":[5,5]}}
,"/Users/sergio/Desktop/software_eng_2/main_project/se2-kiruna-explorer-19/server/src/utils/enums/scale-type-enum.ts": {"path":"/Users/sergio/Desktop/software_eng_2/main_project/se2-kiruna-explorer-19/server/src/utils/enums/scale-type-enum.ts","statementMap":{"0":{"start":{"line":1,"column":0},"end":{"line":1,"column":null}},"1":{"start":{"line":2,"column":4},"end":{"line":2,"column":null}},"2":{"start":{"line":3,"column":4},"end":{"line":3,"column":null}},"3":{"start":{"line":4,"column":4},"end":{"line":4,"column":null}},"4":{"start":{"line":5,"column":4},"end":{"line":5,"column":null}}},"fnMap":{"0":{"name":"(anonymous_0)","decl":{"start":{"line":1,"column":0},"end":{"line":1,"column":12}},"loc":{"start":{"line":1,"column":25},"end":{"line":6,"column":3}}}},"branchMap":{"0":{"loc":{"start":{"line":1,"column":12},"end":{"line":1,"column":null}},"type":"binary-expr","locations":[{"start":{"line":1,"column":12},"end":{"line":1,"column":25}},{"start":{"line":1,"column":25},"end":{"line":1,"column":null}}]}},"s":{"0":6,"1":6,"2":6,"3":6,"4":6},"f":{"0":6},"b":{"0":[6,6]}}
,"/Users/sergio/Desktop/software_eng_2/main_project/se2-kiruna-explorer-19/server/src/utils/enums/stakeholder.enum.ts": {"path":"/Users/sergio/Desktop/software_eng_2/main_project/se2-kiruna-explorer-19/server/src/utils/enums/stakeholder.enum.ts","statementMap":{"0":{"start":{"line":1,"column":0},"end":{"line":1,"column":null}},"1":{"start":{"line":2,"column":4},"end":{"line":2,"column":null}},"2":{"start":{"line":3,"column":4},"end":{"line":3,"column":null}},"3":{"start":{"line":4,"column":4},"end":{"line":4,"column":null}},"4":{"start":{"line":5,"column":4},"end":{"line":5,"column":null}},"5":{"start":{"line":6,"column":4},"end":{"line":6,"column":null}},"6":{"start":{"line":7,"column":4},"end":{"line":7,"column":null}}},"fnMap":{"0":{"name":"(anonymous_0)","decl":{"start":{"line":1,"column":0},"end":{"line":1,"column":12}},"loc":{"start":{"line":1,"column":27},"end":{"line":8,"column":3}}}},"branchMap":{"0":{"loc":{"start":{"line":1,"column":12},"end":{"line":1,"column":null}},"type":"binary-expr","locations":[{"start":{"line":1,"column":12},"end":{"line":1,"column":27}},{"start":{"line":1,"column":27},"end":{"line":1,"column":null}}]}},"s":{"0":6,"1":6,"2":6,"3":6,"4":6,"5":6,"6":6},"f":{"0":6},"b":{"0":[6,6]}}
,"/Users/sergio/Desktop/software_eng_2/main_project/se2-kiruna-explorer-19/server/src/utils/enums/user-role.enum.ts": {"path":"/Users/sergio/Desktop/software_eng_2/main_project/se2-kiruna-explorer-19/server/src/utils/enums/user-role.enum.ts","statementMap":{"0":{"start":{"line":1,"column":0},"end":{"line":1,"column":null}},"1":{"start":{"line":2,"column":2},"end":{"line":2,"column":null}},"2":{"start":{"line":3,"column":2},"end":{"line":3,"column":null}},"3":{"start":{"line":4,"column":2},"end":{"line":4,"column":null}},"4":{"start":{"line":5,"column":2},"end":{"line":5,"column":null}}},"fnMap":{"0":{"name":"(anonymous_0)","decl":{"start":{"line":1,"column":0},"end":{"line":1,"column":12}},"loc":{"start":{"line":1,"column":24},"end":{"line":6,"column":1}}}},"branchMap":{"0":{"loc":{"start":{"line":1,"column":12},"end":{"line":1,"column":null}},"type":"binary-expr","locations":[{"start":{"line":1,"column":12},"end":{"line":1,"column":24}},{"start":{"line":1,"column":24},"end":{"line":1,"column":null}}]}},"s":{"0":4,"1":4,"2":4,"3":4,"4":4},"f":{"0":4},"b":{"0":[4,4]}}
,"/Users/sergio/Desktop/software_eng_2/main_project/se2-kiruna-explorer-19/server/src/utils/validators/media.validator.ts": {"path":"/Users/sergio/Desktop/software_eng_2/main_project/se2-kiruna-explorer-19/server/src/utils/validators/media.validator.ts","statementMap":{"0":{"start":{"line":1,"column":0},"end":{"line":1,"column":48}},"1":{"start":{"line":3,"column":13},"end":{"line":29,"column":2}},"2":{"start":{"line":13,"column":23},"end":{"line":13,"column":32}},"3":{"start":{"line":31,"column":13},"end":{"line":52,"column":2}},"4":{"start":{"line":39,"column":4},"end":{"line":41,"column":5}},"5":{"start":{"line":40,"column":6},"end":{"line":40,"column":48}},"6":{"start":{"line":42,"column":4},"end":{"line":42,"column":16}},"7":{"start":{"line":50,"column":23},"end":{"line":50,"column":32}},"8":{"start":{"line":54,"column":13},"end":{"line":56,"column":2}}},"fnMap":{"0":{"name":"(anonymous_0)","decl":{"start":{"line":13,"column":12},"end":{"line":13,"column":13}},"loc":{"start":{"line":13,"column":23},"end":{"line":13,"column":32}}},"1":{"name":"(anonymous_1)","decl":{"start":{"line":38,"column":32},"end":{"line":38,"column":33}},"loc":{"start":{"line":38,"column":42},"end":{"line":43,"column":3}}},"2":{"name":"(anonymous_2)","decl":{"start":{"line":50,"column":12},"end":{"line":50,"column":13}},"loc":{"start":{"line":50,"column":23},"end":{"line":50,"column":32}}}},"branchMap":{"0":{"loc":{"start":{"line":39,"column":4},"end":{"line":41,"column":5}},"type":"if","locations":[{"start":{"line":39,"column":4},"end":{"line":41,"column":5}}]},"1":{"loc":{"start":{"line":39,"column":8},"end":{"line":39,"column":48}},"type":"binary-expr","locations":[{"start":{"line":39,"column":8},"end":{"line":39,"column":13}},{"start":{"line":39,"column":17},"end":{"line":39,"column":48}}]}},"s":{"0":1,"1":1,"2":0,"3":1,"4":0,"5":0,"6":0,"7":0,"8":1},"f":{"0":0,"1":0,"2":0},"b":{"0":[0],"1":[0,0]}}
}
