TN:
SF:src/controllers/coordinate.controllers.ts
FN:68,(anonymous_7)
FN:68,(anonymous_8)
FN:95,(anonymous_9)
FN:95,(anonymous_10)
FN:129,(anonymous_11)
FN:129,(anonymous_12)
FN:143,(anonymous_13)
FN:143,(anonymous_14)
FNF:8
FNH:6
FNDA:2,(anonymous_7)
FNDA:2,(anonymous_8)
FNDA:2,(anonymous_9)
FNDA:2,(anonymous_10)
FNDA:3,(anonymous_11)
FNDA:3,(anonymous_12)
FNDA:0,(anonymous_13)
FNDA:0,(anonymous_14)
DA:2,1
DA:3,1
DA:4,1
DA:68,2
DA:69,2
DA:70,2
DA:71,1
DA:73,1
DA:95,2
DA:96,2
DA:97,2
DA:98,1
DA:100,1
DA:129,3
DA:130,3
DA:131,3
DA:132,2
DA:133,2
DA:134,1
DA:135,1
DA:137,1
DA:139,1
DA:143,1
DA:144,0
DA:145,0
DA:146,0
DA:147,0
DA:149,0
LF:28
LH:23
BRDA:133,0,0,1
BRF:1
BRH:1
end_of_record
TN:
SF:src/controllers/document.controllers.ts
FN:103,(anonymous_7)
FN:103,(anonymous_8)
FN:128,(anonymous_9)
FN:128,(anonymous_10)
FN:160,(anonymous_11)
FN:160,(anonymous_12)
FN:201,(anonymous_13)
FN:201,(anonymous_14)
FN:305,(anonymous_15)
FN:305,(anonymous_16)
FN:321,(anonymous_17)
FN:321,(anonymous_18)
FNF:12
FNH:10
FNDA:2,(anonymous_7)
FNDA:2,(anonymous_8)
FNDA:2,(anonymous_9)
FNDA:2,(anonymous_10)
FNDA:3,(anonymous_11)
FNDA:3,(anonymous_12)
FNDA:3,(anonymous_13)
FNDA:3,(anonymous_14)
FNDA:3,(anonymous_15)
FNDA:3,(anonymous_16)
FNDA:0,(anonymous_17)
FNDA:0,(anonymous_18)
DA:2,1
DA:14,1
DA:103,2
DA:104,2
DA:105,2
DA:106,1
DA:108,1
DA:128,2
DA:129,2
DA:130,2
DA:131,1
DA:133,1
DA:160,3
DA:161,3
DA:162,3
DA:163,1
DA:164,0
DA:166,1
DA:168,2
DA:201,3
DA:202,3
DA:203,3
DA:204,2
DA:205,1
DA:207,1
DA:209,2
DA:305,3
DA:306,3
DA:308,3
DA:309,3
DA:311,2
DA:312,1
DA:315,1
DA:317,2
DA:321,1
DA:322,0
DA:323,0
DA:325,0
DA:327,0
LF:39
LH:34
BRDA:163,0,0,0
BRDA:204,1,0,1
BRDA:311,2,0,1
BRF:3
BRH:2
end_of_record
TN:
SF:src/controllers/user.controllers.ts
FN:87,(anonymous_7)
FN:91,(anonymous_8)
FN:146,(anonymous_9)
FN:150,(anonymous_10)
FN:196,(anonymous_11)
FN:200,(anonymous_12)
FN:243,(anonymous_13)
FN:247,(anonymous_14)
FN:284,(anonymous_15)
FN:284,(anonymous_16)
FN:298,(anonymous_17)
FN:298,(anonymous_18)
FNF:12
FNH:8
FNDA:2,(anonymous_7)
FNDA:2,(anonymous_8)
FNDA:2,(anonymous_9)
FNDA:2,(anonymous_10)
FNDA:2,(anonymous_11)
FNDA:2,(anonymous_12)
FNDA:2,(anonymous_13)
FNDA:2,(anonymous_14)
FNDA:0,(anonymous_15)
FNDA:0,(anonymous_16)
FNDA:0,(anonymous_17)
FNDA:0,(anonymous_18)
DA:4,1
DA:11,1
DA:87,1
DA:91,2
DA:92,2
DA:93,2
DA:94,1
DA:96,1
DA:146,1
DA:150,2
DA:151,2
DA:152,2
DA:153,1
DA:155,1
DA:196,1
DA:200,2
DA:201,2
DA:202,2
DA:203,2
DA:204,1
DA:211,1
DA:213,1
DA:243,1
DA:247,2
DA:248,2
DA:249,2
DA:250,1
DA:253,1
DA:262,1
DA:264,1
DA:284,1
DA:285,0
DA:286,0
DA:292,0
DA:294,0
DA:298,1
DA:299,0
DA:300,0
DA:301,0
DA:303,0
LF:40
LH:32
BRDA:249,0,0,1
BRF:1
BRH:1
end_of_record
TN:
SF:src/schemas/coordinate.schema.ts
FNF:0
FNH:0
DA:2,3
DA:4,3
DA:9,3
DA:28,3
DA:30,3
DA:37,3
DA:44,3
DA:45,3
DA:47,3
LF:9
LH:9
BRF:0
BRH:0
end_of_record
TN:
SF:src/schemas/document.schema.ts
FNF:0
FNH:0
DA:2,1
DA:3,1
DA:4,1
DA:8,1
DA:21,1
DA:71,1
DA:73,1
LF:7
LH:7
BRF:0
BRH:0
end_of_record
TN:
SF:src/schemas/user.schema.ts
FNF:0
FNH:0
DA:1,2
DA:3,2
DA:7,2
DA:41,2
DA:43,2
LF:5
LH:5
BRF:0
BRH:0
end_of_record
TN:
SF:src/services/coordinate.service.ts
FN:7,(anonymous_7)
FN:7,(anonymous_8)
FN:20,(anonymous_9)
FN:20,(anonymous_10)
FN:31,(anonymous_11)
FN:31,(anonymous_12)
FN:34,(anonymous_13)
FN:41,(anonymous_14)
FN:41,(anonymous_15)
FNF:9
FNH:7
FNDA:3,(anonymous_7)
FNDA:3,(anonymous_8)
FNDA:2,(anonymous_9)
FNDA:2,(anonymous_10)
FNDA:2,(anonymous_11)
FNDA:2,(anonymous_12)
FNDA:2,(anonymous_13)
FNDA:0,(anonymous_14)
FNDA:0,(anonymous_15)
DA:1,2
DA:3,2
DA:4,2
DA:7,3
DA:8,3
DA:9,3
DA:10,3
DA:11,1
DA:13,2
DA:15,1
DA:16,1
DA:20,2
DA:21,2
DA:22,2
DA:23,2
DA:24,1
DA:26,1
DA:27,1
DA:31,2
DA:32,2
DA:33,2
DA:34,2
DA:36,1
DA:37,1
DA:41,2
DA:42,0
DA:43,0
DA:46,0
DA:47,0
LF:29
LH:25
BRDA:10,0,0,1
BRF:1
BRH:1
end_of_record
TN:
SF:src/services/document.service.ts
FN:11,(anonymous_8)
FN:11,(anonymous_9)
FN:73,(anonymous_10)
FN:73,(anonymous_11)
FN:77,(anonymous_12)
FN:77,(anonymous_13)
FN:104,(anonymous_14)
FN:104,(anonymous_15)
FN:135,(anonymous_16)
FN:135,(anonymous_17)
FN:160,(anonymous_18)
FN:215,(anonymous_19)
FN:215,(anonymous_20)
FN:225,(anonymous_21)
FN:225,(anonymous_22)
FN:234,(anonymous_23)
FN:234,(anonymous_24)
FNF:17
FNH:0
FNDA:0,(anonymous_8)
FNDA:0,(anonymous_9)
FNDA:0,(anonymous_10)
FNDA:0,(anonymous_11)
FNDA:0,(anonymous_12)
FNDA:0,(anonymous_13)
FNDA:0,(anonymous_14)
FNDA:0,(anonymous_15)
FNDA:0,(anonymous_16)
FNDA:0,(anonymous_17)
FNDA:0,(anonymous_18)
FNDA:0,(anonymous_19)
FNDA:0,(anonymous_20)
FNDA:0,(anonymous_21)
FNDA:0,(anonymous_22)
FNDA:0,(anonymous_23)
FNDA:0,(anonymous_24)
DA:1,1
DA:2,1
DA:5,1
DA:7,1
DA:11,1
DA:13,0
DA:14,0
DA:15,0
DA:16,0
DA:21,0
DA:22,0
DA:23,0
DA:24,0
DA:25,0
DA:31,0
DA:32,0
DA:35,0
DA:36,0
DA:37,0
DA:39,0
DA:40,0
DA:42,0
DA:46,0
DA:51,0
DA:52,0
DA:53,0
DA:56,0
DA:57,0
DA:58,0
DA:59,0
DA:60,0
DA:63,0
DA:69,0
DA:73,1
DA:74,0
DA:77,0
DA:78,0
DA:79,0
DA:82,0
DA:83,0
DA:86,0
DA:87,0
DA:88,0
DA:89,0
DA:90,0
DA:93,0
DA:100,0
DA:104,1
DA:105,0
DA:108,0
DA:109,0
DA:113,0
DA:114,0
DA:116,0
DA:117,0
DA:120,0
DA:121,0
DA:122,0
DA:123,0
DA:124,0
DA:127,0
DA:135,1
DA:136,0
DA:141,0
DA:142,0
DA:145,0
DA:146,0
DA:147,0
DA:148,0
DA:153,0
DA:155,0
DA:156,0
DA:157,0
DA:158,0
DA:159,0
DA:160,0
DA:162,0
DA:165,0
DA:167,0
DA:168,0
DA:170,0
DA:171,0
DA:175,0
DA:181,0
DA:182,0
DA:187,0
DA:190,0
DA:193,0
DA:194,0
DA:195,0
DA:198,0
DA:199,0
DA:200,0
DA:201,0
DA:202,0
DA:205,0
DA:211,0
DA:215,1
DA:216,0
DA:217,0
DA:225,1
DA:226,0
DA:229,0
DA:230,0
DA:234,0
DA:235,0
DA:236,0
DA:237,0
DA:238,0
DA:239,0
DA:242,0
DA:243,0
DA:245,0
DA:246,0
DA:249,0
LF:115
LH:10
BRDA:13,0,0,0
BRDA:15,1,0,0
BRDA:21,2,0,0
BRDA:21,3,0,0
BRDA:21,3,1,0
BRDA:24,4,0,0
BRDA:35,5,0,0
BRDA:35,6,0,0
BRDA:35,6,1,0
BRDA:39,7,0,0
BRDA:40,8,0,0
BRDA:40,8,1,0
BRDA:52,9,0,0
BRDA:82,10,0,0
BRDA:96,11,0,0
BRDA:96,11,1,0
BRDA:108,12,0,0
BRDA:116,13,0,0
BRDA:130,14,0,0
BRDA:130,14,1,0
BRDA:141,15,0,0
BRDA:145,16,0,0
BRDA:147,17,0,0
BRDA:153,18,0,0
BRDA:153,19,0,0
BRDA:153,19,1,0
BRDA:155,20,0,0
BRDA:155,21,0,0
BRDA:155,21,1,0
BRDA:158,22,0,0
BRDA:159,23,0,0
BRDA:159,23,1,0
BRDA:159,24,0,0
BRDA:159,24,1,0
BRDA:170,25,0,0
BRDA:175,26,0,0
BRDA:175,26,1,0
BRDA:175,27,0,0
BRDA:175,27,1,0
BRDA:181,28,0,0
BRDA:181,28,1,0
BRDA:194,29,0,0
BRDA:229,30,0,0
BRDA:245,31,0,0
BRDA:252,32,0,0
BRDA:252,32,1,0
BRF:46
BRH:0
end_of_record
TN:
SF:src/services/user.service.ts
FN:11,(anonymous_8)
FN:11,(anonymous_9)
FN:13,(anonymous_10)
FN:23,(anonymous_11)
FN:25,(anonymous_12)
FN:49,(anonymous_13)
FN:51,(anonymous_14)
FN:69,(anonymous_15)
FN:72,(anonymous_16)
FN:95,(anonymous_17)
FN:95,(anonymous_18)
FNF:11
FNH:9
FNDA:1,(anonymous_8)
FNDA:1,(anonymous_9)
FNDA:2,(anonymous_10)
FNDA:3,(anonymous_11)
FNDA:3,(anonymous_12)
FNDA:2,(anonymous_13)
FNDA:2,(anonymous_14)
FNDA:3,(anonymous_15)
FNDA:3,(anonymous_16)
FNDA:0,(anonymous_17)
FNDA:0,(anonymous_18)
DA:1,2
DA:2,2
DA:3,2
DA:5,2
DA:7,2
DA:9,2
DA:11,2
DA:12,1
DA:13,2
DA:23,2
DA:25,3
DA:26,3
DA:29,3
DA:30,3
DA:31,2
DA:33,1
DA:35,1
DA:44,1
DA:46,1
DA:49,2
DA:51,2
DA:52,2
DA:53,2
DA:54,1
DA:57,1
DA:66,1
DA:69,2
DA:72,3
DA:73,3
DA:74,3
DA:75,1
DA:78,2
DA:79,2
DA:80,1
DA:84,1
DA:92,1
DA:95,2
DA:96,0
DA:97,0
LF:39
LH:37
BRDA:9,0,0,2
BRDA:9,0,1,2
BRDA:30,1,0,2
BRDA:53,2,0,1
BRDA:74,3,0,1
BRDA:79,4,0,1
BRF:6
BRH:6
end_of_record
TN:
SF:src/utils/customError.ts
FN:5,(anonymous_0)
FNF:1
FNH:1
FNDA:33,(anonymous_0)
DA:1,5
DA:6,33
DA:7,33
DA:8,33
DA:9,33
LF:5
LH:5
BRF:0
BRH:0
end_of_record
TN:
SF:src/utils/errors.ts
FN:9,(anonymous_0)
FN:15,(anonymous_1)
FN:21,(anonymous_2)
FN:27,(anonymous_3)
FNF:4
FNH:4
FNDA:2,(anonymous_0)
FNDA:5,(anonymous_1)
FNDA:4,(anonymous_2)
FNDA:4,(anonymous_3)
DA:1,5
DA:3,5
DA:4,5
DA:5,5
DA:6,5
DA:10,2
DA:16,5
DA:22,4
DA:28,4
DA:33,5
DA:34,5
DA:35,5
DA:36,5
LF:13
LH:13
BRF:0
BRH:0
end_of_record
TN:
SF:src/utils/enums/doc-type.enum.ts
FN:8,(anonymous_0)
FNF:1
FNH:1
FNDA:2,(anonymous_0)
DA:8,2
DA:9,2
DA:10,2
DA:11,2
DA:12,2
DA:13,2
DA:14,2
DA:15,2
DA:16,2
LF:9
LH:9
BRDA:8,0,0,2
BRDA:8,0,1,2
BRF:2
BRH:2
end_of_record
TN:
SF:src/utils/enums/link-type.enum.ts
FN:1,(anonymous_0)
FNF:1
FNH:1
FNDA:1,(anonymous_0)
DA:1,1
DA:2,1
DA:3,1
DA:4,1
DA:5,1
LF:5
LH:5
BRDA:1,0,0,1
BRDA:1,0,1,1
BRF:2
BRH:2
end_of_record
TN:
SF:src/utils/enums/user-role.enum.ts
FN:1,(anonymous_0)
FNF:1
FNH:1
FNDA:4,(anonymous_0)
DA:1,4
DA:2,4
DA:3,4
DA:4,4
DA:5,4
LF:5
LH:5
BRDA:1,0,0,4
BRDA:1,0,1,4
BRF:2
BRH:2
end_of_record
