TN:
SF:src/schemas/coordinate.schema.ts
FNF:0
FNH:0
DA:2,1
DA:4,1
DA:9,1
DA:28,1
DA:30,1
DA:37,1
DA:44,1
DA:45,1
DA:47,1
LF:9
LH:9
BRF:0
BRH:0
end_of_record
TN:
SF:src/schemas/document.schema.ts
FNF:0
FNH:0
DA:2,1
DA:3,1
DA:4,1
DA:8,1
DA:24,1
DA:74,1
DA:75,1
DA:76,1
DA:78,1
LF:9
LH:9
BRF:0
BRH:0
end_of_record
TN:
SF:src/schemas/media.schema.ts
FNF:0
FNH:0
DA:2,1
DA:6,1
DA:43,1
DA:44,1
LF:4
LH:4
BRF:0
BRH:0
end_of_record
TN:
SF:src/schemas/user.schema.ts
FNF:0
FNH:0
DA:1,1
DA:3,1
DA:7,1
DA:41,1
DA:43,1
LF:5
LH:5
BRF:0
BRH:0
end_of_record
TN:
SF:src/services/coordinate.service.ts
FN:10,(anonymous_8)
FN:12,(anonymous_9)
FN:25,(anonymous_10)
FN:27,(anonymous_11)
FN:38,(anonymous_12)
FN:38,(anonymous_13)
FN:42,(anonymous_14)
FN:63,(anonymous_15)
FN:63,(anonymous_16)
FNF:9
FNH:9
FNDA:3,(anonymous_8)
FNDA:3,(anonymous_9)
FNDA:2,(anonymous_10)
FNDA:2,(anonymous_11)
FNDA:2,(anonymous_12)
FNDA:2,(anonymous_13)
FNDA:2,(anonymous_14)
FNDA:3,(anonymous_15)
FNDA:3,(anonymous_16)
DA:1,1
DA:3,1
DA:4,1
DA:5,1
DA:10,1
DA:12,3
DA:13,3
DA:14,3
DA:15,3
DA:16,1
DA:18,2
DA:21,1
DA:25,1
DA:27,2
DA:28,2
DA:29,2
DA:30,2
DA:31,1
DA:34,1
DA:38,2
DA:39,2
DA:40,2
DA:41,2
DA:42,2
DA:46,1
DA:51,1
DA:63,3
DA:66,3
DA:68,3
DA:69,1
DA:74,2
DA:76,2
DA:78,1
DA:82,1
DA:84,1
LF:35
LH:35
BRDA:15,0,0,1
BRDA:68,1,0,1
BRDA:76,2,0,1
BRF:3
BRH:3
end_of_record
TN:
SF:src/services/document.service.ts
FN:12,(anonymous_8)
FN:14,(anonymous_9)
FN:77,(anonymous_10)
FN:77,(anonymous_11)
FN:82,(anonymous_12)
FN:82,(anonymous_13)
FN:110,(anonymous_14)
FN:112,(anonymous_15)
FN:142,(anonymous_16)
FN:145,(anonymous_17)
FN:148,(anonymous_18)
FN:193,(anonymous_19)
FN:193,(anonymous_20)
FN:217,(anonymous_21)
FN:220,(anonymous_22)
FN:247,(anonymous_23)
FN:309,(anonymous_24)
FN:310,(anonymous_25)
FN:322,(anonymous_26)
FN:324,(anonymous_27)
FN:334,(anonymous_28)
FN:334,(anonymous_29)
FNF:22
FNH:19
FNDA:2,(anonymous_8)
FNDA:2,(anonymous_9)
FNDA:1,(anonymous_10)
FNDA:1,(anonymous_11)
FNDA:1,(anonymous_12)
FNDA:1,(anonymous_13)
FNDA:2,(anonymous_14)
FNDA:2,(anonymous_15)
FNDA:2,(anonymous_16)
FNDA:2,(anonymous_17)
FNDA:3,(anonymous_18)
FNDA:2,(anonymous_19)
FNDA:2,(anonymous_20)
FNDA:4,(anonymous_21)
FNDA:4,(anonymous_22)
FNDA:0,(anonymous_23)
FNDA:1,(anonymous_24)
FNDA:8,(anonymous_25)
FNDA:1,(anonymous_26)
FNDA:1,(anonymous_27)
FNDA:0,(anonymous_28)
FNDA:0,(anonymous_29)
DA:1,1
DA:2,1
DA:5,1
DA:7,1
DA:8,1
DA:9,1
DA:12,1
DA:14,2
DA:16,2
DA:17,2
DA:20,2
DA:21,1
DA:26,1
DA:27,1
DA:28,1
DA:29,1
DA:30,1
DA:36,0
DA:37,0
DA:40,0
DA:41,0
DA:42,0
DA:44,0
DA:45,0
DA:47,0
DA:51,0
DA:56,0
DA:57,0
DA:58,0
DA:61,0
DA:62,0
DA:63,0
DA:64,0
DA:65,0
DA:67,0
DA:73,0
DA:77,1
DA:78,1
DA:81,1
DA:82,1
DA:83,1
DA:84,1
DA:87,1
DA:88,1
DA:91,1
DA:92,1
DA:93,1
DA:94,1
DA:95,1
DA:98,1
DA:106,1
DA:110,1
DA:112,2
DA:113,2
DA:116,2
DA:117,1
DA:121,1
DA:122,1
DA:124,1
DA:125,0
DA:128,1
DA:129,1
DA:130,1
DA:131,1
DA:132,1
DA:135,1
DA:142,1
DA:145,2
DA:147,2
DA:148,3
DA:156,2
DA:158,2
DA:159,0
DA:160,0
DA:161,0
DA:165,0
DA:166,0
DA:170,0
DA:171,0
DA:173,0
DA:174,0
DA:176,0
DA:177,0
DA:182,0
DA:183,0
DA:186,2
DA:188,2
DA:189,2
DA:190,1
DA:192,1
DA:193,2
DA:194,2
DA:195,2
DA:196,2
DA:197,2
DA:198,2
DA:200,2
DA:201,2
DA:203,2
DA:204,1
DA:207,2
DA:217,1
DA:220,4
DA:221,4
DA:226,4
DA:227,1
DA:230,3
DA:231,2
DA:234,2
DA:235,1
DA:240,2
DA:242,0
DA:243,0
DA:244,0
DA:245,0
DA:246,0
DA:248,0
DA:250,0
DA:253,0
DA:255,0
DA:256,0
DA:258,0
DA:259,0
DA:263,0
DA:269,0
DA:270,0
DA:275,0
DA:278,0
DA:281,2
DA:282,2
DA:283,2
DA:288,2
DA:289,2
DA:290,2
DA:291,2
DA:292,2
DA:294,2
DA:300,2
DA:304,1
DA:309,1
DA:310,8
DA:315,1
DA:316,0
DA:319,1
DA:322,1
DA:324,1
DA:325,1
DA:328,1
DA:329,1
DA:333,0
DA:334,0
DA:335,0
DA:336,0
DA:337,0
DA:338,0
DA:339,0
DA:342,0
DA:343,0
DA:345,0
DA:346,0
DA:349,0
LF:161
LH:98
BRDA:16,0,0,2
BRDA:20,1,0,1
BRDA:26,2,0,1
BRDA:26,3,0,1
BRDA:26,3,1,1
BRDA:29,4,0,1
BRDA:40,5,0,0
BRDA:40,6,0,0
BRDA:40,6,1,0
BRDA:44,7,0,0
BRDA:45,8,0,0
BRDA:45,8,1,0
BRDA:57,9,0,0
BRDA:87,10,0,1
BRDA:101,11,0,1
BRDA:101,11,1,0
BRDA:116,12,0,1
BRDA:124,13,0,0
BRDA:138,14,0,1
BRDA:138,14,1,1
BRDA:158,15,0,0
BRDA:160,16,0,0
BRDA:165,17,0,0
BRDA:170,18,0,0
BRDA:173,19,0,0
BRDA:176,20,0,0
BRDA:182,21,0,0
BRDA:189,22,0,1
BRDA:203,23,0,1
BRDA:210,24,0,2
BRDA:210,24,1,1
BRDA:226,25,0,1
BRDA:230,26,0,2
BRDA:234,27,0,1
BRDA:240,28,0,0
BRDA:240,29,0,2
BRDA:240,29,1,0
BRDA:242,30,0,0
BRDA:242,31,0,0
BRDA:242,31,1,0
BRDA:245,32,0,0
BRDA:246,33,0,0
BRDA:246,33,1,0
BRDA:246,34,0,0
BRDA:246,34,1,0
BRDA:258,35,0,0
BRDA:263,36,0,0
BRDA:263,36,1,0
BRDA:263,37,0,0
BRDA:263,37,1,0
BRDA:269,38,0,0
BRDA:269,38,1,0
BRDA:282,39,0,2
BRDA:315,40,0,0
BRDA:328,41,0,1
BRDA:345,42,0,0
BRDA:352,43,0,0
BRDA:352,43,1,0
BRF:58
BRH:21
end_of_record
TN:
SF:src/services/media.service.ts
FN:9,(anonymous_8)
FN:21,(anonymous_9)
FN:21,(anonymous_10)
FN:78,(anonymous_11)
FN:78,(anonymous_12)
FNF:5
FNH:3
FNDA:12,(anonymous_8)
FNDA:2,(anonymous_9)
FNDA:2,(anonymous_10)
FNDA:0,(anonymous_11)
FNDA:0,(anonymous_12)
DA:1,1
DA:3,1
DA:5,1
DA:6,1
DA:9,1
DA:10,12
DA:11,3
DA:12,9
DA:13,1
DA:14,8
DA:15,3
DA:17,5
DA:21,2
DA:22,2
DA:24,2
DA:27,2
DA:36,2
DA:45,2
DA:46,1
DA:50,1
DA:51,1
DA:54,1
DA:66,1
DA:69,1
DA:72,1
DA:73,1
DA:78,1
DA:79,0
DA:81,0
DA:82,0
DA:85,0
DA:87,0
DA:88,0
DA:91,0
DA:97,0
DA:98,0
LF:36
LH:27
BRDA:10,0,0,3
BRDA:10,0,1,9
BRDA:12,1,0,1
BRDA:12,1,1,8
BRDA:14,2,0,3
BRDA:14,2,1,5
BRDA:32,3,0,2
BRDA:32,3,1,0
BRDA:45,4,0,1
BRDA:81,5,0,0
BRDA:87,6,0,0
BRDA:97,7,0,0
BRF:12
BRH:8
end_of_record
TN:
SF:src/services/user.service.ts
FN:11,(anonymous_8)
FN:11,(anonymous_9)
FN:13,(anonymous_10)
FN:23,(anonymous_11)
FN:25,(anonymous_12)
FN:49,(anonymous_13)
FN:51,(anonymous_14)
FN:69,(anonymous_15)
FN:72,(anonymous_16)
FNF:9
FNH:9
FNDA:1,(anonymous_8)
FNDA:1,(anonymous_9)
FNDA:2,(anonymous_10)
FNDA:3,(anonymous_11)
FNDA:3,(anonymous_12)
FNDA:2,(anonymous_13)
FNDA:2,(anonymous_14)
FNDA:3,(anonymous_15)
FNDA:3,(anonymous_16)
DA:1,1
DA:2,1
DA:3,1
DA:5,1
DA:7,1
DA:9,1
DA:11,1
DA:12,1
DA:13,2
DA:23,1
DA:25,3
DA:26,3
DA:29,3
DA:30,3
DA:31,2
DA:33,1
DA:35,1
DA:44,1
DA:46,1
DA:49,1
DA:51,2
DA:52,2
DA:53,2
DA:54,1
DA:57,1
DA:66,1
DA:69,1
DA:72,3
DA:73,3
DA:74,3
DA:75,1
DA:78,2
DA:79,2
DA:80,1
DA:84,1
DA:92,1
DA:96,1
LF:37
LH:37
BRDA:9,0,0,1
BRDA:9,0,1,1
BRDA:30,1,0,2
BRDA:53,2,0,1
BRDA:74,3,0,1
BRDA:79,4,0,1
BRF:6
BRH:6
end_of_record
TN:
SF:src/utils/customError.ts
FN:5,(anonymous_0)
FNF:1
FNH:1
FNDA:31,(anonymous_0)
DA:1,1
DA:6,31
DA:7,31
DA:8,31
DA:9,31
LF:5
LH:5
BRF:0
BRH:0
end_of_record
TN:
SF:src/utils/errors.ts
FN:10,(anonymous_0)
FN:16,(anonymous_1)
FN:22,(anonymous_2)
FN:28,(anonymous_3)
FN:34,(anonymous_4)
FNF:5
FNH:3
FNDA:0,(anonymous_0)
FNDA:8,(anonymous_1)
FNDA:4,(anonymous_2)
FNDA:8,(anonymous_3)
FNDA:0,(anonymous_4)
DA:1,1
DA:3,1
DA:4,1
DA:5,1
DA:6,1
DA:7,1
DA:11,0
DA:17,8
DA:23,4
DA:29,8
DA:35,0
DA:40,1
DA:41,1
DA:42,1
DA:43,1
DA:44,1
LF:16
LH:14
BRF:0
BRH:0
end_of_record
TN:
SF:src/utils/enums/doc-type.enum.ts
FN:8,(anonymous_0)
FNF:1
FNH:1
FNDA:2,(anonymous_0)
DA:8,2
DA:9,2
DA:10,2
DA:11,2
DA:12,2
DA:13,2
DA:14,2
DA:15,2
DA:16,2
LF:9
LH:9
BRDA:8,0,0,2
BRDA:8,0,1,2
BRF:2
BRH:2
end_of_record
TN:
SF:src/utils/enums/link-type.enum.ts
FN:1,(anonymous_0)
FNF:1
FNH:1
FNDA:2,(anonymous_0)
DA:1,2
DA:2,2
DA:3,2
DA:4,2
DA:5,2
LF:5
LH:5
BRDA:1,0,0,2
BRDA:1,0,1,2
BRF:2
BRH:2
end_of_record
TN:
SF:src/utils/enums/user-role.enum.ts
FN:1,(anonymous_0)
FNF:1
FNH:1
FNDA:2,(anonymous_0)
DA:1,2
DA:2,2
DA:3,2
DA:4,2
DA:5,2
LF:5
LH:5
BRDA:1,0,0,2
BRDA:1,0,1,2
BRF:2
BRH:2
end_of_record
